#
# There is insufficient memory for the Java Runtime Environment to continue.
# Native memory allocation (malloc) failed to allocate 168016 bytes for Chunk::new
# Possible reasons:
#   The system is out of physical RAM or swap space
#   In 32 bit mode, the process size limit was hit
# Possible solutions:
#   Reduce memory load on the system
#   Increase physical memory or swap space
#   Check if swap backing store is full
#   Use 64 bit Java on a 64 bit OS
#   Decrease Java heap size (-Xmx/-Xms)
#   Decrease number of Java threads
#   Decrease Java thread stack sizes (-Xss)
#   Set larger code cache with -XX:ReservedCodeCacheSize=
# This output file may be truncated or incomplete.
#
#  Out of Memory Error (allocation.cpp:390), pid=5684, tid=0x00000000000024a0
#
# JRE version: Java(TM) SE Runtime Environment (8.0_101-b13) (build 1.8.0_101-b13)
# Java VM: Java HotSpot(TM) 64-Bit Server VM (25.101-b13 mixed mode windows-amd64 compressed oops)
# Failed to write core dump. Minidumps are not enabled by default on client versions of Windows
#

---------------  T H R E A D  ---------------

Current thread (0x00000000179be000):  JavaThread "C2 CompilerThread2" daemon [_thread_in_native, id=9376, stack(0x00000000183b0000,0x00000000184b0000)]

Stack: [0x00000000183b0000,0x00000000184b0000]
[error occurred during error reporting (printing stack bounds), id 0xc0000005]

Native frames: (J=compiled Java code, j=interpreted, Vv=VM code, C=native code)


Current CompileTask:
C2:   1007 1004       4       com.android.dx.ssa.back.LivenessAnalyzer::liveOutAtStatement (61 bytes)


---------------  P R O C E S S  ---------------

Java Threads: ( => current thread )
  0x0000000017d7b800 JavaThread "pool-2-thread-4" [_thread_blocked, id=5400, stack(0x00000000193b0000,0x00000000194b0000)]
  0x0000000017d37800 JavaThread "pool-2-thread-3" [_thread_blocked, id=916, stack(0x00000000192b0000,0x00000000193b0000)]
  0x0000000017d30000 JavaThread "pool-2-thread-2" [_thread_blocked, id=9640, stack(0x00000000191b0000,0x00000000192b0000)]
  0x0000000017cbe000 JavaThread "pool-3-thread-1" [_thread_blocked, id=6884, stack(0x00000000190b0000,0x00000000191b0000)]
  0x0000000017cbb800 JavaThread "pool-2-thread-1" [_thread_blocked, id=6984, stack(0x0000000018fb0000,0x00000000190b0000)]
  0x0000000017a39800 JavaThread "Service Thread" daemon [_thread_blocked, id=3488, stack(0x00000000185b0000,0x00000000186b0000)]
  0x00000000179c5000 JavaThread "C1 CompilerThread3" daemon [_thread_blocked, id=7988, stack(0x00000000184b0000,0x00000000185b0000)]
=>0x00000000179be000 JavaThread "C2 CompilerThread2" daemon [_thread_in_native, id=9376, stack(0x00000000183b0000,0x00000000184b0000)]
  0x00000000179bc000 JavaThread "C2 CompilerThread1" daemon [_thread_in_native, id=9108, stack(0x00000000182b0000,0x00000000183b0000)]
  0x00000000179b7800 JavaThread "C2 CompilerThread0" daemon [_thread_in_native, id=7796, stack(0x00000000181b0000,0x00000000182b0000)]
  0x00000000179b6000 JavaThread "Attach Listener" daemon [_thread_blocked, id=5512, stack(0x00000000180b0000,0x00000000181b0000)]
  0x00000000179b5000 JavaThread "Signal Dispatcher" daemon [_thread_blocked, id=3008, stack(0x0000000017fb0000,0x00000000180b0000)]
  0x0000000002f5d800 JavaThread "Finalizer" daemon [_thread_blocked, id=8796, stack(0x0000000017d90000,0x0000000017e90000)]
  0x0000000015aad800 JavaThread "Reference Handler" daemon [_thread_blocked, id=9820, stack(0x0000000017890000,0x0000000017990000)]
  0x0000000002d0e000 JavaThread "main" [_thread_blocked, id=6808, stack(0x0000000002d50000,0x0000000002e50000)]

Other Threads:
  0x0000000015aa8800 VMThread [stack: 0x0000000017790000,0x0000000017890000] [id=1848]
  0x0000000017a62800 WatcherThread [stack: 0x00000000186b0000,0x00000000187b0000] [id=8624]

VM state:not at safepoint (normal execution)

VM Mutex/Monitor currently owned by a thread: None

Heap:
 PSYoungGen      total 18944K, used 11406K [0x00000000eab00000, 0x00000000ed000000, 0x0000000100000000)
  eden space 16384K, 54% used [0x00000000eab00000,0x00000000eb3a6378,0x00000000ebb00000)
  from space 2560K, 99% used [0x00000000ebb00000,0x00000000ebd7d620,0x00000000ebd80000)
  to   space 2560K, 0% used [0x00000000ecd80000,0x00000000ecd80000,0x00000000ed000000)
 ParOldGen       total 44032K, used 848K [0x00000000c0000000, 0x00000000c2b00000, 0x00000000eab00000)
  object space 44032K, 1% used [0x00000000c0000000,0x00000000c00d4278,0x00000000c2b00000)
 Metaspace       used 5870K, capacity 6770K, committed 7040K, reserved 1056768K
  class space    used 597K, capacity 618K, committed 640K, reserved 1048576K

Card table byte_map: [0x0000000012330000,0x0000000012540000] byte_map_base: 0x0000000011d30000

Marking Bits: (ParMarkBitMap*) 0x00000000724ba6d0
 Begin Bits: [0x0000000012ea0000, 0x0000000013ea0000)
 End Bits:   [0x0000000013ea0000, 0x0000000014ea0000)

Polling page: 0x0000000002c70000

CodeCache: size=245760Kb used=3976Kb max_used=3976Kb free=241783Kb
 bounds [0x0000000002f70000, 0x0000000003360000, 0x0000000011f70000]
 total_blobs=1276 nmethods=1007 adapters=182
 compilation: enabled

Compilation events (10 events):
Event: 0.978 Thread 0x00000000179be000 nmethod 997 0x0000000003342a10 code [0x0000000003342bc0, 0x00000000033433c8]
Event: 0.980 Thread 0x00000000179c5000 1000       3       com.android.dx.rop.code.Rop::isCommutative (60 bytes)
Event: 0.980 Thread 0x00000000179c5000 nmethod 1000 0x000000000332c050 code [0x000000000332c1a0, 0x000000000332c330]
Event: 0.980 Thread 0x00000000179b7800 1001       4       com.android.dx.ssa.SsaMethod::forEachInsn (36 bytes)
Event: 0.980 Thread 0x00000000179c5000 1002       3       com.android.dx.ssa.PhiTypeResolver::run (179 bytes)
Event: 0.980 Thread 0x00000000179be000 1003       4       com.android.dx.ssa.back.LivenessAnalyzer::liveInAtStatement (55 bytes)
Event: 0.981 Thread 0x00000000179c5000 nmethod 1002 0x0000000003340dd0 code [0x0000000003341060, 0x0000000003342208]
Event: 0.992 Thread 0x00000000179be000 nmethod 1003 0x0000000003345790 code [0x0000000003345920, 0x0000000003346028]
Event: 0.992 Thread 0x00000000179be000 1004       4       com.android.dx.ssa.back.LivenessAnalyzer::liveOutAtStatement (61 bytes)
Event: 0.995 Thread 0x00000000179c5000 1005       3       com.android.dx.ssa.back.LivenessAnalyzer::coInterferePhis (128 bytes)

GC Heap History (2 events):
Event: 0.604 GC heap before
{Heap before GC invocations=1 (full 0):
 PSYoungGen      total 18944K, used 16384K [0x00000000eab00000, 0x00000000ec000000, 0x0000000100000000)
  eden space 16384K, 100% used [0x00000000eab00000,0x00000000ebb00000,0x00000000ebb00000)
  from space 2560K, 0% used [0x00000000ebd80000,0x00000000ebd80000,0x00000000ec000000)
  to   space 2560K, 0% used [0x00000000ebb00000,0x00000000ebb00000,0x00000000ebd80000)
 ParOldGen       total 44032K, used 0K [0x00000000c0000000, 0x00000000c2b00000, 0x00000000eab00000)
  object space 44032K, 0% used [0x00000000c0000000,0x00000000c0000000,0x00000000c2b00000)
 Metaspace       used 5500K, capacity 6448K, committed 6528K, reserved 1056768K
  class space    used 593K, capacity 616K, committed 640K, reserved 1048576K
Event: 0.627 GC heap after
Heap after GC invocations=1 (full 0):
 PSYoungGen      total 18944K, used 2549K [0x00000000eab00000, 0x00000000ed000000, 0x0000000100000000)
  eden space 16384K, 0% used [0x00000000eab00000,0x00000000eab00000,0x00000000ebb00000)
  from space 2560K, 99% used [0x00000000ebb00000,0x00000000ebd7d620,0x00000000ebd80000)
  to   space 2560K, 0% used [0x00000000ecd80000,0x00000000ecd80000,0x00000000ed000000)
 ParOldGen       total 44032K, used 848K [0x00000000c0000000, 0x00000000c2b00000, 0x00000000eab00000)
  object space 44032K, 1% used [0x00000000c0000000,0x00000000c00d4278,0x00000000c2b00000)
 Metaspace       used 5500K, capacity 6448K, committed 6528K, reserved 1056768K
  class space    used 593K, capacity 616K, committed 640K, reserved 1048576K
}

Deoptimization events (4 events):
Event: 0.381 Thread 0x0000000002d0e000 Uncommon trap: reason=unstable_if action=reinterpret pc=0x00000000030bded4 method=java.lang.String.compareTo(Ljava/lang/String;)I @ 38
Event: 0.590 Thread 0x0000000002d0e000 Uncommon trap: reason=unstable_if action=reinterpret pc=0x00000000031827f0 method=java.util.BitSet.nextSetBit(I)I @ 87
Event: 0.593 Thread 0x0000000002d0e000 Uncommon trap: reason=unstable_if action=reinterpret pc=0x000000000317c9dc method=java.util.HashMap.getNode(ILjava/lang/Object;)Ljava/util/HashMap$Node; @ 129
Event: 0.840 Thread 0x0000000017d37800 Uncommon trap: reason=unstable_if action=reinterpret pc=0x000000000328345c method=com.android.dx.rop.cst.Constant.compareTo(Lcom/android/dx/rop/cst/Constant;)I @ 12

Internal exceptions (2 events):
Event: 0.037 Thread 0x0000000002d0e000 Exception <a 'java/lang/NoSuchMethodError': Method sun.misc.Unsafe.defineClass(Ljava/lang/String;[BII)Ljava/lang/Class; name or signature does not match> (0x00000000eab07cc0) thrown at [C:\re\workspace\8-2-build-windows-amd64-cygwin\jdk8u101\7261\hotspot\sä	"K1£?
Event: 0.037 Thread 0x0000000002d0e000 Exception <a 'java/lang/NoSuchMethodError': Method sun.misc.Unsafe.prefetchRead(Ljava/lang/Object;J)V name or signature does not match> (0x00000000eab07fa8) thrown at [C:\re\workspace\8-2-build-windows-amd64-cygwin\jdk8u101\7261\hotspot\src\share\vm\prims\

Events (10 events):
Event: 0.834 loading class java/util/DualPivotQuicksort done
Event: 0.840 Thread 0x0000000017d37800 Uncommon trap: trap_request=0xffffff65 fr.pc=0x000000000328345c
Event: 0.840 Thread 0x0000000017d37800 DEOPT PACKING pc=0x000000000328345c sp=0x00000000193ae8e0
Event: 0.840 Thread 0x0000000017d37800 DEOPT UNPACKING pc=0x0000000002fb582a sp=0x00000000193ae880 mode 2
Event: 0.871 loading class java/util/TreeMap$EntrySet
Event: 0.871 loading class java/util/TreeMap$EntrySet done
Event: 0.871 loading class java/util/TreeMap$EntryIterator
Event: 0.871 loading class java/util/TreeMap$EntryIterator done
Event: 0.871 Executing VM operation: Deoptimize
Event: 0.936 Executing VM operation: Deoptimize done


Dynamic libraries:
0x00007ff606f30000 - 0x00007ff606f67000 	C:\Program Files\Java\jdk1.8.0_101\bin\java.exe
0x00007ffa02220000 - 0x00007ffa023f1000 	C:\WINDOWS\SYSTEM32\ntdll.dll
0x00007ff9ff810000 - 0x00007ff9ff8bb000 	C:\WINDOWS\System32\KERNEL32.DLL
0x00007ff9ff4e0000 - 0x00007ff9ff6fd000 	C:\WINDOWS\System32\KERNELBASE.dll
0x00007ffa00470000 - 0x00007ffa00512000 	C:\WINDOWS\System32\ADVAPI32.dll
0x00007ff9ff8c0000 - 0x00007ff9ff95e000 	C:\WINDOWS\System32\msvcrt.dll
0x00007ffa01d10000 - 0x00007ffa01d69000 	C:\WINDOWS\System32\sechost.dll
0x00007ffa01ac0000 - 0x00007ffa01be1000 	C:\WINDOWS\System32\RPCRT4.dll
0x00007ffa01dd0000 - 0x00007ffa01f35000 	C:\WINDOWS\System32\USER32.dll
0x00007ff9fe990000 - 0x00007ff9fe9ae000 	C:\WINDOWS\System32\win32u.dll
0x00007ffa01a80000 - 0x00007ffa01ab4000 	C:\WINDOWS\System32\GDI32.dll
0x00007ff9fe9b0000 - 0x00007ff9feb32000 	C:\WINDOWS\System32\gdi32full.dll
0x00007ff9f4900000 - 0x00007ff9f4b79000 	C:\WINDOWS\WinSxS\amd64_microsoft.windows.common-controls_6595b64144ccf1df_6.0.14393.447_none_42191651c6827bb3\COMCTL32.dll
0x00007ff9ff9d0000 - 0x00007ff9ffc97000 	C:\WINDOWS\System32\combase.dll
0x00007ff9fed00000 - 0x00007ff9fedf5000 	C:\WINDOWS\System32\ucrtbase.dll
0x00007ff9fec90000 - 0x00007ff9fecfa000 	C:\WINDOWS\System32\bcryptPrimitives.dll
0x00007ffa00520000 - 0x00007ffa0054e000 	C:\WINDOWS\System32\IMM32.DLL
0x0000000072540000 - 0x0000000072612000 	C:\Program Files\Java\jdk1.8.0_101\jre\bin\msvcr100.dll
0x0000000071ca0000 - 0x000000007253a000 	C:\Program Files\Java\jdk1.8.0_101\jre\bin\server\jvm.dll
0x00007ff9ffe50000 - 0x00007ff9ffe58000 	C:\WINDOWS\System32\PSAPI.DLL
0x00007ff9fc850000 - 0x00007ff9fc873000 	C:\WINDOWS\SYSTEM32\WINMM.dll
0x00007ff9f4eb0000 - 0x00007ff9f4eba000 	C:\WINDOWS\SYSTEM32\VERSION.dll
0x00007ff9f4830000 - 0x00007ff9f4839000 	C:\WINDOWS\SYSTEM32\WSOCK32.dll
0x00007ffa00290000 - 0x00007ffa002fa000 	C:\WINDOWS\System32\WS2_32.dll
0x0000000002cd0000 - 0x0000000002cfb000 	C:\WINDOWS\SYSTEM32\WINMMBASE.dll
0x00007ff9fe940000 - 0x00007ff9fe982000 	C:\WINDOWS\System32\cfgmgr32.dll
0x0000000072960000 - 0x000000007296f000 	C:\Program Files\Java\jdk1.8.0_101\jre\bin\verify.dll
0x0000000071c70000 - 0x0000000071c99000 	C:\Program Files\Java\jdk1.8.0_101\jre\bin\java.dll
0x0000000071c50000 - 0x0000000071c66000 	C:\Program Files\Java\jdk1.8.0_101\jre\bin\zip.dll
0x00007ffa00570000 - 0x00007ffa01a79000 	C:\WINDOWS\System32\SHELL32.dll
0x00007ff9fee00000 - 0x00007ff9ff4da000 	C:\WINDOWS\System32\windows.storage.dll
0x00007ff9fe6c0000 - 0x00007ff9fe70c000 	C:\WINDOWS\System32\powrprof.dll
0x00007ffa01d70000 - 0x00007ffa01dc2000 	C:\WINDOWS\System32\shlwapi.dll
0x00007ff9fe6a0000 - 0x00007ff9fe6af000 	C:\WINDOWS\System32\kernel.appcore.dll
0x00007ff9febe0000 - 0x00007ff9fec89000 	C:\WINDOWS\System32\shcore.dll
0x00007ff9fe680000 - 0x00007ff9fe694000 	C:\WINDOWS\System32\profapi.dll

VM Arguments:
jvm_args: -Djava.awt.headless=true -Xmx1024M -Dfile.encoding=windows-1252 -Duser.country=FR -Duser.language=fr -Duser.variant 
java_command: com.android.dx.command.Main --dex --force-jumbo --num-threads=4 --multi-dex --output C:\EPSI\B3\Java\Sudoku\app\build\intermediates\transforms\dex\debug\folders\1000\10\internal_impl-23.4.0_fe8613f1806b13fe44579ebd08a2801bb7e9c0d8 C:\EPSI\B3\Java\Sudoku\app\build\intermediates\exploded-aar\com.android.support\support-v4\23.4.0\jars\libs\internal_impl-23.4.0.jar
java_class_path (initial): C:\Program Files\Android\build-tools\25.0.2\lib\dx.jar
Launcher Type: SUN_STANDARD

Environment Variables:
PATH=C:\ProgramData\Oracle\Java\javapath;C:\WINDOWS\system32;C:\WINDOWS;C:\WINDOWS\System32\Wbem;C:\WINDOWS\System32\WindowsPowerShell\v1.0\;C:\Program Files (x86)\Skype\Phone\;C:\Program Files\Microsoft SQL Server\120\Tools\Binn\;C:\Program Files\Git\cmd;C:\Program Files\Microsoft SQL Server\Client SDK\ODBC\110\Tools\Binn\;C:\Program Files (x86)\Microsoft SQL Server\130\Tools\Binn\;C:\Program Files\Microsoft SQL Server\130\Tools\Binn\;C:\Program Files\Microsoft SQL Server\130\DTS\Binn\;C:\Program Files (x86)\Microsoft SQL Server\130\Tools\Binn\ManagementStudio\;C:\Program Files (x86)\Microsoft SQL Server\130\DTS\Binn\;C:\Users\zedyfis\.dnx\bin;C:\Program Files\Microsoft DNX\Dnvm\;C:\Program Files (x86)\Windows Kits\10\Windows Performance Toolkit\;C:\Program Files (x86)\NVIDIA Corporation\PhysX\Common;%SystemRoot%\system32;%SystemRoot%;%SystemRoot%\System32\Wbem;%SYSTEMROOT%\System32\WindowsPowerShell\v1.0\;C:\Program Files\Java\jdk1.8.0_101\bin\;C:\Program Files (x86)\Nmap
USERNAME=zedyfis
OS=Windows_NT
PROCESSOR_IDENTIFIER=Intel64 Family 6 Model 60 Stepping 3, GenuineIntel



---------------  S Y S T E M  ---------------

OS: Windows 10.0 , 64 bit Build 14393 (10.0.14393.0)

CPU:total 8 (4 cores per cpu, 2 threads per core) family 6 model 60 stepping 3, cmov, cx8, fxsr, mmx, sse, sse2, sse3, ssse3, sse4.1, sse4.2, popcnt, avx, avx2, aes, clmul, erms, lzcnt, ht, tsc, tscinvbit, bmi1, bmi2

Memory: 4k page, physical 4112628k(183880k free), swap 5544180k(3196k free)

vm_info: Java HotSpot(TM) 64-Bit Server VM (25.101-b13) for windows-amd64 JRE (1.8.0_101-b13), built on Jun 22 2016 01:21:29 by "java_re" with MS VC++ 10.0 (VS2010)

time: Mon Feb 06 20:41:30 2017
elapsed time: 1 seconds (0d 0h 0m 1s)

