#
# There is insufficient memory for the Java Runtime Environment to continue.
# Native memory allocation (malloc) failed to allocate 332176 bytes for Chunk::new
# Possible reasons:
#   The system is out of physical RAM or swap space
#   In 32 bit mode, the process size limit was hit
# Possible solutions:
#   Reduce memory load on the system
#   Increase physical memory or swap space
#   Check if swap backing store is full
#   Use 64 bit Java on a 64 bit OS
#   Decrease Java heap size (-Xmx/-Xms)
#   Decrease number of Java threads
#   Decrease Java thread stack sizes (-Xss)
#   Set larger code cache with -XX:ReservedCodeCacheSize=
# This output file may be truncated or incomplete.
#
#  Out of Memory Error (allocation.cpp:390), pid=8776, tid=0x0000000000000c98
#
# JRE version: Java(TM) SE Runtime Environment (8.0_101-b13) (build 1.8.0_101-b13)
# Java VM: Java HotSpot(TM) 64-Bit Server VM (25.101-b13 mixed mode windows-amd64 compressed oops)
# Failed to write core dump. Minidumps are not enabled by default on client versions of Windows
#

---------------  T H R E A D  ---------------

Current thread (0x0000000016fe0000):  JavaThread "C2 CompilerThread2" daemon [_thread_in_native, id=3224, stack(0x0000000017970000,0x0000000017a70000)]

Stack: [0x0000000017970000,0x0000000017a70000]
[error occurred during error reporting (printing stack bounds), id 0xc0000005]

Native frames: (J=compiled Java code, j=interpreted, Vv=VM code, C=native code)


Current CompileTask:
C2:   1126 1065       4       com.android.dx.ssa.SCCP::simulateStmt (481 bytes)


---------------  P R O C E S S  ---------------

Java Threads: ( => current thread )
  0x00000000172f2800 JavaThread "pool-2-thread-4" [_thread_in_vm, id=7332, stack(0x0000000018970000,0x0000000018a70000)]
  0x00000000172f3800 JavaThread "pool-2-thread-3" [_thread_blocked, id=5800, stack(0x0000000018870000,0x0000000018970000)]
  0x0000000017320800 JavaThread "pool-2-thread-2" [_thread_blocked, id=2536, stack(0x0000000018770000,0x0000000018870000)]
  0x0000000017314800 JavaThread "pool-3-thread-1" [_thread_blocked, id=5440, stack(0x0000000018670000,0x0000000018770000)]
  0x0000000017256000 JavaThread "pool-2-thread-1" [_thread_blocked, id=11132, stack(0x0000000018570000,0x0000000018670000)]
  0x0000000017034000 JavaThread "Service Thread" daemon [_thread_blocked, id=7996, stack(0x0000000017b70000,0x0000000017c70000)]
  0x0000000016fe4000 JavaThread "C1 CompilerThread3" daemon [_thread_in_native, id=5412, stack(0x0000000017a70000,0x0000000017b70000)]
=>0x0000000016fe0000 JavaThread "C2 CompilerThread2" daemon [_thread_in_native, id=3224, stack(0x0000000017970000,0x0000000017a70000)]
  0x0000000016fdb800 JavaThread "C2 CompilerThread1" daemon [_thread_in_native, id=9392, stack(0x0000000017870000,0x0000000017970000)]
  0x0000000016f8a000 JavaThread "C2 CompilerThread0" daemon [_thread_in_native, id=10232, stack(0x0000000017770000,0x0000000017870000)]
  0x0000000016f89000 JavaThread "Attach Listener" daemon [_thread_blocked, id=10476, stack(0x0000000017670000,0x0000000017770000)]
  0x0000000016f88000 JavaThread "Signal Dispatcher" daemon [_thread_blocked, id=732, stack(0x0000000017570000,0x0000000017670000)]
  0x0000000002559000 JavaThread "Finalizer" daemon [_thread_blocked, id=4996, stack(0x0000000017360000,0x0000000017460000)]
  0x000000001507d800 JavaThread "Reference Handler" daemon [_thread_blocked, id=8564, stack(0x0000000016e60000,0x0000000016f60000)]
  0x0000000000bde000 JavaThread "main" [_thread_blocked, id=9412, stack(0x0000000002360000,0x0000000002460000)]

Other Threads:
  0x0000000015079000 VMThread [stack: 0x0000000016d60000,0x0000000016e60000] [id=10748]
  0x0000000016ff5800 WatcherThread [stack: 0x0000000017c70000,0x0000000017d70000] [id=10652]

VM state:not at safepoint (normal execution)

VM Mutex/Monitor currently owned by a thread:  ([mutex/lock_event])
[0x0000000002461150] MethodData_lock - owner thread: 0x00000000172f2800

Heap:
 PSYoungGen      total 35328K, used 15879K [0x00000000eab00000, 0x00000000ed000000, 0x0000000100000000)
  eden space 32768K, 40% used [0x00000000eab00000,0x00000000eb801fb0,0x00000000ecb00000)
  from space 2560K, 99% used [0x00000000ecd80000,0x00000000ecfffdc8,0x00000000ed000000)
  to   space 2560K, 0% used [0x00000000ecb00000,0x00000000ecb00000,0x00000000ecd80000)
 ParOldGen       total 44032K, used 2484K [0x00000000c0000000, 0x00000000c2b00000, 0x00000000eab00000)
  object space 44032K, 5% used [0x00000000c0000000,0x00000000c026d150,0x00000000c2b00000)
 Metaspace       used 6010K, capacity 6898K, committed 7040K, reserved 1056768K
  class space    used 602K, capacity 618K, committed 640K, reserved 1048576K

Card table byte_map: [0x0000000011920000,0x0000000011b30000] byte_map_base: 0x0000000011320000

Marking Bits: (ParMarkBitMap*) 0x00000000724ba6d0
 Begin Bits: [0x0000000012490000, 0x0000000013490000)
 End Bits:   [0x0000000013490000, 0x0000000014490000)

Polling page: 0x0000000000b80000

CodeCache: size=245760Kb used=4028Kb max_used=4028Kb free=241731Kb
 bounds [0x0000000002560000, 0x0000000002960000, 0x0000000011560000]
 total_blobs=1368 nmethods=1099 adapters=182
 compilation: enabled

Compilation events (10 events):
Event: 1.039 Thread 0x0000000016f8a000 nmethod 1100 0x0000000002947790 code [0x0000000002947900, 0x0000000002947a88]
Event: 1.039 Thread 0x0000000016f8a000 1070       4       com.android.dx.ssa.back.LivenessAnalyzer::liveOutAtBlock (68 bytes)
Event: 1.040 Thread 0x0000000016fe4000 nmethod 1050 0x000000000294ed90 code [0x000000000294f0c0, 0x0000000002950fd8]
Event: 1.040 Thread 0x0000000016fe4000 1115       3       com.android.dx.rop.code.BasicBlockList::forEachInsn (39 bytes)
Event: 1.041 Thread 0x0000000016fe4000 nmethod 1115 0x000000000294dad0 code [0x000000000294dcc0, 0x000000000294e8a8]
Event: 1.041 Thread 0x0000000016fe4000 1117       3       com.android.dx.util.IntList::mutableCopy (39 bytes)
Event: 1.041 Thread 0x0000000016fe4000 nmethod 1117 0x000000000294d410 code [0x000000000294d5a0, 0x000000000294d918]
Event: 1.041 Thread 0x0000000016fe4000 1119       3       java.util.HashMap::resize (359 bytes)
Event: 1.042 Thread 0x0000000016fe4000 nmethod 1119 0x0000000002951c50 code [0x0000000002951ea0, 0x00000000029530c8]
Event: 1.042 Thread 0x0000000016fe4000 1122   !   3       com.android.dx.cf.code.Ropper::processBlock (1101 bytes)

GC Heap History (4 events):
Event: 0.409 GC heap before
{Heap before GC invocations=1 (full 0):
 PSYoungGen      total 18944K, used 16384K [0x00000000eab00000, 0x00000000ec000000, 0x0000000100000000)
  eden space 16384K, 100% used [0x00000000eab00000,0x00000000ebb00000,0x00000000ebb00000)
  from space 2560K, 0% used [0x00000000ebd80000,0x00000000ebd80000,0x00000000ec000000)
  to   space 2560K, 0% used [0x00000000ebb00000,0x00000000ebb00000,0x00000000ebd80000)
 ParOldGen       total 44032K, used 0K [0x00000000c0000000, 0x00000000c2b00000, 0x00000000eab00000)
  object space 44032K, 0% used [0x00000000c0000000,0x00000000c0000000,0x00000000c2b00000)
 Metaspace       used 3933K, capacity 5040K, committed 5120K, reserved 1056768K
  class space    used 441K, capacity 488K, committed 512K, reserved 1048576K
Event: 0.415 GC heap after
Heap after GC invocations=1 (full 0):
 PSYoungGen      total 18944K, used 1492K [0x00000000eab00000, 0x00000000ed000000, 0x0000000100000000)
  eden space 16384K, 0% used [0x00000000eab00000,0x00000000eab00000,0x00000000ebb00000)
  from space 2560K, 58% used [0x00000000ebb00000,0x00000000ebc75250,0x00000000ebd80000)
  to   space 2560K, 0% used [0x00000000ecd80000,0x00000000ecd80000,0x00000000ed000000)
 ParOldGen       total 44032K, used 8K [0x00000000c0000000, 0x00000000c2b00000, 0x00000000eab00000)
  object space 44032K, 0% used [0x00000000c0000000,0x00000000c0002000,0x00000000c2b00000)
 Metaspace       used 3933K, capacity 5040K, committed 5120K, reserved 1056768K
  class space    used 441K, capacity 488K, committed 512K, reserved 1048576K
}
Event: 0.850 GC heap before
{Heap before GC invocations=2 (full 0):
 PSYoungGen      total 18944K, used 17876K [0x00000000eab00000, 0x00000000ed000000, 0x0000000100000000)
  eden space 16384K, 100% used [0x00000000eab00000,0x00000000ebb00000,0x00000000ebb00000)
  from space 2560K, 58% used [0x00000000ebb00000,0x00000000ebc75250,0x00000000ebd80000)
  to   space 2560K, 0% used [0x00000000ecd80000,0x00000000ecd80000,0x00000000ed000000)
 ParOldGen       total 44032K, used 8K [0x00000000c0000000, 0x00000000c2b00000, 0x00000000eab00000)
  object space 44032K, 0% used [0x00000000c0000000,0x00000000c0002000,0x00000000c2b00000)
 Metaspace       used 5861K, capacity 6768K, committed 7040K, reserved 1056768K
  class space    used 600K, capacity 616K, committed 640K, reserved 1048576K
Event: 0.861 GC heap after
Heap after GC invocations=2 (full 0):
 PSYoungGen      total 35328K, used 2559K [0x00000000eab00000, 0x00000000ed000000, 0x0000000100000000)
  eden space 32768K, 0% used [0x00000000eab00000,0x00000000eab00000,0x00000000ecb00000)
  from space 2560K, 99% used [0x00000000ecd80000,0x00000000ecfffdc8,0x00000000ed000000)
  to   space 2560K, 0% used [0x00000000ecb00000,0x00000000ecb00000,0x00000000ecd80000)
 ParOldGen       total 44032K, used 2484K [0x00000000c0000000, 0x00000000c2b00000, 0x00000000eab00000)
  object space 44032K, 5% used [0x00000000c0000000,0x00000000c026d150,0x00000000c2b00000)
 Metaspace       used 5861K, capacity 6768K, committed 7040K, reserved 1056768K
  class space    used 600K, capacity 616K, committed 640K, reserved 1048576K
}

Deoptimization events (6 events):
Event: 0.221 Thread 0x0000000000bde000 Uncommon trap: reason=unstable_if action=reinterpret pc=0x00000000026bb7d4 method=java.lang.String.compareTo(Ljava/lang/String;)I @ 38
Event: 0.683 Thread 0x00000000172f3800 Uncommon trap: reason=unstable_if action=reinterpret pc=0x0000000002783b04 method=java.util.HashMap.getNode(ILjava/lang/Object;)Ljava/util/HashMap$Node; @ 62
Event: 0.783 Thread 0x00000000172f2800 Uncommon trap: reason=unstable_if action=reinterpret pc=0x000000000279a370 method=java.util.HashMap.getNode(ILjava/lang/Object;)Ljava/util/HashMap$Node; @ 62
Event: 0.837 Thread 0x0000000017256000 Uncommon trap: reason=class_check action=maybe_recompile pc=0x000000000286bca8 method=com.android.dx.rop.type.Type.equals(Ljava/lang/Object;)Z @ 8
Event: 0.838 Thread 0x0000000017256000 Uncommon trap: reason=null_check action=make_not_entrant pc=0x000000000286bcb8 method=com.android.dx.rop.type.Type.equals(Ljava/lang/Object;)Z @ 8
Event: 0.840 Thread 0x0000000017256000 Uncommon trap: reason=unstable_if action=reinterpret pc=0x0000000002780530 method=java.util.BitSet.nextSetBit(I)I @ 87

Internal exceptions (3 events):
Event: 0.034 Thread 0x0000000000bde000 Exception <a 'java/lang/NoSuchMethodError': Method sun.misc.Unsafe.defineClass(Ljava/lang/String;[BII)Ljava/lang/Class; name or signature does not match> (0x00000000eab07cc0) thrown at [C:\re\workspace\8-2-build-windows-amd64-cygwin\jdk8u101\7261\hotspot\sEºhÉU°?
Event: 0.034 Thread 0x0000000000bde000 Exception <a 'java/lang/NoSuchMethodError': Method sun.misc.Unsafe.prefetchRead(Ljava/lang/Object;J)V name or signature does not match> (0x00000000eab07fa8) thrown at [C:\re\workspace\8-2-build-windows-amd64-cygwin\jdk8u101\7261\hotspot\src\share\vm\prims\T„AHˇ”Í?
Event: 0.838 Thread 0x0000000017256000 Implicit null exception at 0x000000000286bba2 to 0x000000000286bca9

Events (10 events):
Event: 0.840 Thread 0x0000000017256000 DEOPT PACKING pc=0x0000000002780530 sp=0x000000001866ed10
Event: 0.840 Thread 0x0000000017256000 DEOPT UNPACKING pc=0x00000000025a582a sp=0x000000001866eca8 mode 2
Event: 0.849 Executing VM operation: ParallelGCFailedAllocation
Event: 0.861 Executing VM operation: ParallelGCFailedAllocation done
Event: 0.888 loading class com/android/dx/cf/code/Ropper$ExceptionHandlerSetup
Event: 0.888 loading class com/android/dx/cf/code/Ropper$ExceptionHandlerSetup done
Event: 0.892 loading class java/util/HashMap$Values
Event: 0.893 loading class java/util/HashMap$Values done
Event: 0.893 loading class java/util/HashMap$ValueIterator
Event: 0.893 loading class java/util/HashMap$ValueIterator done


Dynamic libraries:
0x00007ff606f30000 - 0x00007ff606f67000 	C:\Program Files\Java\jdk1.8.0_101\bin\java.exe
0x00007ffa02220000 - 0x00007ffa023f1000 	C:\WINDOWS\SYSTEM32\ntdll.dll
0x00007ff9ff810000 - 0x00007ff9ff8bb000 	C:\WINDOWS\System32\KERNEL32.DLL
0x00007ff9ff4e0000 - 0x00007ff9ff6fd000 	C:\WINDOWS\System32\KERNELBASE.dll
0x00007ffa00470000 - 0x00007ffa00512000 	C:\WINDOWS\System32\ADVAPI32.dll
0x00007ff9ff8c0000 - 0x00007ff9ff95e000 	C:\WINDOWS\System32\msvcrt.dll
0x00007ffa01d10000 - 0x00007ffa01d69000 	C:\WINDOWS\System32\sechost.dll
0x00007ffa01ac0000 - 0x00007ffa01be1000 	C:\WINDOWS\System32\RPCRT4.dll
0x00007ffa01dd0000 - 0x00007ffa01f35000 	C:\WINDOWS\System32\USER32.dll
0x00007ff9fe990000 - 0x00007ff9fe9ae000 	C:\WINDOWS\System32\win32u.dll
0x00007ffa01a80000 - 0x00007ffa01ab4000 	C:\WINDOWS\System32\GDI32.dll
0x00007ff9fe9b0000 - 0x00007ff9feb32000 	C:\WINDOWS\System32\gdi32full.dll
0x00007ff9f4900000 - 0x00007ff9f4b79000 	C:\WINDOWS\WinSxS\amd64_microsoft.windows.common-controls_6595b64144ccf1df_6.0.14393.447_none_42191651c6827bb3\COMCTL32.dll
0x00007ff9ff9d0000 - 0x00007ff9ffc97000 	C:\WINDOWS\System32\combase.dll
0x00007ff9fed00000 - 0x00007ff9fedf5000 	C:\WINDOWS\System32\ucrtbase.dll
0x00007ff9fec90000 - 0x00007ff9fecfa000 	C:\WINDOWS\System32\bcryptPrimitives.dll
0x00007ffa00520000 - 0x00007ffa0054e000 	C:\WINDOWS\System32\IMM32.DLL
0x0000000072540000 - 0x0000000072612000 	C:\Program Files\Java\jdk1.8.0_101\jre\bin\msvcr100.dll
0x0000000071ca0000 - 0x000000007253a000 	C:\Program Files\Java\jdk1.8.0_101\jre\bin\server\jvm.dll
0x00007ff9ffe50000 - 0x00007ff9ffe58000 	C:\WINDOWS\System32\PSAPI.DLL
0x00007ff9f4830000 - 0x00007ff9f4839000 	C:\WINDOWS\SYSTEM32\WSOCK32.dll
0x00007ff9fc850000 - 0x00007ff9fc873000 	C:\WINDOWS\SYSTEM32\WINMM.dll
0x00007ff9f4eb0000 - 0x00007ff9f4eba000 	C:\WINDOWS\SYSTEM32\VERSION.dll
0x00007ffa00290000 - 0x00007ffa002fa000 	C:\WINDOWS\System32\WS2_32.dll
0x00007ff9fc790000 - 0x00007ff9fc7bb000 	C:\WINDOWS\SYSTEM32\winmmbase.dll
0x00007ff9fe940000 - 0x00007ff9fe982000 	C:\WINDOWS\System32\cfgmgr32.dll
0x0000000072960000 - 0x000000007296f000 	C:\Program Files\Java\jdk1.8.0_101\jre\bin\verify.dll
0x0000000071c70000 - 0x0000000071c99000 	C:\Program Files\Java\jdk1.8.0_101\jre\bin\java.dll
0x0000000071c50000 - 0x0000000071c66000 	C:\Program Files\Java\jdk1.8.0_101\jre\bin\zip.dll
0x00007ffa00570000 - 0x00007ffa01a79000 	C:\WINDOWS\System32\SHELL32.dll
0x00007ff9fee00000 - 0x00007ff9ff4da000 	C:\WINDOWS\System32\windows.storage.dll
0x00007ff9fe6c0000 - 0x00007ff9fe70c000 	C:\WINDOWS\System32\powrprof.dll
0x00007ffa01d70000 - 0x00007ffa01dc2000 	C:\WINDOWS\System32\shlwapi.dll
0x00007ff9fe6a0000 - 0x00007ff9fe6af000 	C:\WINDOWS\System32\kernel.appcore.dll
0x00007ff9febe0000 - 0x00007ff9fec89000 	C:\WINDOWS\System32\shcore.dll
0x00007ff9fe680000 - 0x00007ff9fe694000 	C:\WINDOWS\System32\profapi.dll

VM Arguments:
jvm_args: -Djava.awt.headless=true -Xmx1024M -Dfile.encoding=windows-1252 -Duser.country=FR -Duser.language=fr -Duser.variant 
java_command: com.android.dx.command.Main --dex --force-jumbo --num-threads=4 --multi-dex --output C:\EPSI\B3\Java\Sudoku\app\build\intermediates\transforms\dex\debug\folders\1000\10\com.android.support-support-v4-23.4.0_d03ede982d4bb63aa346a3905b4cf761b54871e9 C:\EPSI\B3\Java\Sudoku\app\build\intermediates\exploded-aar\com.android.support\support-v4\23.4.0\jars\classes.jar
java_class_path (initial): C:\Program Files\Android\build-tools\25.0.2\lib\dx.jar
Launcher Type: SUN_STANDARD

Environment Variables:
PATH=C:\ProgramData\Oracle\Java\javapath;C:\WINDOWS\system32;C:\WINDOWS;C:\WINDOWS\System32\Wbem;C:\WINDOWS\System32\WindowsPowerShell\v1.0\;C:\Program Files (x86)\Skype\Phone\;C:\Program Files\Microsoft SQL Server\120\Tools\Binn\;C:\Program Files\Git\cmd;C:\Program Files\Microsoft SQL Server\Client SDK\ODBC\110\Tools\Binn\;C:\Program Files (x86)\Microsoft SQL Server\130\Tools\Binn\;C:\Program Files\Microsoft SQL Server\130\Tools\Binn\;C:\Program Files\Microsoft SQL Server\130\DTS\Binn\;C:\Program Files (x86)\Microsoft SQL Server\130\Tools\Binn\ManagementStudio\;C:\Program Files (x86)\Microsoft SQL Server\130\DTS\Binn\;C:\Users\zedyfis\.dnx\bin;C:\Program Files\Microsoft DNX\Dnvm\;C:\Program Files (x86)\Windows Kits\10\Windows Performance Toolkit\;C:\Program Files (x86)\NVIDIA Corporation\PhysX\Common;%SystemRoot%\system32;%SystemRoot%;%SystemRoot%\System32\Wbem;%SYSTEMROOT%\System32\WindowsPowerShell\v1.0\;C:\Program Files\Java\jdk1.8.0_101\bin\;C:\Program Files (x86)\Nmap
USERNAME=zedyfis
OS=Windows_NT
PROCESSOR_IDENTIFIER=Intel64 Family 6 Model 60 Stepping 3, GenuineIntel



---------------  S Y S T E M  ---------------

OS: Windows 10.0 , 64 bit Build 14393 (10.0.14393.0)

CPU:total 8 (4 cores per cpu, 2 threads per core) family 6 model 60 stepping 3, cmov, cx8, fxsr, mmx, sse, sse2, sse3, ssse3, sse4.1, sse4.2, popcnt, avx, avx2, aes, clmul, erms, lzcnt, ht, tsc, tscinvbit, bmi1, bmi2

Memory: 4k page, physical 4112628k(212540k free), swap 5544180k(3588k free)

vm_info: Java HotSpot(TM) 64-Bit Server VM (25.101-b13) for windows-amd64 JRE (1.8.0_101-b13), built on Jun 22 2016 01:21:29 by "java_re" with MS VC++ 10.0 (VS2010)

time: Mon Feb 06 23:07:55 2017
elapsed time: 1 seconds (0d 0h 0m 1s)

