#
# There is insufficient memory for the Java Runtime Environment to continue.
# Native memory allocation (malloc) failed to allocate 32744 bytes for ChunkPool::allocate
# Possible reasons:
#   The system is out of physical RAM or swap space
#   In 32 bit mode, the process size limit was hit
# Possible solutions:
#   Reduce memory load on the system
#   Increase physical memory or swap space
#   Check if swap backing store is full
#   Use 64 bit Java on a 64 bit OS
#   Decrease Java heap size (-Xmx/-Xms)
#   Decrease number of Java threads
#   Decrease Java thread stack sizes (-Xss)
#   Set larger code cache with -XX:ReservedCodeCacheSize=
# This output file may be truncated or incomplete.
#
#  Out of Memory Error (allocation.cpp:273), pid=4980, tid=0x0000000000000380
#
# JRE version: Java(TM) SE Runtime Environment (8.0_101-b13) (build 1.8.0_101-b13)
# Java VM: Java HotSpot(TM) 64-Bit Server VM (25.101-b13 mixed mode windows-amd64 compressed oops)
# Failed to write core dump. Minidumps are not enabled by default on client versions of Windows
#

---------------  T H R E A D  ---------------

Current thread (0x0000000016fac800):  JavaThread "C2 CompilerThread0" daemon [_thread_in_native, id=896, stack(0x0000000017790000,0x0000000017890000)]

Stack: [0x0000000017790000,0x0000000017890000]
[error occurred during error reporting (printing stack bounds), id 0xc0000005]

Native frames: (J=compiled Java code, j=interpreted, Vv=VM code, C=native code)


Current CompileTask:
C2:   6221 1965       4       com.android.dx.cf.code.Simulator$SimVisitor::visitConstant (332 bytes)


---------------  P R O C E S S  ---------------

Java Threads: ( => current thread )
  0x0000000017e35800 JavaThread "pool-1-thread-4" [_thread_blocked, id=6792, stack(0x0000000018990000,0x0000000018a90000)]
  0x00000000172ea000 JavaThread "pool-1-thread-3" [_thread_blocked, id=4296, stack(0x0000000018890000,0x0000000018990000)]
  0x0000000017d9c800 JavaThread "pool-1-thread-2" [_thread_blocked, id=10092, stack(0x0000000018790000,0x0000000018890000)]
  0x0000000017dbf800 JavaThread "pool-2-thread-1" [_thread_blocked, id=1280, stack(0x0000000018690000,0x0000000018790000)]
  0x0000000017dbe800 JavaThread "pool-1-thread-1" [_thread_blocked, id=10428, stack(0x0000000018590000,0x0000000018690000)]
  0x000000001704a800 JavaThread "Service Thread" daemon [_thread_blocked, id=6916, stack(0x0000000017b90000,0x0000000017c90000)]
  0x0000000016fbb000 JavaThread "C1 CompilerThread3" daemon [_thread_blocked, id=10580, stack(0x0000000017a90000,0x0000000017b90000)]
  0x0000000016fb3000 JavaThread "C2 CompilerThread2" daemon [_thread_in_native, id=10928, stack(0x0000000017990000,0x0000000017a90000)]
  0x0000000016fb1000 JavaThread "C2 CompilerThread1" daemon [_thread_in_native, id=7612, stack(0x0000000017890000,0x0000000017990000)]
=>0x0000000016fac800 JavaThread "C2 CompilerThread0" daemon [_thread_in_native, id=896, stack(0x0000000017790000,0x0000000017890000)]
  0x0000000016fa7800 JavaThread "Attach Listener" daemon [_thread_blocked, id=8468, stack(0x0000000017690000,0x0000000017790000)]
  0x0000000016fa6000 JavaThread "Signal Dispatcher" daemon [_thread_blocked, id=5240, stack(0x0000000017590000,0x0000000017690000)]
  0x0000000016fa0800 JavaThread "Finalizer" daemon [_thread_blocked, id=10384, stack(0x0000000017380000,0x0000000017480000)]
  0x0000000002556000 JavaThread "Reference Handler" daemon [_thread_blocked, id=7964, stack(0x0000000016e80000,0x0000000016f80000)]
  0x0000000000b2e000 JavaThread "main" [_thread_blocked, id=10020, stack(0x0000000002280000,0x0000000002380000)]

Other Threads:
  0x0000000015078800 VMThread [stack: 0x0000000016d80000,0x0000000016e80000] [id=1484]
  0x000000001705d800 WatcherThread [stack: 0x0000000017c90000,0x0000000017d90000] [id=7820]

VM state:not at safepoint (normal execution)

VM Mutex/Monitor currently owned by a thread: None

Heap:
 PSYoungGen      total 68096K, used 53802K [0x00000000eab00000, 0x00000000f4700000, 0x0000000100000000)
  eden space 65536K, 78% used [0x00000000eab00000,0x00000000edd0fcf8,0x00000000eeb00000)
  from space 2560K, 99% used [0x00000000eeb00000,0x00000000eed7ab38,0x00000000eed80000)
  to   space 14336K, 0% used [0x00000000f3900000,0x00000000f3900000,0x00000000f4700000)
 ParOldGen       total 44032K, used 23768K [0x00000000c0000000, 0x00000000c2b00000, 0x00000000eab00000)
  object space 44032K, 53% used [0x00000000c0000000,0x00000000c17362e0,0x00000000c2b00000)
 Metaspace       used 6423K, capacity 7192K, committed 7424K, reserved 1056768K
  class space    used 626K, capacity 656K, committed 768K, reserved 1048576K

Card table byte_map: [0x0000000011920000,0x0000000011b30000] byte_map_base: 0x0000000011320000

Marking Bits: (ParMarkBitMap*) 0x00000000724ba6d0
 Begin Bits: [0x0000000012490000, 0x0000000013490000)
 End Bits:   [0x0000000013490000, 0x0000000014490000)

Polling page: 0x0000000000ae0000

CodeCache: size=245760Kb used=9104Kb max_used=9121Kb free=236655Kb
 bounds [0x0000000002560000, 0x0000000002e60000, 0x0000000011560000]
 total_blobs=2212 nmethods=1942 adapters=182
 compilation: enabled

Compilation events (10 events):
Event: 5.951 Thread 0x0000000016fb1000 nmethod 1970% 0x0000000002e40b90 code [0x0000000002e40f20, 0x0000000002e43fe8]
Event: 5.951 Thread 0x0000000016fb1000 1988       4       com.android.dx.ssa.SsaConverter::placePhiFunctions (394 bytes)
Event: 6.060 Thread 0x0000000016fb3000 nmethod 1979 0x0000000002e47e10 code [0x0000000002e48100, 0x0000000002e4ad98]
Event: 6.060 Thread 0x0000000016fb3000 1989       4       com.android.dx.ssa.SCCP::addUsersToWorklist (103 bytes)
Event: 6.176 Thread 0x0000000016fbb000 2007       3       com.android.dx.util.IntList::binarysearch (124 bytes)
Event: 6.177 Thread 0x0000000016fbb000 nmethod 2007 0x0000000002e031d0 code [0x0000000002e03360, 0x0000000002e03810]
Event: 6.177 Thread 0x0000000016fb3000 nmethod 1989 0x0000000002e4df10 code [0x0000000002e4e260, 0x0000000002e505d8]
Event: 6.177 Thread 0x0000000016fb3000 1994       4       java.util.ArrayList::clear (39 bytes)
Event: 6.179 Thread 0x0000000016fb3000 nmethod 1994 0x0000000002dfae10 code [0x0000000002dfaf40, 0x0000000002dfb018]
Event: 6.180 Thread 0x0000000016fb3000 1998       4       com.android.dx.ssa.SsaConverter::edgeSplitSuccessors (98 bytes)

GC Heap History (10 events):
Event: 0.591 GC heap before
{Heap before GC invocations=1 (full 0):
 PSYoungGen      total 18944K, used 16384K [0x00000000eab00000, 0x00000000ec000000, 0x0000000100000000)
  eden space 16384K, 100% used [0x00000000eab00000,0x00000000ebb00000,0x00000000ebb00000)
  from space 2560K, 0% used [0x00000000ebd80000,0x00000000ebd80000,0x00000000ec000000)
  to   space 2560K, 0% used [0x00000000ebb00000,0x00000000ebb00000,0x00000000ebd80000)
 ParOldGen       total 44032K, used 0K [0x00000000c0000000, 0x00000000c2b00000, 0x00000000eab00000)
  object space 44032K, 0% used [0x00000000c0000000,0x00000000c0000000,0x00000000c2b00000)
 Metaspace       used 5555K, capacity 6512K, committed 6784K, reserved 1056768K
  class space    used 598K, capacity 616K, committed 640K, reserved 1048576K
Event: 0.614 GC heap after
Heap after GC invocations=1 (full 0):
 PSYoungGen      total 18944K, used 2528K [0x00000000eab00000, 0x00000000ed000000, 0x0000000100000000)
  eden space 16384K, 0% used [0x00000000eab00000,0x00000000eab00000,0x00000000ebb00000)
  from space 2560K, 98% used [0x00000000ebb00000,0x00000000ebd78058,0x00000000ebd80000)
  to   space 2560K, 0% used [0x00000000ecd80000,0x00000000ecd80000,0x00000000ed000000)
 ParOldGen       total 44032K, used 804K [0x00000000c0000000, 0x00000000c2b00000, 0x00000000eab00000)
  object space 44032K, 1% used [0x00000000c0000000,0x00000000c00c9288,0x00000000c2b00000)
 Metaspace       used 5555K, capacity 6512K, committed 6784K, reserved 1056768K
  class space    used 598K, capacity 616K, committed 640K, reserved 1048576K
}
Event: 0.876 GC heap before
{Heap before GC invocations=2 (full 0):
 PSYoungGen      total 18944K, used 18912K [0x00000000eab00000, 0x00000000ed000000, 0x0000000100000000)
  eden space 16384K, 100% used [0x00000000eab00000,0x00000000ebb00000,0x00000000ebb00000)
  from space 2560K, 98% used [0x00000000ebb00000,0x00000000ebd78058,0x00000000ebd80000)
  to   space 2560K, 0% used [0x00000000ecd80000,0x00000000ecd80000,0x00000000ed000000)
 ParOldGen       total 44032K, used 804K [0x00000000c0000000, 0x00000000c2b00000, 0x00000000eab00000)
  object space 44032K, 1% used [0x00000000c0000000,0x00000000c00c9288,0x00000000c2b00000)
 Metaspace       used 5971K, capacity 6898K, committed 7040K, reserved 1056768K
  class space    used 604K, capacity 618K, committed 640K, reserved 1048576K
Event: 0.886 GC heap after
Heap after GC invocations=2 (full 0):
 PSYoungGen      total 35328K, used 2535K [0x00000000eab00000, 0x00000000ed000000, 0x0000000100000000)
  eden space 32768K, 0% used [0x00000000eab00000,0x00000000eab00000,0x00000000ecb00000)
  from space 2560K, 99% used [0x00000000ecd80000,0x00000000ecff9c70,0x00000000ed000000)
  to   space 2560K, 0% used [0x00000000ecb00000,0x00000000ecb00000,0x00000000ecd80000)
 ParOldGen       total 44032K, used 2682K [0x00000000c0000000, 0x00000000c2b00000, 0x00000000eab00000)
  object space 44032K, 6% used [0x00000000c0000000,0x00000000c029ea90,0x00000000c2b00000)
 Metaspace       used 5971K, capacity 6898K, committed 7040K, reserved 1056768K
  class space    used 604K, capacity 618K, committed 640K, reserved 1048576K
}
Event: 2.070 GC heap before
{Heap before GC invocations=3 (full 0):
 PSYoungGen      total 35328K, used 35303K [0x00000000eab00000, 0x00000000ed000000, 0x0000000100000000)
  eden space 32768K, 100% used [0x00000000eab00000,0x00000000ecb00000,0x00000000ecb00000)
  from space 2560K, 99% used [0x00000000ecd80000,0x00000000ecff9c70,0x00000000ed000000)
  to   space 2560K, 0% used [0x00000000ecb00000,0x00000000ecb00000,0x00000000ecd80000)
 ParOldGen       total 44032K, used 2682K [0x00000000c0000000, 0x00000000c2b00000, 0x00000000eab00000)
  object space 44032K, 6% used [0x00000000c0000000,0x00000000c029ea90,0x00000000c2b00000)
 Metaspace       used 6198K, capacity 7090K, committed 7296K, reserved 1056768K
  class space    used 605K, capacity 618K, committed 640K, reserved 1048576K
Event: 2.166 GC heap after
Heap after GC invocations=3 (full 0):
 PSYoungGen      total 35328K, used 2550K [0x00000000eab00000, 0x00000000ef000000, 0x0000000100000000)
  eden space 32768K, 0% used [0x00000000eab00000,0x00000000eab00000,0x00000000ecb00000)
  from space 2560K, 99% used [0x00000000ecb00000,0x00000000ecd7db18,0x00000000ecd80000)
  to   space 2560K, 0% used [0x00000000eed80000,0x00000000eed80000,0x00000000ef000000)
 ParOldGen       total 44032K, used 7758K [0x00000000c0000000, 0x00000000c2b00000, 0x00000000eab00000)
  object space 44032K, 17% used [0x00000000c0000000,0x00000000c0793a60,0x00000000c2b00000)
 Metaspace       used 6198K, capacity 7090K, committed 7296K, reserved 1056768K
  class space    used 605K, capacity 618K, committed 640K, reserved 1048576K
}
Event: 2.922 GC heap before
{Heap before GC invocations=4 (full 0):
 PSYoungGen      total 35328K, used 35318K [0x00000000eab00000, 0x00000000ef000000, 0x0000000100000000)
  eden space 32768K, 100% used [0x00000000eab00000,0x00000000ecb00000,0x00000000ecb00000)
  from space 2560K, 99% used [0x00000000ecb00000,0x00000000ecd7db18,0x00000000ecd80000)
  to   space 2560K, 0% used [0x00000000eed80000,0x00000000eed80000,0x00000000ef000000)
 ParOldGen       total 44032K, used 7758K [0x00000000c0000000, 0x00000000c2b00000, 0x00000000eab00000)
  object space 44032K, 17% used [0x00000000c0000000,0x00000000c0793a60,0x00000000c2b00000)
 Metaspace       used 6251K, capacity 7090K, committed 7296K, reserved 1056768K
  class space    used 605K, capacity 618K, committed 640K, reserved 1048576K
Event: 3.002 GC heap after
Heap after GC invocations=4 (full 0):
 PSYoungGen      total 68096K, used 2550K [0x00000000eab00000, 0x00000000ef000000, 0x0000000100000000)
  eden space 65536K, 0% used [0x00000000eab00000,0x00000000eab00000,0x00000000eeb00000)
  from space 2560K, 99% used [0x00000000eed80000,0x00000000eeffda30,0x00000000ef000000)
  to   space 2560K, 0% used [0x00000000eeb00000,0x00000000eeb00000,0x00000000eed80000)
 ParOldGen       total 44032K, used 13063K [0x00000000c0000000, 0x00000000c2b00000, 0x00000000eab00000)
  object space 44032K, 29% used [0x00000000c0000000,0x00000000c0cc1ea0,0x00000000c2b00000)
 Metaspace       used 6251K, capacity 7090K, committed 7296K, reserved 1056768K
  class space    used 605K, capacity 618K, committed 640K, reserved 1048576K
}
Event: 5.034 GC heap before
{Heap before GC invocations=5 (full 0):
 PSYoungGen      total 68096K, used 68086K [0x00000000eab00000, 0x00000000ef000000, 0x0000000100000000)
  eden space 65536K, 100% used [0x00000000eab00000,0x00000000eeb00000,0x00000000eeb00000)
  from space 2560K, 99% used [0x00000000eed80000,0x00000000eeffda30,0x00000000ef000000)
  to   space 2560K, 0% used [0x00000000eeb00000,0x00000000eeb00000,0x00000000eed80000)
 ParOldGen       total 44032K, used 13063K [0x00000000c0000000, 0x00000000c2b00000, 0x00000000eab00000)
  object space 44032K, 29% used [0x00000000c0000000,0x00000000c0cc1ea0,0x00000000c2b00000)
 Metaspace       used 6402K, capacity 7192K, committed 7424K, reserved 1056768K
  class space    used 626K, capacity 656K, committed 768K, reserved 1048576K
Event: 5.150 GC heap after
Heap after GC invocations=5 (full 0):
 PSYoungGen      total 68096K, used 2538K [0x00000000eab00000, 0x00000000f4700000, 0x0000000100000000)
  eden space 65536K, 0% used [0x00000000eab00000,0x00000000eab00000,0x00000000eeb00000)
  from space 2560K, 99% used [0x00000000eeb00000,0x00000000eed7ab38,0x00000000eed80000)
  to   space 14336K, 0% used [0x00000000f3900000,0x00000000f3900000,0x00000000f4700000)
 ParOldGen       total 44032K, used 23768K [0x00000000c0000000, 0x00000000c2b00000, 0x00000000eab00000)
  object space 44032K, 53% used [0x00000000c0000000,0x00000000c17362e0,0x00000000c2b00000)
 Metaspace       used 6402K, capacity 7192K, committed 7424K, reserved 1056768K
  class space    used 626K, capacity 656K, committed 768K, reserved 1048576K
}

Deoptimization events (10 events):
Event: 5.161 Thread 0x00000000172ea000 Uncommon trap: reason=bimorphic action=maybe_recompile pc=0x0000000002c2ef44 method=com.android.dx.ssa.SCCP.simulatePhi(Lcom/android/dx/ssa/PhiInsn;)V @ 124
Event: 5.174 Thread 0x0000000017dbe800 Uncommon trap: reason=unstable_if action=reinterpret pc=0x0000000002d3160c method=com.android.dx.ssa.LiteralOpUpgrader$1.visitNonMoveInsn(Lcom/android/dx/ssa/NormalSsaInsn;)V @ 176
Event: 5.185 Thread 0x0000000017e35800 Uncommon trap: reason=unstable_if action=reinterpret pc=0x00000000027f2a98 method=java.util.HashMap.getNode(ILjava/lang/Object;)Ljava/util/HashMap$Node; @ 84
Event: 5.193 Thread 0x0000000017dbe800 Uncommon trap: reason=bimorphic action=maybe_recompile pc=0x0000000002ade10c method=com.android.dx.ssa.LiteralOpUpgrader.tryReplacingWithConstant(Lcom/android/dx/ssa/NormalSsaInsn;)Z @ 62
Event: 5.194 Thread 0x0000000017e35800 Uncommon trap: reason=unstable_if action=reinterpret pc=0x00000000029abd44 method=java.util.HashMap.putVal(ILjava/lang/Object;Ljava/lang/Object;ZZ)Ljava/lang/Object; @ 162
Event: 5.220 Thread 0x00000000172ea000 Uncommon trap: reason=bimorphic action=maybe_recompile pc=0x0000000002c2ef44 method=com.android.dx.ssa.SCCP.simulatePhi(Lcom/android/dx/ssa/PhiInsn;)V @ 124
Event: 5.324 Thread 0x00000000172ea000 Uncommon trap: reason=unstable_if action=reinterpret pc=0x0000000002cde7f4 method=com.android.dx.cf.code.Ropper.processBlock(Lcom/android/dx/cf/code/ByteBlock;Lcom/android/dx/cf/code/Frame;[I)V @ 413
Event: 5.345 Thread 0x0000000017dbe800 Uncommon trap: reason=bimorphic action=maybe_recompile pc=0x0000000002ade10c method=com.android.dx.ssa.LiteralOpUpgrader.tryReplacingWithConstant(Lcom/android/dx/ssa/NormalSsaInsn;)Z @ 62
Event: 5.351 Thread 0x00000000172ea000 Uncommon trap: reason=unstable_if action=reinterpret pc=0x0000000002ad8934 method=com.android.dx.rop.code.BasicBlockList.preferredSuccessorOf(Lcom/android/dx/rop/code/BasicBlock;)Lcom/android/dx/rop/code/BasicBlock; @ 58
Event: 5.653 Thread 0x0000000017dbe800 Uncommon trap: reason=unstable_if action=reinterpret pc=0x00000000029fd1cc method=com.android.dx.ssa.MoveParamCombiner$1.visitNonMoveInsn(Lcom/android/dx/ssa/NormalSsaInsn;)V @ 27

Internal exceptions (5 events):
Event: 0.025 Thread 0x0000000000b2e000 Exception <a 'java/lang/NoSuchMethodError': Method sun.misc.Unsafe.defineClass(Ljava/lang/String;[BII)Ljava/lang/Class; name or signature does not match> (0x00000000eab07cc0) thrown at [C:\re\workspace\8-2-build-windows-amd64-cygwin\jdk8u101\7261\hotspot\såÅ³i†N™?
Event: 0.025 Thread 0x0000000000b2e000 Exception <a 'java/lang/NoSuchMethodError': Method sun.misc.Unsafe.prefetchRead(Ljava/lang/Object;J)V name or signature does not match> (0x00000000eab07fa8) thrown at [C:\re\workspace\8-2-build-windows-amd64-cygwin\jdk8u101\7261\hotspot\src\share\vm\prims\K*km¸3@
Event: 4.801 Thread 0x0000000017e35800 Exception <a 'java/lang/ArrayIndexOutOfBoundsException': 18> (0x00000000ee6dcc00) thrown at [C:\re\workspace\8-2-build-windows-amd64-cygwin\jdk8u101\7261\hotspot\src\share\vm\interpreter\interpreterRuntime.cpp, line 366]
Event: 4.801 Thread 0x0000000017e35800 Exception <a 'java/lang/ArrayIndexOutOfBoundsException': 145> (0x00000000ee6de780) thrown at [C:\re\workspace\8-2-build-windows-amd64-cygwin\jdk8u101\7261\hotspot\src\share\vm\interpreter\interpreterRuntime.cpp, line 366]
Event: 4.802 Thread 0x0000000017e35800 Exception <a 'java/lang/ArrayIndexOutOfBoundsException'> (0x00000000ee6dfa68) thrown at [C:\re\workspace\8-2-build-windows-amd64-cygwin\jdk8u101\7261\hotspot\src\share\vm\runtime\sharedRuntime.cpp, line 605]

Events (10 events):
Event: 5.351 Thread 0x00000000172ea000 Uncommon trap: trap_request=0xffffff65 fr.pc=0x0000000002ad8934
Event: 5.351 Thread 0x00000000172ea000 DEOPT PACKING pc=0x0000000002ad8934 sp=0x000000001898ea50
Event: 5.351 Thread 0x00000000172ea000 DEOPT UNPACKING pc=0x00000000025a582a sp=0x000000001898e9d8 mode 2
Event: 5.448 Thread 0x0000000017d9c800 DEOPT PACKING pc=0x00000000029c2839 sp=0x000000001888e760
Event: 5.448 Thread 0x0000000017d9c800 DEOPT UNPACKING pc=0x00000000025a787f sp=0x000000001888e590 mode 0
Event: 5.653 Thread 0x0000000017dbe800 Uncommon trap: trap_request=0xffffff65 fr.pc=0x00000000029fd1cc
Event: 5.653 Thread 0x0000000017dbe800 DEOPT PACKING pc=0x00000000029fd1cc sp=0x000000001868e370
Event: 5.653 Thread 0x0000000017dbe800 DEOPT UNPACKING pc=0x00000000025a582a sp=0x000000001868e2c8 mode 2
Event: 5.815 Thread 0x0000000017dbe800 DEOPT PACKING pc=0x00000000029c2839 sp=0x000000001868e380
Event: 5.815 Thread 0x0000000017dbe800 DEOPT UNPACKING pc=0x00000000025a787f sp=0x000000001868e1b0 mode 0


Dynamic libraries:
0x00007ff606f30000 - 0x00007ff606f67000 	C:\Program Files\Java\jdk1.8.0_101\bin\java.exe
0x00007ffa02220000 - 0x00007ffa023f1000 	C:\WINDOWS\SYSTEM32\ntdll.dll
0x00007ff9ff810000 - 0x00007ff9ff8bb000 	C:\WINDOWS\System32\KERNEL32.DLL
0x00007ff9ff4e0000 - 0x00007ff9ff6fd000 	C:\WINDOWS\System32\KERNELBASE.dll
0x00007ffa00470000 - 0x00007ffa00512000 	C:\WINDOWS\System32\ADVAPI32.dll
0x00007ff9ff8c0000 - 0x00007ff9ff95e000 	C:\WINDOWS\System32\msvcrt.dll
0x00007ffa01d10000 - 0x00007ffa01d69000 	C:\WINDOWS\System32\sechost.dll
0x00007ffa01ac0000 - 0x00007ffa01be1000 	C:\WINDOWS\System32\RPCRT4.dll
0x00007ffa01dd0000 - 0x00007ffa01f35000 	C:\WINDOWS\System32\USER32.dll
0x00007ff9fe990000 - 0x00007ff9fe9ae000 	C:\WINDOWS\System32\win32u.dll
0x00007ffa01a80000 - 0x00007ffa01ab4000 	C:\WINDOWS\System32\GDI32.dll
0x00007ff9fe9b0000 - 0x00007ff9feb32000 	C:\WINDOWS\System32\gdi32full.dll
0x00007ff9f4900000 - 0x00007ff9f4b79000 	C:\WINDOWS\WinSxS\amd64_microsoft.windows.common-controls_6595b64144ccf1df_6.0.14393.447_none_42191651c6827bb3\COMCTL32.dll
0x00007ff9ff9d0000 - 0x00007ff9ffc97000 	C:\WINDOWS\System32\combase.dll
0x00007ff9fed00000 - 0x00007ff9fedf5000 	C:\WINDOWS\System32\ucrtbase.dll
0x00007ff9fec90000 - 0x00007ff9fecfa000 	C:\WINDOWS\System32\bcryptPrimitives.dll
0x00007ffa00520000 - 0x00007ffa0054e000 	C:\WINDOWS\System32\IMM32.DLL
0x0000000072540000 - 0x0000000072612000 	C:\Program Files\Java\jdk1.8.0_101\jre\bin\msvcr100.dll
0x0000000071ca0000 - 0x000000007253a000 	C:\Program Files\Java\jdk1.8.0_101\jre\bin\server\jvm.dll
0x00007ff9ffe50000 - 0x00007ff9ffe58000 	C:\WINDOWS\System32\PSAPI.DLL
0x00007ff9f4830000 - 0x00007ff9f4839000 	C:\WINDOWS\SYSTEM32\WSOCK32.dll
0x00007ff9fc850000 - 0x00007ff9fc873000 	C:\WINDOWS\SYSTEM32\WINMM.dll
0x00007ff9f4eb0000 - 0x00007ff9f4eba000 	C:\WINDOWS\SYSTEM32\VERSION.dll
0x00007ffa00290000 - 0x00007ffa002fa000 	C:\WINDOWS\System32\WS2_32.dll
0x00007ff9fc790000 - 0x00007ff9fc7bb000 	C:\WINDOWS\SYSTEM32\WINMMBASE.dll
0x00007ff9fe940000 - 0x00007ff9fe982000 	C:\WINDOWS\System32\cfgmgr32.dll
0x0000000072960000 - 0x000000007296f000 	C:\Program Files\Java\jdk1.8.0_101\jre\bin\verify.dll
0x0000000071c70000 - 0x0000000071c99000 	C:\Program Files\Java\jdk1.8.0_101\jre\bin\java.dll
0x0000000071c50000 - 0x0000000071c66000 	C:\Program Files\Java\jdk1.8.0_101\jre\bin\zip.dll
0x00007ffa00570000 - 0x00007ffa01a79000 	C:\WINDOWS\System32\SHELL32.dll
0x00007ff9fee00000 - 0x00007ff9ff4da000 	C:\WINDOWS\System32\windows.storage.dll
0x00007ff9fe6c0000 - 0x00007ff9fe70c000 	C:\WINDOWS\System32\powrprof.dll
0x00007ffa01d70000 - 0x00007ffa01dc2000 	C:\WINDOWS\System32\shlwapi.dll
0x00007ff9fe6a0000 - 0x00007ff9fe6af000 	C:\WINDOWS\System32\kernel.appcore.dll
0x00007ff9febe0000 - 0x00007ff9fec89000 	C:\WINDOWS\System32\shcore.dll
0x00007ff9fe680000 - 0x00007ff9fe694000 	C:\WINDOWS\System32\profapi.dll

VM Arguments:
jvm_args: -Djava.awt.headless=true -Xmx1024M -Dfile.encoding=windows-1252 -Duser.country=FR -Duser.language=fr -Duser.variant 
java_command: com.android.dx.command.Main --dex --num-threads=4 --output C:\EPSI\B3\Java\Sudoku\app\build\intermediates\pre-dexed\debug\com.android.support-appcompat-v7-23.4.0_79aac4975913e4d526de33efea3f9887d883eb53.jar C:\EPSI\B3\Java\Sudoku\app\build\intermediates\exploded-aar\com.android.support\appcompat-v7\23.4.0\jars\classes.jar
java_class_path (initial): C:\Program Files\Android\build-tools\25.0.2\lib\dx.jar
Launcher Type: SUN_STANDARD

Environment Variables:
PATH=C:\ProgramData\Oracle\Java\javapath;C:\WINDOWS\system32;C:\WINDOWS;C:\WINDOWS\System32\Wbem;C:\WINDOWS\System32\WindowsPowerShell\v1.0\;C:\Program Files (x86)\Skype\Phone\;C:\Program Files\Microsoft SQL Server\120\Tools\Binn\;C:\Program Files\Git\cmd;C:\Program Files\Microsoft SQL Server\Client SDK\ODBC\110\Tools\Binn\;C:\Program Files (x86)\Microsoft SQL Server\130\Tools\Binn\;C:\Program Files\Microsoft SQL Server\130\Tools\Binn\;C:\Program Files\Microsoft SQL Server\130\DTS\Binn\;C:\Program Files (x86)\Microsoft SQL Server\130\Tools\Binn\ManagementStudio\;C:\Program Files (x86)\Microsoft SQL Server\130\DTS\Binn\;C:\Users\zedyfis\.dnx\bin;C:\Program Files\Microsoft DNX\Dnvm\;C:\Program Files (x86)\Windows Kits\10\Windows Performance Toolkit\;C:\Program Files (x86)\NVIDIA Corporation\PhysX\Common;%SystemRoot%\system32;%SystemRoot%;%SystemRoot%\System32\Wbem;%SYSTEMROOT%\System32\WindowsPowerShell\v1.0\;C:\Program Files\Java\jdk1.8.0_101\bin\;C:\Program Files (x86)\Nmap
USERNAME=zedyfis
OS=Windows_NT
PROCESSOR_IDENTIFIER=Intel64 Family 6 Model 60 Stepping 3, GenuineIntel



---------------  S Y S T E M  ---------------

OS: Windows 10.0 , 64 bit Build 14393 (10.0.14393.0)

CPU:total 8 (4 cores per cpu, 2 threads per core) family 6 model 60 stepping 3, cmov, cx8, fxsr, mmx, sse, sse2, sse3, ssse3, sse4.1, sse4.2, popcnt, avx, avx2, aes, clmul, erms, lzcnt, ht, tsc, tscinvbit, bmi1, bmi2

Memory: 4k page, physical 4112628k(134120k free), swap 5544180k(4488k free)

vm_info: Java HotSpot(TM) 64-Bit Server VM (25.101-b13) for windows-amd64 JRE (1.8.0_101-b13), built on Jun 22 2016 01:21:29 by "java_re" with MS VC++ 10.0 (VS2010)

time: Mon Feb 06 22:02:46 2017
elapsed time: 6 seconds (0d 0h 0m 6s)

