#
# There is insufficient memory for the Java Runtime Environment to continue.
# Native memory allocation (malloc) failed to allocate 145632 bytes for Chunk::new
# Possible reasons:
#   The system is out of physical RAM or swap space
#   In 32 bit mode, the process size limit was hit
# Possible solutions:
#   Reduce memory load on the system
#   Increase physical memory or swap space
#   Check if swap backing store is full
#   Use 64 bit Java on a 64 bit OS
#   Decrease Java heap size (-Xmx/-Xms)
#   Decrease number of Java threads
#   Decrease Java thread stack sizes (-Xss)
#   Set larger code cache with -XX:ReservedCodeCacheSize=
# This output file may be truncated or incomplete.
#
#  Out of Memory Error (allocation.cpp:390), pid=8252, tid=0x00000000000018e4
#
# JRE version: Java(TM) SE Runtime Environment (8.0_101-b13) (build 1.8.0_101-b13)
# Java VM: Java HotSpot(TM) 64-Bit Server VM (25.101-b13 mixed mode windows-amd64 compressed oops)
# Failed to write core dump. Minidumps are not enabled by default on client versions of Windows
#

---------------  T H R E A D  ---------------

Current thread (0x0000000017630000):  JavaThread "C2 CompilerThread2" daemon [_thread_in_native, id=6372, stack(0x0000000018010000,0x0000000018110000)]

Stack: [0x0000000018010000,0x0000000018110000]
[error occurred during error reporting (printing stack bounds), id 0xc0000005]

Native frames: (J=compiled Java code, j=interpreted, Vv=VM code, C=native code)


Current CompileTask:
C2:   6204 1751   !   4       com.android.dx.cf.code.BytecodeArray::parseInstruction (2764 bytes)


---------------  P R O C E S S  ---------------

Java Threads: ( => current thread )
  0x0000000018431800 JavaThread "pool-1-thread-4" [_thread_blocked, id=1028, stack(0x0000000019010000,0x0000000019110000)]
  0x000000001842b800 JavaThread "pool-1-thread-3" [_thread_blocked, id=11212, stack(0x0000000018f10000,0x0000000019010000)]
  0x0000000018424800 JavaThread "pool-1-thread-2" [_thread_in_Java, id=696, stack(0x0000000018e10000,0x0000000018f10000)]
  0x0000000017955000 JavaThread "pool-2-thread-1" [_thread_blocked, id=9948, stack(0x0000000018d10000,0x0000000018e10000)]
  0x0000000017952800 JavaThread "pool-1-thread-1" [_thread_blocked, id=4948, stack(0x0000000018c10000,0x0000000018d10000)]
  0x00000000176d6800 JavaThread "Service Thread" daemon [_thread_blocked, id=10652, stack(0x0000000018210000,0x0000000018310000)]
  0x0000000017638800 JavaThread "C1 CompilerThread3" daemon [_thread_blocked, id=1784, stack(0x0000000018110000,0x0000000018210000)]
=>0x0000000017630000 JavaThread "C2 CompilerThread2" daemon [_thread_in_native, id=6372, stack(0x0000000018010000,0x0000000018110000)]
  0x000000001762c800 JavaThread "C2 CompilerThread1" daemon [_thread_in_native, id=5972, stack(0x0000000017f10000,0x0000000018010000)]
  0x0000000017627800 JavaThread "C2 CompilerThread0" daemon [_thread_blocked, id=1156, stack(0x0000000017e10000,0x0000000017f10000)]
  0x0000000017626000 JavaThread "Attach Listener" daemon [_thread_blocked, id=3044, stack(0x0000000017d10000,0x0000000017e10000)]
  0x0000000017625000 JavaThread "Signal Dispatcher" daemon [_thread_blocked, id=4192, stack(0x0000000017c10000,0x0000000017d10000)]
  0x0000000017620800 JavaThread "Finalizer" daemon [_thread_blocked, id=7688, stack(0x0000000017a00000,0x0000000017b00000)]
  0x0000000002bf4000 JavaThread "Reference Handler" daemon [_thread_blocked, id=7684, stack(0x0000000017500000,0x0000000017600000)]
  0x0000000002afe000 JavaThread "main" [_thread_blocked, id=10840, stack(0x0000000002980000,0x0000000002a80000)]

Other Threads:
  0x0000000015719800 VMThread [stack: 0x0000000017400000,0x0000000017500000] [id=9072]
  0x0000000017650800 WatcherThread [stack: 0x0000000018310000,0x0000000018410000] [id=1856]

VM state:synchronizing (normal execution)

VM Mutex/Monitor currently owned by a thread:  ([mutex/lock_event])
[0x0000000002afd310] Safepoint_lock - owner thread: 0x0000000015719800
[0x0000000002afd710] Threads_lock - owner thread: 0x0000000015719800

Heap:
 PSYoungGen      total 35328K, used 8267K [0x00000000eab00000, 0x00000000ef000000, 0x0000000100000000)
  eden space 32768K, 17% used [0x00000000eab00000,0x00000000eb09afa0,0x00000000ecb00000)
  from space 2560K, 98% used [0x00000000ecb00000,0x00000000ecd78038,0x00000000ecd80000)
  to   space 2560K, 0% used [0x00000000eed80000,0x00000000eed80000,0x00000000ef000000)
 ParOldGen       total 44032K, used 7575K [0x00000000c0000000, 0x00000000c2b00000, 0x00000000eab00000)
  object space 44032K, 17% used [0x00000000c0000000,0x00000000c0765dc0,0x00000000c2b00000)
 Metaspace       used 6255K, capacity 7090K, committed 7296K, reserved 1056768K
  class space    used 604K, capacity 618K, committed 640K, reserved 1048576K

Card table byte_map: [0x0000000011fc0000,0x00000000121d0000] byte_map_base: 0x00000000119c0000

Marking Bits: (ParMarkBitMap*) 0x00000000724ba6d0
 Begin Bits: [0x0000000012b30000, 0x0000000013b30000)
 End Bits:   [0x0000000013b30000, 0x0000000014b30000)

Polling page: 0x0000000001180000

CodeCache: size=245760Kb used=7404Kb max_used=7416Kb free=238355Kb
 bounds [0x0000000002c00000, 0x0000000003350000, 0x0000000011c00000]
 total_blobs=2026 nmethods=1756 adapters=182
 compilation: enabled

Compilation events (10 events):
Event: 6.030 Thread 0x0000000017638800 1754       3       com.android.dx.rop.cst.CstLong::getType (4 bytes)
Event: 6.031 Thread 0x0000000017638800 nmethod 1754 0x0000000003328090 code [0x00000000033281e0, 0x0000000003328330]
Event: 6.031 Thread 0x0000000017638800 1755       3       com.android.dx.ssa.SCCP::simulateMath (424 bytes)
Event: 6.032 Thread 0x0000000017638800 nmethod 1755 0x0000000003341fd0 code [0x0000000003342280, 0x0000000003343bc8]
Event: 6.033 Thread 0x000000001762c800 nmethod 1756 0x0000000003327c10 code [0x0000000003327d60, 0x0000000003327e98]
Event: 6.034 Thread 0x0000000017638800 1757       3       com.android.dx.rop.code.Rop::<init> (15 bytes)
Event: 6.034 Thread 0x0000000017638800 nmethod 1757 0x0000000003327850 code [0x00000000033279c0, 0x0000000003327b68]
Event: 6.035 Thread 0x000000001762c800 1758       4       com.android.dx.cf.code.ConcreteMethod::makeSourcePosistion (21 bytes)
Event: 6.043 Thread 0x000000001762c800 nmethod 1758 0x000000000331df90 code [0x000000000331e100, 0x000000000331e498]
Event: 6.044 Thread 0x000000001762c800 1759   !   4       com.android.dx.cf.code.Ropper::processBlock (1101 bytes)

GC Heap History (6 events):
Event: 0.565 GC heap before
{Heap before GC invocations=1 (full 0):
 PSYoungGen      total 18944K, used 16384K [0x00000000eab00000, 0x00000000ec000000, 0x0000000100000000)
  eden space 16384K, 100% used [0x00000000eab00000,0x00000000ebb00000,0x00000000ebb00000)
  from space 2560K, 0% used [0x00000000ebd80000,0x00000000ebd80000,0x00000000ec000000)
  to   space 2560K, 0% used [0x00000000ebb00000,0x00000000ebb00000,0x00000000ebd80000)
 ParOldGen       total 44032K, used 0K [0x00000000c0000000, 0x00000000c2b00000, 0x00000000eab00000)
  object space 44032K, 0% used [0x00000000c0000000,0x00000000c0000000,0x00000000c2b00000)
 Metaspace       used 5474K, capacity 6448K, committed 6528K, reserved 1056768K
  class space    used 591K, capacity 616K, committed 640K, reserved 1048576K
Event: 0.576 GC heap after
Heap after GC invocations=1 (full 0):
 PSYoungGen      total 18944K, used 2529K [0x00000000eab00000, 0x00000000ed000000, 0x0000000100000000)
  eden space 16384K, 0% used [0x00000000eab00000,0x00000000eab00000,0x00000000ebb00000)
  from space 2560K, 98% used [0x00000000ebb00000,0x00000000ebd784f8,0x00000000ebd80000)
  to   space 2560K, 0% used [0x00000000ecd80000,0x00000000ecd80000,0x00000000ed000000)
 ParOldGen       total 44032K, used 868K [0x00000000c0000000, 0x00000000c2b00000, 0x00000000eab00000)
  object space 44032K, 1% used [0x00000000c0000000,0x00000000c00d9040,0x00000000c2b00000)
 Metaspace       used 5474K, capacity 6448K, committed 6528K, reserved 1056768K
  class space    used 591K, capacity 616K, committed 640K, reserved 1048576K
}
Event: 1.990 GC heap before
{Heap before GC invocations=2 (full 0):
 PSYoungGen      total 18944K, used 18913K [0x00000000eab00000, 0x00000000ed000000, 0x0000000100000000)
  eden space 16384K, 100% used [0x00000000eab00000,0x00000000ebb00000,0x00000000ebb00000)
  from space 2560K, 98% used [0x00000000ebb00000,0x00000000ebd784f8,0x00000000ebd80000)
  to   space 2560K, 0% used [0x00000000ecd80000,0x00000000ecd80000,0x00000000ed000000)
 ParOldGen       total 44032K, used 868K [0x00000000c0000000, 0x00000000c2b00000, 0x00000000eab00000)
  object space 44032K, 1% used [0x00000000c0000000,0x00000000c00d9040,0x00000000c2b00000)
 Metaspace       used 5985K, capacity 6898K, committed 7040K, reserved 1056768K
  class space    used 597K, capacity 618K, committed 640K, reserved 1048576K
Event: 2.165 GC heap after
Heap after GC invocations=2 (full 0):
 PSYoungGen      total 35328K, used 2528K [0x00000000eab00000, 0x00000000ed000000, 0x0000000100000000)
  eden space 32768K, 0% used [0x00000000eab00000,0x00000000eab00000,0x00000000ecb00000)
  from space 2560K, 98% used [0x00000000ecd80000,0x00000000ecff8018,0x00000000ed000000)
  to   space 2560K, 0% used [0x00000000ecb00000,0x00000000ecb00000,0x00000000ecd80000)
 ParOldGen       total 44032K, used 2442K [0x00000000c0000000, 0x00000000c2b00000, 0x00000000eab00000)
  object space 44032K, 5% used [0x00000000c0000000,0x00000000c02629f8,0x00000000c2b00000)
 Metaspace       used 5985K, capacity 6898K, committed 7040K, reserved 1056768K
  class space    used 597K, capacity 618K, committed 640K, reserved 1048576K
}
Event: 5.106 GC heap before
{Heap before GC invocations=3 (full 0):
 PSYoungGen      total 35328K, used 35296K [0x00000000eab00000, 0x00000000ed000000, 0x0000000100000000)
  eden space 32768K, 100% used [0x00000000eab00000,0x00000000ecb00000,0x00000000ecb00000)
  from space 2560K, 98% used [0x00000000ecd80000,0x00000000ecff8018,0x00000000ed000000)
  to   space 2560K, 0% used [0x00000000ecb00000,0x00000000ecb00000,0x00000000ecd80000)
 ParOldGen       total 44032K, used 2442K [0x00000000c0000000, 0x00000000c2b00000, 0x00000000eab00000)
  object space 44032K, 5% used [0x00000000c0000000,0x00000000c02629f8,0x00000000c2b00000)
 Metaspace       used 6251K, capacity 7090K, committed 7296K, reserved 1056768K
  class space    used 604K, capacity 618K, committed 640K, reserved 1048576K
Event: 5.154 GC heap after
Heap after GC invocations=3 (full 0):
 PSYoungGen      total 35328K, used 2528K [0x00000000eab00000, 0x00000000ef000000, 0x0000000100000000)
  eden space 32768K, 0% used [0x00000000eab00000,0x00000000eab00000,0x00000000ecb00000)
  from space 2560K, 98% used [0x00000000ecb00000,0x00000000ecd78038,0x00000000ecd80000)
  to   space 2560K, 0% used [0x00000000eed80000,0x00000000eed80000,0x00000000ef000000)
 ParOldGen       total 44032K, used 7575K [0x00000000c0000000, 0x00000000c2b00000, 0x00000000eab00000)
  object space 44032K, 17% used [0x00000000c0000000,0x00000000c0765dc0,0x00000000c2b00000)
 Metaspace       used 6251K, capacity 7090K, committed 7296K, reserved 1056768K
  class space    used 604K, capacity 618K, committed 640K, reserved 1048576K
}

Deoptimization events (10 events):
Event: 2.219 Thread 0x0000000018431800 Uncommon trap: reason=null_check action=make_not_entrant pc=0x0000000002ea6f24 method=com.android.dx.ssa.SsaRenamer.getLocalForNewReg(I)Lcom/android/dx/rop/code/LocalItem; @ 19
Event: 3.652 Thread 0x0000000018431800 Uncommon trap: reason=unstable_if action=reinterpret pc=0x00000000030f7ba8 method=com.android.dx.ssa.SCCP.simulateStmt(Lcom/android/dx/ssa/SsaInsn;)V @ 53
Event: 5.105 Thread 0x000000001842b800 Uncommon trap: reason=class_check action=maybe_recompile pc=0x00000000030e8314 method=com.android.dx.cf.code.BytecodeArray.parseInstruction(ILcom/android/dx/cf/code/BytecodeArray$Visitor;)I @ 1051
Event: 5.105 Thread 0x000000001842b800 Uncommon trap: reason=bimorphic action=maybe_recompile pc=0x00000000031cffe0 method=com.android.dx.ssa.SCCP.simulatePhi(Lcom/android/dx/ssa/PhiInsn;)V @ 124
Event: 5.466 Thread 0x000000001842b800 Uncommon trap: reason=null_assert action=make_not_entrant pc=0x000000000328982c method=com.android.dx.cf.code.RopperMachine.run(Lcom/android/dx/cf/code/Frame;II)V @ 1112
Event: 5.945 Thread 0x0000000002afe000 Uncommon trap: reason=unstable_if action=reinterpret pc=0x000000000313fbf8 method=com.android.dx.rop.cst.StdConstantPool.set(ILcom/android/dx/rop/cst/Constant;)V @ 12
Event: 5.973 Thread 0x0000000018431800 Uncommon trap: reason=class_check action=maybe_recompile pc=0x00000000030e8314 method=com.android.dx.cf.code.BytecodeArray.parseInstruction(ILcom/android/dx/cf/code/BytecodeArray$Visitor;)I @ 1051
Event: 5.974 Thread 0x0000000018431800 Uncommon trap: reason=bimorphic action=maybe_recompile pc=0x00000000031e1938 method=com.android.dx.rop.code.RegisterSpec.withSimpleType()Lcom/android/dx/rop/code/RegisterSpec; @ 21
Event: 5.976 Thread 0x0000000018431800 Uncommon trap: reason=class_check action=maybe_recompile pc=0x00000000030e86b0 method=com.android.dx.cf.code.BytecodeArray.parseInstruction(ILcom/android/dx/cf/code/BytecodeArray$Visitor;)I @ 1327
Event: 6.026 Thread 0x0000000018424800 Uncommon trap: reason=class_check action=maybe_recompile pc=0x00000000030e86b0 method=com.android.dx.cf.code.BytecodeArray.parseInstruction(ILcom/android/dx/cf/code/BytecodeArray$Visitor;)I @ 1327

Internal exceptions (4 events):
Event: 0.024 Thread 0x0000000002afe000 Exception <a 'java/lang/NoSuchMethodError': Method sun.misc.Unsafe.defineClass(Ljava/lang/String;[BII)Ljava/lang/Class; name or signature does not match> (0x00000000eab07cc0) thrown at [C:\re\workspace\8-2-build-windows-amd64-cygwin\jdk8u101\7261\hotspot\sÿPÂMu!ô?
Event: 0.025 Thread 0x0000000002afe000 Exception <a 'java/lang/NoSuchMethodError': Method sun.misc.Unsafe.prefetchRead(Ljava/lang/Object;J)V name or signature does not match> (0x00000000eab07fa8) thrown at [C:\re\workspace\8-2-build-windows-amd64-cygwin\jdk8u101\7261\hotspot\src\share\vm\prims\°Ê∫ü@
Event: 2.203 Thread 0x0000000018431800 Implicit null exception at 0x0000000002eb3eaa to 0x0000000002eb56e5
Event: 2.219 Thread 0x0000000018431800 Implicit null exception at 0x0000000002ea58ae to 0x0000000002ea6f05

Events (10 events):
Event: 5.973 Thread 0x0000000018431800 DEOPT UNPACKING pc=0x0000000002c4582a sp=0x000000001910e840 mode 2
Event: 5.974 Thread 0x0000000018431800 Uncommon trap: trap_request=0xffffffc6 fr.pc=0x00000000031e1938
Event: 5.974 Thread 0x0000000018431800 DEOPT PACKING pc=0x00000000031e1938 sp=0x000000001910e940
Event: 5.974 Thread 0x0000000018431800 DEOPT UNPACKING pc=0x0000000002c4582a sp=0x000000001910e898 mode 2
Event: 5.976 Thread 0x0000000018431800 Uncommon trap: trap_request=0xffffffde fr.pc=0x00000000030e86b0
Event: 5.976 Thread 0x0000000018431800 DEOPT PACKING pc=0x00000000030e86b0 sp=0x000000001910e8d0
Event: 5.976 Thread 0x0000000018431800 DEOPT UNPACKING pc=0x0000000002c4582a sp=0x000000001910e840 mode 2
Event: 6.026 Thread 0x0000000018424800 Uncommon trap: trap_request=0xffffffde fr.pc=0x00000000030e86b0
Event: 6.026 Thread 0x0000000018424800 DEOPT PACKING pc=0x00000000030e86b0 sp=0x0000000018f0ec90
Event: 6.026 Thread 0x0000000018424800 DEOPT UNPACKING pc=0x0000000002c4582a sp=0x0000000018f0ec00 mode 2


Dynamic libraries:
0x00007ff606f30000 - 0x00007ff606f67000 	C:\Program Files\Java\jdk1.8.0_101\bin\java.exe
0x00007ffa02220000 - 0x00007ffa023f1000 	C:\WINDOWS\SYSTEM32\ntdll.dll
0x00007ff9ff810000 - 0x00007ff9ff8bb000 	C:\WINDOWS\System32\KERNEL32.DLL
0x00007ff9ff4e0000 - 0x00007ff9ff6fd000 	C:\WINDOWS\System32\KERNELBASE.dll
0x00007ffa00470000 - 0x00007ffa00512000 	C:\WINDOWS\System32\ADVAPI32.dll
0x00007ff9ff8c0000 - 0x00007ff9ff95e000 	C:\WINDOWS\System32\msvcrt.dll
0x00007ffa01d10000 - 0x00007ffa01d69000 	C:\WINDOWS\System32\sechost.dll
0x00007ffa01ac0000 - 0x00007ffa01be1000 	C:\WINDOWS\System32\RPCRT4.dll
0x00007ffa01dd0000 - 0x00007ffa01f35000 	C:\WINDOWS\System32\USER32.dll
0x00007ff9fe990000 - 0x00007ff9fe9ae000 	C:\WINDOWS\System32\win32u.dll
0x00007ffa01a80000 - 0x00007ffa01ab4000 	C:\WINDOWS\System32\GDI32.dll
0x00007ff9fe9b0000 - 0x00007ff9feb32000 	C:\WINDOWS\System32\gdi32full.dll
0x00007ff9f4900000 - 0x00007ff9f4b79000 	C:\WINDOWS\WinSxS\amd64_microsoft.windows.common-controls_6595b64144ccf1df_6.0.14393.447_none_42191651c6827bb3\COMCTL32.dll
0x00007ff9ff9d0000 - 0x00007ff9ffc97000 	C:\WINDOWS\System32\combase.dll
0x00007ff9fed00000 - 0x00007ff9fedf5000 	C:\WINDOWS\System32\ucrtbase.dll
0x00007ff9fec90000 - 0x00007ff9fecfa000 	C:\WINDOWS\System32\bcryptPrimitives.dll
0x00007ffa00520000 - 0x00007ffa0054e000 	C:\WINDOWS\System32\IMM32.DLL
0x0000000072540000 - 0x0000000072612000 	C:\Program Files\Java\jdk1.8.0_101\jre\bin\msvcr100.dll
0x0000000071ca0000 - 0x000000007253a000 	C:\Program Files\Java\jdk1.8.0_101\jre\bin\server\jvm.dll
0x00007ff9ffe50000 - 0x00007ff9ffe58000 	C:\WINDOWS\System32\PSAPI.DLL
0x00007ff9fc850000 - 0x00007ff9fc873000 	C:\WINDOWS\SYSTEM32\WINMM.dll
0x00007ff9f4eb0000 - 0x00007ff9f4eba000 	C:\WINDOWS\SYSTEM32\VERSION.dll
0x00007ff9f4830000 - 0x00007ff9f4839000 	C:\WINDOWS\SYSTEM32\WSOCK32.dll
0x00007ffa00290000 - 0x00007ffa002fa000 	C:\WINDOWS\System32\WS2_32.dll
0x00007ff9fc790000 - 0x00007ff9fc7bb000 	C:\WINDOWS\SYSTEM32\WINMMBASE.dll
0x00007ff9fe940000 - 0x00007ff9fe982000 	C:\WINDOWS\System32\cfgmgr32.dll
0x0000000072960000 - 0x000000007296f000 	C:\Program Files\Java\jdk1.8.0_101\jre\bin\verify.dll
0x0000000071c70000 - 0x0000000071c99000 	C:\Program Files\Java\jdk1.8.0_101\jre\bin\java.dll
0x0000000071c50000 - 0x0000000071c66000 	C:\Program Files\Java\jdk1.8.0_101\jre\bin\zip.dll
0x00007ffa00570000 - 0x00007ffa01a79000 	C:\WINDOWS\System32\SHELL32.dll
0x00007ff9fee00000 - 0x00007ff9ff4da000 	C:\WINDOWS\System32\windows.storage.dll
0x00007ff9fe6c0000 - 0x00007ff9fe70c000 	C:\WINDOWS\System32\powrprof.dll
0x00007ffa01d70000 - 0x00007ffa01dc2000 	C:\WINDOWS\System32\shlwapi.dll
0x00007ff9fe6a0000 - 0x00007ff9fe6af000 	C:\WINDOWS\System32\kernel.appcore.dll
0x00007ff9febe0000 - 0x00007ff9fec89000 	C:\WINDOWS\System32\shcore.dll
0x00007ff9fe680000 - 0x00007ff9fe694000 	C:\WINDOWS\System32\profapi.dll

VM Arguments:
jvm_args: -Djava.awt.headless=true -Xmx1024M -Dfile.encoding=windows-1252 -Duser.country=FR -Duser.language=fr -Duser.variant 
java_command: com.android.dx.command.Main --dex --num-threads=4 --output C:\EPSI\B3\Java\Sudoku\app\build\intermediates\pre-dexed\debug\internal_impl-23.4.0_fe8613f1806b13fe44579ebd08a2801bb7e9c0d8.jar C:\EPSI\B3\Java\Sudoku\app\build\intermediates\exploded-aar\com.android.support\support-v4\23.4.0\jars\libs\internal_impl-23.4.0.jar
java_class_path (initial): C:\Program Files\Android\build-tools\25.0.2\lib\dx.jar
Launcher Type: SUN_STANDARD

Environment Variables:
PATH=C:\ProgramData\Oracle\Java\javapath;C:\WINDOWS\system32;C:\WINDOWS;C:\WINDOWS\System32\Wbem;C:\WINDOWS\System32\WindowsPowerShell\v1.0\;C:\Program Files (x86)\Skype\Phone\;C:\Program Files\Microsoft SQL Server\120\Tools\Binn\;C:\Program Files\Git\cmd;C:\Program Files\Microsoft SQL Server\Client SDK\ODBC\110\Tools\Binn\;C:\Program Files (x86)\Microsoft SQL Server\130\Tools\Binn\;C:\Program Files\Microsoft SQL Server\130\Tools\Binn\;C:\Program Files\Microsoft SQL Server\130\DTS\Binn\;C:\Program Files (x86)\Microsoft SQL Server\130\Tools\Binn\ManagementStudio\;C:\Program Files (x86)\Microsoft SQL Server\130\DTS\Binn\;C:\Users\zedyfis\.dnx\bin;C:\Program Files\Microsoft DNX\Dnvm\;C:\Program Files (x86)\Windows Kits\10\Windows Performance Toolkit\;C:\Program Files (x86)\NVIDIA Corporation\PhysX\Common;%SystemRoot%\system32;%SystemRoot%;%SystemRoot%\System32\Wbem;%SYSTEMROOT%\System32\WindowsPowerShell\v1.0\;C:\Program Files\Java\jdk1.8.0_101\bin\;C:\Program Files (x86)\Nmap
USERNAME=zedyfis
OS=Windows_NT
PROCESSOR_IDENTIFIER=Intel64 Family 6 Model 60 Stepping 3, GenuineIntel



---------------  S Y S T E M  ---------------

OS: Windows 10.0 , 64 bit Build 14393 (10.0.14393.0)

CPU:total 8 (4 cores per cpu, 2 threads per core) family 6 model 60 stepping 3, cmov, cx8, fxsr, mmx, sse, sse2, sse3, ssse3, sse4.1, sse4.2, popcnt, avx, avx2, aes, clmul, erms, lzcnt, ht, tsc, tscinvbit, bmi1, bmi2

Memory: 4k page, physical 4112628k(136620k free), swap 5544180k(4600k free)

vm_info: Java HotSpot(TM) 64-Bit Server VM (25.101-b13) for windows-amd64 JRE (1.8.0_101-b13), built on Jun 22 2016 01:21:29 by "java_re" with MS VC++ 10.0 (VS2010)

time: Mon Feb 06 22:02:46 2017
elapsed time: 6 seconds (0d 0h 0m 6s)

