#
# There is insufficient memory for the Java Runtime Environment to continue.
# Native memory allocation (malloc) failed to allocate 65552 bytes for Chunk::new
# Possible reasons:
#   The system is out of physical RAM or swap space
#   In 32 bit mode, the process size limit was hit
# Possible solutions:
#   Reduce memory load on the system
#   Increase physical memory or swap space
#   Check if swap backing store is full
#   Use 64 bit Java on a 64 bit OS
#   Decrease Java heap size (-Xmx/-Xms)
#   Decrease number of Java threads
#   Decrease Java thread stack sizes (-Xss)
#   Set larger code cache with -XX:ReservedCodeCacheSize=
# This output file may be truncated or incomplete.
#
#  Out of Memory Error (allocation.cpp:390), pid=9404, tid=0x00000000000018a0
#
# JRE version: Java(TM) SE Runtime Environment (8.0_101-b13) (build 1.8.0_101-b13)
# Java VM: Java HotSpot(TM) 64-Bit Server VM (25.101-b13 mixed mode windows-amd64 compressed oops)
# Failed to write core dump. Minidumps are not enabled by default on client versions of Windows
#

---------------  T H R E A D  ---------------

Current thread (0x0000000017687000):  JavaThread "C2 CompilerThread0" daemon [_thread_in_native, id=6304, stack(0x0000000017e70000,0x0000000017f70000)]

Stack: [0x0000000017e70000,0x0000000017f70000]
[error occurred during error reporting (printing stack bounds), id 0xc0000005]

Native frames: (J=compiled Java code, j=interpreted, Vv=VM code, C=native code)


Current CompileTask:
C2:    942  633       4       com.android.dx.ssa.SsaBasicBlock::forEachInsn (37 bytes)


---------------  P R O C E S S  ---------------

Java Threads: ( => current thread )
  0x00000000179b4000 JavaThread "pool-3-thread-1" [_thread_blocked, id=8228, stack(0x0000000018570000,0x0000000018670000)]
  0x00000000179b1000 JavaThread "pool-2-thread-1" [_thread_in_Java, id=7664, stack(0x0000000018470000,0x0000000018570000)]
  0x0000000017720000 JavaThread "Service Thread" daemon [_thread_blocked, id=5148, stack(0x0000000018270000,0x0000000018370000)]
  0x0000000017695000 JavaThread "C1 CompilerThread3" daemon [_thread_blocked, id=7840, stack(0x0000000018170000,0x0000000018270000)]
  0x000000001768e000 JavaThread "C2 CompilerThread2" daemon [_thread_blocked, id=4204, stack(0x0000000018070000,0x0000000018170000)]
  0x000000001768c000 JavaThread "C2 CompilerThread1" daemon [_thread_blocked, id=2816, stack(0x0000000017f70000,0x0000000018070000)]
=>0x0000000017687000 JavaThread "C2 CompilerThread0" daemon [_thread_in_native, id=6304, stack(0x0000000017e70000,0x0000000017f70000)]
  0x0000000017686000 JavaThread "Attach Listener" daemon [_thread_blocked, id=9704, stack(0x0000000017d70000,0x0000000017e70000)]
  0x000000001579e800 JavaThread "Signal Dispatcher" daemon [_thread_blocked, id=8380, stack(0x0000000017c70000,0x0000000017d70000)]
  0x0000000017680800 JavaThread "Finalizer" daemon [_thread_blocked, id=5772, stack(0x0000000017a60000,0x0000000017b60000)]
  0x0000000002af4000 JavaThread "Reference Handler" daemon [_thread_blocked, id=7180, stack(0x0000000017560000,0x0000000017660000)]
  0x0000000002dce000 JavaThread "main" [_thread_blocked, id=2908, stack(0x00000000011b0000,0x00000000012b0000)]

Other Threads:
  0x0000000015789800 VMThread [stack: 0x0000000017460000,0x0000000017560000] [id=8696]
  0x000000001773b800 WatcherThread [stack: 0x0000000018370000,0x0000000018470000] [id=4460]

VM state:not at safepoint (normal execution)

VM Mutex/Monitor currently owned by a thread: None

Heap:
 PSYoungGen      total 18944K, used 13457K [0x00000000eab00000, 0x00000000ec000000, 0x0000000100000000)
  eden space 16384K, 82% used [0x00000000eab00000,0x00000000eb824740,0x00000000ebb00000)
  from space 2560K, 0% used [0x00000000ebd80000,0x00000000ebd80000,0x00000000ec000000)
  to   space 2560K, 0% used [0x00000000ebb00000,0x00000000ebb00000,0x00000000ebd80000)
 ParOldGen       total 44032K, used 0K [0x00000000c0000000, 0x00000000c2b00000, 0x00000000eab00000)
  object space 44032K, 0% used [0x00000000c0000000,0x00000000c0000000,0x00000000c2b00000)
 Metaspace       used 5715K, capacity 6706K, committed 6784K, reserved 1056768K
  class space    used 601K, capacity 618K, committed 640K, reserved 1048576K

Card table byte_map: [0x0000000012190000,0x00000000123a0000] byte_map_base: 0x0000000011b90000

Marking Bits: (ParMarkBitMap*) 0x00000000724ba6d0
 Begin Bits: [0x0000000012ba0000, 0x0000000013ba0000)
 End Bits:   [0x0000000013ba0000, 0x0000000014ba0000)

Polling page: 0x00000000029e0000

CodeCache: size=245760Kb used=3007Kb max_used=3021Kb free=242752Kb
 bounds [0x0000000002dd0000, 0x00000000030d0000, 0x0000000011dd0000]
 total_blobs=992 nmethods=723 adapters=182
 compilation: enabled

Compilation events (10 events):
Event: 0.924 Thread 0x0000000017695000  718       1       com.android.dx.rop.cst.TypedConstant::isConstant (2 bytes)
Event: 0.924 Thread 0x0000000017695000 nmethod 718 0x00000000030bec10 code [0x00000000030bed60, 0x00000000030bee70]
Event: 0.924 Thread 0x0000000017695000  621       1       com.android.dx.cf.attrib.AttCode::getCode (5 bytes)
Event: 0.924 Thread 0x0000000017695000 nmethod 621 0x00000000030beed0 code [0x00000000030bf020, 0x00000000030bf130]
Event: 0.924 Thread 0x0000000017695000  640       1       com.android.dx.dex.code.Dop::hasResult (5 bytes)
Event: 0.924 Thread 0x0000000017695000 nmethod 640 0x00000000030bf190 code [0x00000000030bf2e0, 0x00000000030bf3f0]
Event: 0.924 Thread 0x0000000017695000  663       1       com.android.dx.dex.code.RopTranslator::access$500 (5 bytes)
Event: 0.924 Thread 0x0000000017695000 nmethod 663 0x00000000030bf450 code [0x00000000030bf5a0, 0x00000000030bf690]
Event: 0.924 Thread 0x0000000017695000  630       1       com.android.dx.rop.code.RopMethod::getFirstLabel (5 bytes)
Event: 0.924 Thread 0x0000000017695000 nmethod 630 0x00000000030bf710 code [0x00000000030bf860, 0x00000000030bf970]

GC Heap History (0 events):
No events

Deoptimization events (1 events):
Event: 0.810 Thread 0x00000000179b1000 Uncommon trap: reason=unstable_if action=reinterpret pc=0x0000000002fd4038 method=java.util.HashMap.getNode(ILjava/lang/Object;)Ljava/util/HashMap$Node; @ 62

Internal exceptions (2 events):
Event: 0.038 Thread 0x0000000002dce000 Exception <a 'java/lang/NoSuchMethodError': Method sun.misc.Unsafe.defineClass(Ljava/lang/String;[BII)Ljava/lang/Class; name or signature does not match> (0x00000000eab07cc0) thrown at [C:\re\workspace\8-2-build-windows-amd64-cygwin\jdk8u101\7261\hotspot\s)6r¸²£?
Event: 0.038 Thread 0x0000000002dce000 Exception <a 'java/lang/NoSuchMethodError': Method sun.misc.Unsafe.prefetchRead(Ljava/lang/Object;J)V name or signature does not match> (0x00000000eab07fa8) thrown at [C:\re\workspace\8-2-build-windows-amd64-cygwin\jdk8u101\7261\hotspot\src\share\vm\prims\

Events (10 events):
Event: 0.811 loading class java/util/HashMap$Values done
Event: 0.811 loading class java/util/HashMap$ValueIterator
Event: 0.811 loading class java/util/HashMap$ValueIterator done
Event: 0.813 Thread 0x00000000179c2800 Thread exited: 0x00000000179c2800
Event: 0.822 loading class java/util/DualPivotQuicksort
Event: 0.822 loading class java/util/DualPivotQuicksort done
Event: 0.824 loading class com/android/dx/dex/file/MethodAnnotationStruct
Event: 0.824 loading class com/android/dx/dex/file/MethodAnnotationStruct done
Event: 0.875 loading class java/util/ArrayList$1
Event: 0.875 loading class java/util/ArrayList$1 done


Dynamic libraries:
0x00007ff606f30000 - 0x00007ff606f67000 	C:\Program Files\Java\jdk1.8.0_101\bin\java.exe
0x00007ffa02220000 - 0x00007ffa023f1000 	C:\WINDOWS\SYSTEM32\ntdll.dll
0x00007ff9ff810000 - 0x00007ff9ff8bb000 	C:\WINDOWS\System32\KERNEL32.DLL
0x00007ff9ff4e0000 - 0x00007ff9ff6fd000 	C:\WINDOWS\System32\KERNELBASE.dll
0x00007ffa00470000 - 0x00007ffa00512000 	C:\WINDOWS\System32\ADVAPI32.dll
0x00007ff9ff8c0000 - 0x00007ff9ff95e000 	C:\WINDOWS\System32\msvcrt.dll
0x00007ffa01d10000 - 0x00007ffa01d69000 	C:\WINDOWS\System32\sechost.dll
0x00007ffa01ac0000 - 0x00007ffa01be1000 	C:\WINDOWS\System32\RPCRT4.dll
0x00007ffa01dd0000 - 0x00007ffa01f35000 	C:\WINDOWS\System32\USER32.dll
0x00007ff9fe990000 - 0x00007ff9fe9ae000 	C:\WINDOWS\System32\win32u.dll
0x00007ffa01a80000 - 0x00007ffa01ab4000 	C:\WINDOWS\System32\GDI32.dll
0x00007ff9fe9b0000 - 0x00007ff9feb32000 	C:\WINDOWS\System32\gdi32full.dll
0x00007ff9f4900000 - 0x00007ff9f4b79000 	C:\WINDOWS\WinSxS\amd64_microsoft.windows.common-controls_6595b64144ccf1df_6.0.14393.447_none_42191651c6827bb3\COMCTL32.dll
0x00007ff9ff9d0000 - 0x00007ff9ffc97000 	C:\WINDOWS\System32\combase.dll
0x00007ff9fed00000 - 0x00007ff9fedf5000 	C:\WINDOWS\System32\ucrtbase.dll
0x00007ff9fec90000 - 0x00007ff9fecfa000 	C:\WINDOWS\System32\bcryptPrimitives.dll
0x00007ffa00520000 - 0x00007ffa0054e000 	C:\WINDOWS\System32\IMM32.DLL
0x0000000072540000 - 0x0000000072612000 	C:\Program Files\Java\jdk1.8.0_101\jre\bin\msvcr100.dll
0x0000000071ca0000 - 0x000000007253a000 	C:\Program Files\Java\jdk1.8.0_101\jre\bin\server\jvm.dll
0x00007ff9ffe50000 - 0x00007ff9ffe58000 	C:\WINDOWS\System32\PSAPI.DLL
0x00007ff9f4830000 - 0x00007ff9f4839000 	C:\WINDOWS\SYSTEM32\WSOCK32.dll
0x00007ff9fc850000 - 0x00007ff9fc873000 	C:\WINDOWS\SYSTEM32\WINMM.dll
0x00007ffa00290000 - 0x00007ffa002fa000 	C:\WINDOWS\System32\WS2_32.dll
0x00007ff9f4eb0000 - 0x00007ff9f4eba000 	C:\WINDOWS\SYSTEM32\VERSION.dll
0x00007ff9fc790000 - 0x00007ff9fc7bb000 	C:\WINDOWS\SYSTEM32\WINMMBASE.dll
0x00007ff9fe940000 - 0x00007ff9fe982000 	C:\WINDOWS\System32\cfgmgr32.dll
0x0000000072960000 - 0x000000007296f000 	C:\Program Files\Java\jdk1.8.0_101\jre\bin\verify.dll
0x0000000071c70000 - 0x0000000071c99000 	C:\Program Files\Java\jdk1.8.0_101\jre\bin\java.dll
0x0000000071c50000 - 0x0000000071c66000 	C:\Program Files\Java\jdk1.8.0_101\jre\bin\zip.dll
0x00007ffa00570000 - 0x00007ffa01a79000 	C:\WINDOWS\System32\SHELL32.dll
0x00007ff9fee00000 - 0x00007ff9ff4da000 	C:\WINDOWS\System32\windows.storage.dll
0x00007ff9fe6c0000 - 0x00007ff9fe70c000 	C:\WINDOWS\System32\powrprof.dll
0x00007ffa01d70000 - 0x00007ffa01dc2000 	C:\WINDOWS\System32\shlwapi.dll
0x00007ff9fe6a0000 - 0x00007ff9fe6af000 	C:\WINDOWS\System32\kernel.appcore.dll
0x00007ff9febe0000 - 0x00007ff9fec89000 	C:\WINDOWS\System32\shcore.dll
0x00007ff9fe680000 - 0x00007ff9fe694000 	C:\WINDOWS\System32\profapi.dll

VM Arguments:
jvm_args: -Djava.awt.headless=true -Xmx1024M -Dfile.encoding=windows-1252 -Duser.country=FR -Duser.language=fr -Duser.variant 
java_command: com.android.dx.command.Main --dex --force-jumbo --num-threads=4 --multi-dex --output C:\EPSI\B3\Java\Sudoku\app\build\intermediates\transforms\dex\debug\folders\1000\10\com.android.support-animated-vector-drawable-23.4.0_8c933d4beabb075067933298b9db07d659103608 C:\EPSI\B3\Java\Sudoku\app\build\intermediates\exploded-aar\com.android.support\animated-vector-drawable\23.4.0\jars\classes.jar
java_class_path (initial): C:\Program Files\Android\build-tools\25.0.2\lib\dx.jar
Launcher Type: SUN_STANDARD

Environment Variables:
PATH=C:\ProgramData\Oracle\Java\javapath;C:\WINDOWS\system32;C:\WINDOWS;C:\WINDOWS\System32\Wbem;C:\WINDOWS\System32\WindowsPowerShell\v1.0\;C:\Program Files (x86)\Skype\Phone\;C:\Program Files\Microsoft SQL Server\120\Tools\Binn\;C:\Program Files\Git\cmd;C:\Program Files\Microsoft SQL Server\Client SDK\ODBC\110\Tools\Binn\;C:\Program Files (x86)\Microsoft SQL Server\130\Tools\Binn\;C:\Program Files\Microsoft SQL Server\130\Tools\Binn\;C:\Program Files\Microsoft SQL Server\130\DTS\Binn\;C:\Program Files (x86)\Microsoft SQL Server\130\Tools\Binn\ManagementStudio\;C:\Program Files (x86)\Microsoft SQL Server\130\DTS\Binn\;C:\Users\zedyfis\.dnx\bin;C:\Program Files\Microsoft DNX\Dnvm\;C:\Program Files (x86)\Windows Kits\10\Windows Performance Toolkit\;C:\Program Files (x86)\NVIDIA Corporation\PhysX\Common;%SystemRoot%\system32;%SystemRoot%;%SystemRoot%\System32\Wbem;%SYSTEMROOT%\System32\WindowsPowerShell\v1.0\;C:\Program Files\Java\jdk1.8.0_101\bin\;C:\Program Files (x86)\Nmap
USERNAME=zedyfis
OS=Windows_NT
PROCESSOR_IDENTIFIER=Intel64 Family 6 Model 60 Stepping 3, GenuineIntel



---------------  S Y S T E M  ---------------

OS: Windows 10.0 , 64 bit Build 14393 (10.0.14393.0)

CPU:total 8 (4 cores per cpu, 2 threads per core) family 6 model 60 stepping 3, cmov, cx8, fxsr, mmx, sse, sse2, sse3, ssse3, sse4.1, sse4.2, popcnt, avx, avx2, aes, clmul, erms, lzcnt, ht, tsc, tscinvbit, bmi1, bmi2

Memory: 4k page, physical 4112628k(188152k free), swap 5544180k(8284k free)

vm_info: Java HotSpot(TM) 64-Bit Server VM (25.101-b13) for windows-amd64 JRE (1.8.0_101-b13), built on Jun 22 2016 01:21:29 by "java_re" with MS VC++ 10.0 (VS2010)

time: Mon Feb 06 20:41:30 2017
elapsed time: 0 seconds (0d 0h 0m 0s)

