#
# There is insufficient memory for the Java Runtime Environment to continue.
# Native memory allocation (malloc) failed to allocate 464 bytes for AllocateHeap
# Possible reasons:
#   The system is out of physical RAM or swap space
#   In 32 bit mode, the process size limit was hit
# Possible solutions:
#   Reduce memory load on the system
#   Increase physical memory or swap space
#   Check if swap backing store is full
#   Use 64 bit Java on a 64 bit OS
#   Decrease Java heap size (-Xmx/-Xms)
#   Decrease number of Java threads
#   Decrease Java thread stack sizes (-Xss)
#   Set larger code cache with -XX:ReservedCodeCacheSize=
# This output file may be truncated or incomplete.
#
#  Out of Memory Error (memory/allocation.inline.hpp:61), pid=10108, tid=0x00000000000028d8
#
# JRE version: Java(TM) SE Runtime Environment (8.0_101-b13) (build 1.8.0_101-b13)
# Java VM: Java HotSpot(TM) 64-Bit Server VM (25.101-b13 mixed mode windows-amd64 compressed oops)
# Failed to write core dump. Minidumps are not enabled by default on client versions of Windows
#

---------------  T H R E A D  ---------------

Current thread (0x00000000175b5000):  JavaThread "C1 CompilerThread3" daemon [_thread_in_vm, id=10456, stack(0x0000000018090000,0x0000000018190000)]

Stack: [0x0000000018090000,0x0000000018190000]
[error occurred during error reporting (printing stack bounds), id 0xc0000005]

Native frames: (J=compiled Java code, j=interpreted, Vv=VM code, C=native code)


Current CompileTask:
C1:   1064  981       3       com.android.dx.util.IntList::mutableCopy (39 bytes)


---------------  P R O C E S S  ---------------

Java Threads: ( => current thread )
  0x0000000017831800 JavaThread "pool-2-thread-4" [_thread_blocked, id=7816, stack(0x0000000018790000,0x0000000018890000)]
  0x0000000017830800 JavaThread "pool-2-thread-3" [_thread_blocked, id=8604, stack(0x0000000018690000,0x0000000018790000)]
  0x000000001775f000 JavaThread "pool-2-thread-2" [_thread_blocked, id=10744, stack(0x0000000018590000,0x0000000018690000)]
  0x000000001775e000 JavaThread "pool-3-thread-1" [_thread_blocked, id=10564, stack(0x0000000018490000,0x0000000018590000)]
  0x0000000017757000 JavaThread "pool-2-thread-1" [_thread_in_Java, id=224, stack(0x0000000018390000,0x0000000018490000)]
  0x00000000175d1000 JavaThread "Service Thread" daemon [_thread_blocked, id=11192, stack(0x0000000018190000,0x0000000018290000)]
=>0x00000000175b5000 JavaThread "C1 CompilerThread3" daemon [_thread_in_vm, id=10456, stack(0x0000000018090000,0x0000000018190000)]
  0x00000000175b2000 JavaThread "C2 CompilerThread2" daemon [_thread_blocked, id=8752, stack(0x0000000017f90000,0x0000000018090000)]
  0x00000000175ac000 JavaThread "C2 CompilerThread1" daemon [_thread_blocked, id=7780, stack(0x0000000017e90000,0x0000000017f90000)]
  0x00000000175a7800 JavaThread "C2 CompilerThread0" daemon [_thread_in_vm, id=8064, stack(0x0000000017d90000,0x0000000017e90000)]
  0x00000000175a6000 JavaThread "Attach Listener" daemon [_thread_blocked, id=10356, stack(0x0000000017c90000,0x0000000017d90000)]
  0x00000000156be800 JavaThread "Signal Dispatcher" daemon [_thread_blocked, id=8288, stack(0x0000000017b90000,0x0000000017c90000)]
  0x00000000175a0800 JavaThread "Finalizer" daemon [_thread_blocked, id=10372, stack(0x0000000017980000,0x0000000017a80000)]
  0x0000000002b84000 JavaThread "Reference Handler" daemon [_thread_blocked, id=6312, stack(0x0000000017480000,0x0000000017580000)]
  0x000000000296e000 JavaThread "main" [_thread_blocked, id=5984, stack(0x0000000002990000,0x0000000002a90000)]

Other Threads:
  0x00000000156a9800 VMThread [stack: 0x0000000017380000,0x0000000017480000] [id=792]
  0x00000000175d4000 WatcherThread [stack: 0x0000000018290000,0x0000000018390000] [id=7312]

VM state:not at safepoint (normal execution)

VM Mutex/Monitor currently owned by a thread:  ([mutex/lock_event])
[0x000000000296c6c0] CodeCache_lock - owner thread: 0x00000000175b5000
[0x0000000002a90d50] Compile_lock - owner thread: 0x00000000175b5000
[0x0000000002a901d0] MethodCompileQueue_lock - owner thread: 0x00000000175b5000

Heap:
 PSYoungGen      total 18944K, used 9328K [0x00000000eab00000, 0x00000000ec000000, 0x0000000100000000)
  eden space 16384K, 41% used [0x00000000eab00000,0x00000000eb1a0c58,0x00000000ebb00000)
  from space 2560K, 99% used [0x00000000ebb00000,0x00000000ebd7b3d0,0x00000000ebd80000)
  to   space 2560K, 0% used [0x00000000ebd80000,0x00000000ebd80000,0x00000000ec000000)
 ParOldGen       total 44032K, used 1999K [0x00000000c0000000, 0x00000000c2b00000, 0x00000000eab00000)
  object space 44032K, 4% used [0x00000000c0000000,0x00000000c01f3e90,0x00000000c2b00000)
 Metaspace       used 5881K, capacity 6834K, committed 7040K, reserved 1056768K
  class space    used 603K, capacity 618K, committed 640K, reserved 1048576K

Card table byte_map: [0x0000000011f50000,0x0000000012160000] byte_map_base: 0x0000000011950000

Marking Bits: (ParMarkBitMap*) 0x00000000724ba6d0
 Begin Bits: [0x0000000012ac0000, 0x0000000013ac0000)
 End Bits:   [0x0000000013ac0000, 0x0000000014ac0000)

Polling page: 0x00000000028d0000

CodeCache: size=245760Kb used=3852Kb max_used=3863Kb free=241907Kb
 bounds [0x0000000002b90000, 0x0000000002f60000, 0x0000000011b90000]
 total_blobs=1239 nmethods=969 adapters=182
 compilation: enabled

Compilation events (10 events):
Event: 1.051 Thread 0x00000000175a7800 nmethod 975 0x0000000002f41cd0 code [0x0000000002f41e20, 0x0000000002f41ee8]
Event: 1.051 Thread 0x00000000175a7800  977       4       com.android.dx.rop.code.PlainInsn::<init> (73 bytes)
Event: 1.051 Thread 0x00000000175b5000 nmethod 972 0x0000000002f50d10 code [0x0000000002f51040, 0x0000000002f52908]
Event: 1.051 Thread 0x00000000175b5000  974       3       com.android.dx.rop.code.RopMethod::calcPredecessors (227 bytes)
Event: 1.052 Thread 0x00000000175a7800 nmethod 977 0x0000000002f56850 code [0x0000000002f569a0, 0x0000000002f56af8]
Event: 1.052 Thread 0x00000000175a7800  982       4       com.android.dx.rop.code.InsnList::forEach (28 bytes)
Event: 1.052 Thread 0x00000000175b2000 nmethod 966 0x0000000002f56250 code [0x0000000002f563c0, 0x0000000002f565a8]
Event: 1.053 Thread 0x00000000175b5000 nmethod 974 0x0000000002f56c50 code [0x0000000002f56f60, 0x0000000002f58b88]
Event: 1.053 Thread 0x00000000175b5000  981       3       com.android.dx.util.IntList::mutableCopy (39 bytes)
Event: 1.053 Thread 0x00000000175ac000 nmethod 971 0x0000000002f53810 code [0x0000000002f53980, 0x0000000002f53ef8]

GC Heap History (2 events):
Event: 0.820 GC heap before
{Heap before GC invocations=1 (full 0):
 PSYoungGen      total 18944K, used 16384K [0x00000000eab00000, 0x00000000ec000000, 0x0000000100000000)
  eden space 16384K, 100% used [0x00000000eab00000,0x00000000ebb00000,0x00000000ebb00000)
  from space 2560K, 0% used [0x00000000ebd80000,0x00000000ebd80000,0x00000000ec000000)
  to   space 2560K, 0% used [0x00000000ebb00000,0x00000000ebb00000,0x00000000ebd80000)
 ParOldGen       total 44032K, used 0K [0x00000000c0000000, 0x00000000c2b00000, 0x00000000eab00000)
  object space 44032K, 0% used [0x00000000c0000000,0x00000000c0000000,0x00000000c2b00000)
 Metaspace       used 5799K, capacity 6768K, committed 7040K, reserved 1056768K
  class space    used 601K, capacity 616K, committed 640K, reserved 1048576K
Event: 0.938 GC heap after
Heap after GC invocations=1 (full 0):
 PSYoungGen      total 18944K, used 2540K [0x00000000eab00000, 0x00000000ec000000, 0x0000000100000000)
  eden space 16384K, 0% used [0x00000000eab00000,0x00000000eab00000,0x00000000ebb00000)
  from space 2560K, 99% used [0x00000000ebb00000,0x00000000ebd7b3d0,0x00000000ebd80000)
  to   space 2560K, 0% used [0x00000000ebd80000,0x00000000ebd80000,0x00000000ec000000)
 ParOldGen       total 44032K, used 1999K [0x00000000c0000000, 0x00000000c2b00000, 0x00000000eab00000)
  object space 44032K, 4% used [0x00000000c0000000,0x00000000c01f3e90,0x00000000c2b00000)
 Metaspace       used 5799K, capacity 6768K, committed 7040K, reserved 1056768K
  class space    used 601K, capacity 616K, committed 640K, reserved 1048576K
}

Deoptimization events (1 events):
Event: 0.722 Thread 0x0000000017830800 Uncommon trap: reason=unstable_if action=reinterpret pc=0x0000000002d91660 method=java.util.HashMap.getNode(ILjava/lang/Object;)Ljava/util/HashMap$Node; @ 129

Internal exceptions (2 events):
Event: 0.038 Thread 0x000000000296e000 Exception <a 'java/lang/NoSuchMethodError': Method sun.misc.Unsafe.defineClass(Ljava/lang/String;[BII)Ljava/lang/Class; name or signature does not match> (0x00000000eab07cc0) thrown at [C:\re\workspace\8-2-build-windows-amd64-cygwin\jdk8u101\7261\hotspot\sñÅ¾Ì]£?
Event: 0.038 Thread 0x000000000296e000 Exception <a 'java/lang/NoSuchMethodError': Method sun.misc.Unsafe.prefetchRead(Ljava/lang/Object;J)V name or signature does not match> (0x00000000eab07fa8) thrown at [C:\re\workspace\8-2-build-windows-amd64-cygwin\jdk8u101\7261\hotspot\src\share\vm\prims\

Events (10 events):
Event: 0.750 loading class com/android/dx/dex/file/AnnotationSetRefItem
Event: 0.750 loading class com/android/dx/dex/file/AnnotationSetRefItem done
Event: 0.789 loading class java/util/ArrayList$1
Event: 0.790 loading class java/util/ArrayList$1 done
Event: 0.800 Executing VM operation: ParallelGCFailedAllocation
Event: 0.938 Executing VM operation: ParallelGCFailedAllocation done
Event: 0.963 loading class java/util/HashMap$KeySet
Event: 0.964 loading class java/util/HashMap$KeySet done
Event: 0.964 loading class java/util/HashMap$KeyIterator
Event: 0.964 loading class java/util/HashMap$KeyIterator done


Dynamic libraries:
0x00007ff606f30000 - 0x00007ff606f67000 	C:\Program Files\Java\jdk1.8.0_101\bin\java.exe
0x00007ffa02220000 - 0x00007ffa023f1000 	C:\WINDOWS\SYSTEM32\ntdll.dll
0x00007ff9ff810000 - 0x00007ff9ff8bb000 	C:\WINDOWS\System32\KERNEL32.DLL
0x00007ff9ff4e0000 - 0x00007ff9ff6fd000 	C:\WINDOWS\System32\KERNELBASE.dll
0x00007ffa00470000 - 0x00007ffa00512000 	C:\WINDOWS\System32\ADVAPI32.dll
0x00007ff9ff8c0000 - 0x00007ff9ff95e000 	C:\WINDOWS\System32\msvcrt.dll
0x00007ffa01d10000 - 0x00007ffa01d69000 	C:\WINDOWS\System32\sechost.dll
0x00007ffa01ac0000 - 0x00007ffa01be1000 	C:\WINDOWS\System32\RPCRT4.dll
0x00007ffa01dd0000 - 0x00007ffa01f35000 	C:\WINDOWS\System32\USER32.dll
0x00007ff9fe990000 - 0x00007ff9fe9ae000 	C:\WINDOWS\System32\win32u.dll
0x00007ffa01a80000 - 0x00007ffa01ab4000 	C:\WINDOWS\System32\GDI32.dll
0x00007ff9fe9b0000 - 0x00007ff9feb32000 	C:\WINDOWS\System32\gdi32full.dll
0x00007ff9f4900000 - 0x00007ff9f4b79000 	C:\WINDOWS\WinSxS\amd64_microsoft.windows.common-controls_6595b64144ccf1df_6.0.14393.447_none_42191651c6827bb3\COMCTL32.dll
0x00007ff9ff9d0000 - 0x00007ff9ffc97000 	C:\WINDOWS\System32\combase.dll
0x00007ff9fed00000 - 0x00007ff9fedf5000 	C:\WINDOWS\System32\ucrtbase.dll
0x00007ff9fec90000 - 0x00007ff9fecfa000 	C:\WINDOWS\System32\bcryptPrimitives.dll
0x00007ffa00520000 - 0x00007ffa0054e000 	C:\WINDOWS\System32\IMM32.DLL
0x0000000072540000 - 0x0000000072612000 	C:\Program Files\Java\jdk1.8.0_101\jre\bin\msvcr100.dll
0x0000000071ca0000 - 0x000000007253a000 	C:\Program Files\Java\jdk1.8.0_101\jre\bin\server\jvm.dll
0x00007ff9ffe50000 - 0x00007ff9ffe58000 	C:\WINDOWS\System32\PSAPI.DLL
0x00007ff9f4830000 - 0x00007ff9f4839000 	C:\WINDOWS\SYSTEM32\WSOCK32.dll
0x00007ffa00290000 - 0x00007ffa002fa000 	C:\WINDOWS\System32\WS2_32.dll
0x00007ff9fc850000 - 0x00007ff9fc873000 	C:\WINDOWS\SYSTEM32\WINMM.dll
0x00007ff9f4eb0000 - 0x00007ff9f4eba000 	C:\WINDOWS\SYSTEM32\VERSION.dll
0x00007ff9fc790000 - 0x00007ff9fc7bb000 	C:\WINDOWS\SYSTEM32\WINMMBASE.dll
0x00007ff9fe940000 - 0x00007ff9fe982000 	C:\WINDOWS\System32\cfgmgr32.dll
0x0000000072960000 - 0x000000007296f000 	C:\Program Files\Java\jdk1.8.0_101\jre\bin\verify.dll
0x0000000071c70000 - 0x0000000071c99000 	C:\Program Files\Java\jdk1.8.0_101\jre\bin\java.dll
0x0000000071c50000 - 0x0000000071c66000 	C:\Program Files\Java\jdk1.8.0_101\jre\bin\zip.dll
0x00007ffa00570000 - 0x00007ffa01a79000 	C:\WINDOWS\System32\SHELL32.dll
0x00007ff9fee00000 - 0x00007ff9ff4da000 	C:\WINDOWS\System32\windows.storage.dll
0x00007ff9fe6c0000 - 0x00007ff9fe70c000 	C:\WINDOWS\System32\powrprof.dll
0x00007ffa01d70000 - 0x00007ffa01dc2000 	C:\WINDOWS\System32\shlwapi.dll
0x00007ff9fe6a0000 - 0x00007ff9fe6af000 	C:\WINDOWS\System32\kernel.appcore.dll
0x00007ff9febe0000 - 0x00007ff9fec89000 	C:\WINDOWS\System32\shcore.dll
0x00007ff9fe680000 - 0x00007ff9fe694000 	C:\WINDOWS\System32\profapi.dll

VM Arguments:
jvm_args: -Djava.awt.headless=true -Xmx1024M -Dfile.encoding=windows-1252 -Duser.country=FR -Duser.language=fr -Duser.variant 
java_command: com.android.dx.command.Main --dex --force-jumbo --num-threads=4 --multi-dex --output C:\EPSI\B3\Java\Sudoku\app\build\intermediates\transforms\dex\debug\folders\1000\10\com.android.support-support-vector-drawable-23.4.0_d1395f650a9c62ca8deb71ba6579a376a09ae191 C:\EPSI\B3\Java\Sudoku\app\build\intermediates\exploded-aar\com.android.support\support-vector-drawable\23.4.0\jars\classes.jar
java_class_path (initial): C:\Program Files\Android\build-tools\25.0.2\lib\dx.jar
Launcher Type: SUN_STANDARD

Environment Variables:
PATH=C:\ProgramData\Oracle\Java\javapath;C:\WINDOWS\system32;C:\WINDOWS;C:\WINDOWS\System32\Wbem;C:\WINDOWS\System32\WindowsPowerShell\v1.0\;C:\Program Files (x86)\Skype\Phone\;C:\Program Files\Microsoft SQL Server\120\Tools\Binn\;C:\Program Files\Git\cmd;C:\Program Files\Microsoft SQL Server\Client SDK\ODBC\110\Tools\Binn\;C:\Program Files (x86)\Microsoft SQL Server\130\Tools\Binn\;C:\Program Files\Microsoft SQL Server\130\Tools\Binn\;C:\Program Files\Microsoft SQL Server\130\DTS\Binn\;C:\Program Files (x86)\Microsoft SQL Server\130\Tools\Binn\ManagementStudio\;C:\Program Files (x86)\Microsoft SQL Server\130\DTS\Binn\;C:\Users\zedyfis\.dnx\bin;C:\Program Files\Microsoft DNX\Dnvm\;C:\Program Files (x86)\Windows Kits\10\Windows Performance Toolkit\;C:\Program Files (x86)\NVIDIA Corporation\PhysX\Common;%SystemRoot%\system32;%SystemRoot%;%SystemRoot%\System32\Wbem;%SYSTEMROOT%\System32\WindowsPowerShell\v1.0\;C:\Program Files\Java\jdk1.8.0_101\bin\;C:\Program Files (x86)\Nmap
USERNAME=zedyfis
OS=Windows_NT
PROCESSOR_IDENTIFIER=Intel64 Family 6 Model 60 Stepping 3, GenuineIntel



---------------  S Y S T E M  ---------------

OS: Windows 10.0 , 64 bit Build 14393 (10.0.14393.0)

CPU:total 8 (4 cores per cpu, 2 threads per core) family 6 model 60 stepping 3, cmov, cx8, fxsr, mmx, sse, sse2, sse3, ssse3, sse4.1, sse4.2, popcnt, avx, avx2, aes, clmul, erms, lzcnt, ht, tsc, tscinvbit, bmi1, bmi2

Memory: 4k page, physical 4112628k(185288k free), swap 5544180k(3392k free)

vm_info: Java HotSpot(TM) 64-Bit Server VM (25.101-b13) for windows-amd64 JRE (1.8.0_101-b13), built on Jun 22 2016 01:21:29 by "java_re" with MS VC++ 10.0 (VS2010)

time: Mon Feb 06 20:41:30 2017
elapsed time: 1 seconds (0d 0h 0m 1s)

