#
# There is insufficient memory for the Java Runtime Environment to continue.
# Native memory allocation (malloc) failed to allocate 32784 bytes for Chunk::new
# Possible reasons:
#   The system is out of physical RAM or swap space
#   In 32 bit mode, the process size limit was hit
# Possible solutions:
#   Reduce memory load on the system
#   Increase physical memory or swap space
#   Check if swap backing store is full
#   Use 64 bit Java on a 64 bit OS
#   Decrease Java heap size (-Xmx/-Xms)
#   Decrease number of Java threads
#   Decrease Java thread stack sizes (-Xss)
#   Set larger code cache with -XX:ReservedCodeCacheSize=
# This output file may be truncated or incomplete.
#
#  Out of Memory Error (allocation.cpp:390), pid=9532, tid=0x0000000000001ee0
#
# JRE version: Java(TM) SE Runtime Environment (8.0_101-b13) (build 1.8.0_101-b13)
# Java VM: Java HotSpot(TM) 64-Bit Server VM (25.101-b13 mixed mode windows-amd64 compressed oops)
# Failed to write core dump. Minidumps are not enabled by default on client versions of Windows
#

---------------  T H R E A D  ---------------

Current thread (0x00000000170ac800):  JavaThread "C2 CompilerThread1" daemon [_thread_in_native, id=7904, stack(0x0000000017990000,0x0000000017a90000)]

Stack: [0x0000000017990000,0x0000000017a90000]
[error occurred during error reporting (printing stack bounds), id 0xc0000005]

Native frames: (J=compiled Java code, j=interpreted, Vv=VM code, C=native code)


Current CompileTask:
C2:   6436 1953 %     4       com.android.dx.ssa.SCCP::run @ 93 (298 bytes)


---------------  P R O C E S S  ---------------

Java Threads: ( => current thread )
  0x0000000017ee7800 JavaThread "pool-1-thread-4" [_thread_blocked, id=9684, stack(0x0000000018a90000,0x0000000018b90000)]
  0x0000000017ee8800 JavaThread "pool-1-thread-3" [_thread_blocked, id=8572, stack(0x0000000018990000,0x0000000018a90000)]
  0x0000000017460000 JavaThread "pool-1-thread-2" [_thread_blocked, id=4216, stack(0x0000000018890000,0x0000000018990000)]
  0x00000000173b1800 JavaThread "pool-2-thread-1" [_thread_blocked, id=5424, stack(0x0000000018790000,0x0000000018890000)]
  0x0000000017ef7000 JavaThread "pool-1-thread-1" [_thread_blocked, id=3360, stack(0x0000000018690000,0x0000000018790000)]
  0x00000000170d0000 JavaThread "Service Thread" daemon [_thread_blocked, id=3436, stack(0x0000000017c90000,0x0000000017d90000)]
  0x00000000170b8800 JavaThread "C1 CompilerThread3" daemon [_thread_blocked, id=5288, stack(0x0000000017b90000,0x0000000017c90000)]
  0x00000000170b0000 JavaThread "C2 CompilerThread2" daemon [_thread_in_native, id=8756, stack(0x0000000017a90000,0x0000000017b90000)]
=>0x00000000170ac800 JavaThread "C2 CompilerThread1" daemon [_thread_in_native, id=7904, stack(0x0000000017990000,0x0000000017a90000)]
  0x00000000170a7800 JavaThread "C2 CompilerThread0" daemon [_thread_in_native, id=5620, stack(0x0000000017890000,0x0000000017990000)]
  0x00000000170a6000 JavaThread "Attach Listener" daemon [_thread_blocked, id=7468, stack(0x0000000017790000,0x0000000017890000)]
  0x00000000170a5000 JavaThread "Signal Dispatcher" daemon [_thread_blocked, id=5956, stack(0x0000000017690000,0x0000000017790000)]
  0x000000000266d800 JavaThread "Finalizer" daemon [_thread_blocked, id=8888, stack(0x0000000017480000,0x0000000017580000)]
  0x000000001518d800 JavaThread "Reference Handler" daemon [_thread_blocked, id=5976, stack(0x0000000016f80000,0x0000000017080000)]
  0x000000000253e000 JavaThread "main" [_thread_in_Java, id=6980, stack(0x00000000023d0000,0x00000000024d0000)]

Other Threads:
  0x0000000015188800 VMThread [stack: 0x0000000016e80000,0x0000000016f80000] [id=6320]
  0x0000000017174000 WatcherThread [stack: 0x0000000017d90000,0x0000000017e90000] [id=3836]

VM state:not at safepoint (normal execution)

VM Mutex/Monitor currently owned by a thread: None

Heap:
 PSYoungGen      total 75264K, used 64237K [0x00000000eab00000, 0x00000000f0000000, 0x0000000100000000)
  eden space 65024K, 87% used [0x00000000eab00000,0x00000000ee23ef20,0x00000000eea80000)
  from space 10240K, 74% used [0x00000000ef500000,0x00000000efc7c5e8,0x00000000eff00000)
  to   space 10752K, 0% used [0x00000000eea80000,0x00000000eea80000,0x00000000ef500000)
 ParOldGen       total 44032K, used 13992K [0x00000000c0000000, 0x00000000c2b00000, 0x00000000eab00000)
  object space 44032K, 31% used [0x00000000c0000000,0x00000000c0daa270,0x00000000c2b00000)
 Metaspace       used 6360K, capacity 7154K, committed 7296K, reserved 1056768K
  class space    used 606K, capacity 618K, committed 640K, reserved 1048576K

Card table byte_map: [0x0000000011a30000,0x0000000011c40000] byte_map_base: 0x0000000011430000

Marking Bits: (ParMarkBitMap*) 0x00000000724ba6d0
 Begin Bits: [0x00000000125a0000, 0x00000000135a0000)
 End Bits:   [0x00000000135a0000, 0x00000000145a0000)

Polling page: 0x00000000006f0000

CodeCache: size=245760Kb used=8533Kb max_used=8556Kb free=237227Kb
 bounds [0x0000000002670000, 0x0000000002ee0000, 0x0000000011670000]
 total_blobs=2171 nmethods=1901 adapters=182
 compilation: enabled

Compilation events (10 events):
Event: 6.358 Thread 0x00000000170ac800 nmethod 1889 0x0000000002e8fb10 code [0x0000000002e8fc80, 0x0000000002e8ff38]
Event: 6.358 Thread 0x00000000170ac800 1864       4       com.android.dx.rop.code.BasicBlockList::preferredSuccessorOf (77 bytes)
Event: 6.363 Thread 0x00000000170ac800 nmethod 1864 0x0000000002ea97d0 code [0x0000000002ea9940, 0x0000000002ea9c58]
Event: 6.363 Thread 0x00000000170ac800 1923       4       com.android.dx.util.ByteArray::<init> (81 bytes)
Event: 6.365 Thread 0x00000000170ac800 nmethod 1923 0x0000000002ea9490 code [0x0000000002ea95e0, 0x0000000002ea96d8]
Event: 6.365 Thread 0x00000000170ac800 1922       4       com.android.dx.rop.code.PlainCstInsn::accept (8 bytes)
Event: 6.365 Thread 0x00000000170ac800 nmethod 1922 0x0000000002be21d0 code [0x0000000002be2300, 0x0000000002be2378]
Event: 6.365 Thread 0x00000000170ac800 1879       4       com.android.dx.ssa.SsaBasicBlock::<init> (109 bytes)
Event: 6.379 Thread 0x00000000170ac800 nmethod 1879 0x0000000002eab1d0 code [0x0000000002eab360, 0x0000000002eab9f8]
Event: 6.379 Thread 0x00000000170ac800 1953 %     4       com.android.dx.ssa.SCCP::run @ 93 (298 bytes)

GC Heap History (10 events):
Event: 1.267 GC heap before
{Heap before GC invocations=2 (full 0):
 PSYoungGen      total 18944K, used 17861K [0x00000000eab00000, 0x00000000ec000000, 0x0000000100000000)
  eden space 16384K, 100% used [0x00000000eab00000,0x00000000ebb00000,0x00000000ebb00000)
  from space 2560K, 57% used [0x00000000ebb00000,0x00000000ebc71638,0x00000000ebd80000)
  to   space 2560K, 0% used [0x00000000ebd80000,0x00000000ebd80000,0x00000000ec000000)
 ParOldGen       total 44032K, used 8K [0x00000000c0000000, 0x00000000c2b00000, 0x00000000eab00000)
  object space 44032K, 0% used [0x00000000c0000000,0x00000000c0002000,0x00000000c2b00000)
 Metaspace       used 5984K, capacity 6896K, committed 7040K, reserved 1056768K
  class space    used 602K, capacity 616K, committed 640K, reserved 1048576K
Event: 1.349 GC heap after
Heap after GC invocations=2 (full 0):
 PSYoungGen      total 18944K, used 2546K [0x00000000eab00000, 0x00000000ed000000, 0x0000000100000000)
  eden space 16384K, 0% used [0x00000000eab00000,0x00000000eab00000,0x00000000ebb00000)
  from space 2560K, 99% used [0x00000000ebd80000,0x00000000ebffcb60,0x00000000ec000000)
  to   space 2560K, 0% used [0x00000000ebb00000,0x00000000ebb00000,0x00000000ebd80000)
 ParOldGen       total 44032K, used 2014K [0x00000000c0000000, 0x00000000c2b00000, 0x00000000eab00000)
  object space 44032K, 4% used [0x00000000c0000000,0x00000000c01f7ba0,0x00000000c2b00000)
 Metaspace       used 5984K, capacity 6896K, committed 7040K, reserved 1056768K
  class space    used 602K, capacity 616K, committed 640K, reserved 1048576K
}
Event: 1.695 GC heap before
{Heap before GC invocations=3 (full 0):
 PSYoungGen      total 18944K, used 18930K [0x00000000eab00000, 0x00000000ed000000, 0x0000000100000000)
  eden space 16384K, 100% used [0x00000000eab00000,0x00000000ebb00000,0x00000000ebb00000)
  from space 2560K, 99% used [0x00000000ebd80000,0x00000000ebffcb60,0x00000000ec000000)
  to   space 2560K, 0% used [0x00000000ebb00000,0x00000000ebb00000,0x00000000ebd80000)
 ParOldGen       total 44032K, used 2014K [0x00000000c0000000, 0x00000000c2b00000, 0x00000000eab00000)
  object space 44032K, 4% used [0x00000000c0000000,0x00000000c01f7ba0,0x00000000c2b00000)
 Metaspace       used 6118K, capacity 7026K, committed 7296K, reserved 1056768K
  class space    used 604K, capacity 618K, committed 640K, reserved 1048576K
Event: 1.849 GC heap after
Heap after GC invocations=3 (full 0):
 PSYoungGen      total 18944K, used 2528K [0x00000000eab00000, 0x00000000ed000000, 0x0000000100000000)
  eden space 16384K, 0% used [0x00000000eab00000,0x00000000eab00000,0x00000000ebb00000)
  from space 2560K, 98% used [0x00000000ebb00000,0x00000000ebd780a0,0x00000000ebd80000)
  to   space 2560K, 0% used [0x00000000ecd80000,0x00000000ecd80000,0x00000000ed000000)
 ParOldGen       total 44032K, used 4780K [0x00000000c0000000, 0x00000000c2b00000, 0x00000000eab00000)
  object space 44032K, 10% used [0x00000000c0000000,0x00000000c04ab150,0x00000000c2b00000)
 Metaspace       used 6118K, capacity 7026K, committed 7296K, reserved 1056768K
  class space    used 604K, capacity 618K, committed 640K, reserved 1048576K
}
Event: 2.257 GC heap before
{Heap before GC invocations=4 (full 0):
 PSYoungGen      total 18944K, used 18912K [0x00000000eab00000, 0x00000000ed000000, 0x0000000100000000)
  eden space 16384K, 100% used [0x00000000eab00000,0x00000000ebb00000,0x00000000ebb00000)
  from space 2560K, 98% used [0x00000000ebb00000,0x00000000ebd780a0,0x00000000ebd80000)
  to   space 2560K, 0% used [0x00000000ecd80000,0x00000000ecd80000,0x00000000ed000000)
 ParOldGen       total 44032K, used 4780K [0x00000000c0000000, 0x00000000c2b00000, 0x00000000eab00000)
  object space 44032K, 10% used [0x00000000c0000000,0x00000000c04ab150,0x00000000c2b00000)
 Metaspace       used 6167K, capacity 7026K, committed 7296K, reserved 1056768K
  class space    used 604K, capacity 618K, committed 640K, reserved 1048576K
Event: 2.676 GC heap after
Heap after GC invocations=4 (full 0):
 PSYoungGen      total 35328K, used 2556K [0x00000000eab00000, 0x00000000ed000000, 0x0000000100000000)
  eden space 32768K, 0% used [0x00000000eab00000,0x00000000eab00000,0x00000000ecb00000)
  from space 2560K, 99% used [0x00000000ecd80000,0x00000000ecfff360,0x00000000ed000000)
  to   space 2560K, 0% used [0x00000000ecb00000,0x00000000ecb00000,0x00000000ecd80000)
 ParOldGen       total 44032K, used 7805K [0x00000000c0000000, 0x00000000c2b00000, 0x00000000eab00000)
  object space 44032K, 17% used [0x00000000c0000000,0x00000000c079f4e8,0x00000000c2b00000)
 Metaspace       used 6167K, capacity 7026K, committed 7296K, reserved 1056768K
  class space    used 604K, capacity 618K, committed 640K, reserved 1048576K
}
Event: 3.058 GC heap before
{Heap before GC invocations=5 (full 0):
 PSYoungGen      total 35328K, used 35324K [0x00000000eab00000, 0x00000000ed000000, 0x0000000100000000)
  eden space 32768K, 100% used [0x00000000eab00000,0x00000000ecb00000,0x00000000ecb00000)
  from space 2560K, 99% used [0x00000000ecd80000,0x00000000ecfff360,0x00000000ed000000)
  to   space 2560K, 0% used [0x00000000ecb00000,0x00000000ecb00000,0x00000000ecd80000)
 ParOldGen       total 44032K, used 7805K [0x00000000c0000000, 0x00000000c2b00000, 0x00000000eab00000)
  object space 44032K, 17% used [0x00000000c0000000,0x00000000c079f4e8,0x00000000c2b00000)
 Metaspace       used 6244K, capacity 7090K, committed 7296K, reserved 1056768K
  class space    used 605K, capacity 618K, committed 640K, reserved 1048576K
Event: 3.126 GC heap after
Heap after GC invocations=5 (full 0):
 PSYoungGen      total 35328K, used 2536K [0x00000000eab00000, 0x00000000eff00000, 0x0000000100000000)
  eden space 32768K, 0% used [0x00000000eab00000,0x00000000eab00000,0x00000000ecb00000)
  from space 2560K, 99% used [0x00000000ecb00000,0x00000000ecd7a330,0x00000000ecd80000)
  to   space 10240K, 0% used [0x00000000ef500000,0x00000000ef500000,0x00000000eff00000)
 ParOldGen       total 44032K, used 13992K [0x00000000c0000000, 0x00000000c2b00000, 0x00000000eab00000)
  object space 44032K, 31% used [0x00000000c0000000,0x00000000c0daa270,0x00000000c2b00000)
 Metaspace       used 6244K, capacity 7090K, committed 7296K, reserved 1056768K
  class space    used 605K, capacity 618K, committed 640K, reserved 1048576K
}
Event: 3.662 GC heap before
{Heap before GC invocations=6 (full 0):
 PSYoungGen      total 35328K, used 35304K [0x00000000eab00000, 0x00000000eff00000, 0x0000000100000000)
  eden space 32768K, 100% used [0x00000000eab00000,0x00000000ecb00000,0x00000000ecb00000)
  from space 2560K, 99% used [0x00000000ecb00000,0x00000000ecd7a330,0x00000000ecd80000)
  to   space 10240K, 0% used [0x00000000ef500000,0x00000000ef500000,0x00000000eff00000)
 ParOldGen       total 44032K, used 13992K [0x00000000c0000000, 0x00000000c2b00000, 0x00000000eab00000)
  object space 44032K, 31% used [0x00000000c0000000,0x00000000c0daa270,0x00000000c2b00000)
 Metaspace       used 6291K, capacity 7154K, committed 7296K, reserved 1056768K
  class space    used 605K, capacity 618K, committed 640K, reserved 1048576K
Event: 3.765 GC heap after
Heap after GC invocations=6 (full 0):
 PSYoungGen      total 75264K, used 7665K [0x00000000eab00000, 0x00000000f0000000, 0x0000000100000000)
  eden space 65024K, 0% used [0x00000000eab00000,0x00000000eab00000,0x00000000eea80000)
  from space 10240K, 74% used [0x00000000ef500000,0x00000000efc7c5e8,0x00000000eff00000)
  to   space 10752K, 0% used [0x00000000eea80000,0x00000000eea80000,0x00000000ef500000)
 ParOldGen       total 44032K, used 13992K [0x00000000c0000000, 0x00000000c2b00000, 0x00000000eab00000)
  object space 44032K, 31% used [0x00000000c0000000,0x00000000c0daa270,0x00000000c2b00000)
 Metaspace       used 6291K, capacity 7154K, committed 7296K, reserved 1056768K
  class space    used 605K, capacity 618K, committed 640K, reserved 1048576K
}

Deoptimization events (10 events):
Event: 2.932 Thread 0x0000000017460000 Uncommon trap: reason=unstable_if action=reinterpret pc=0x0000000002c11420 method=com.android.dx.ssa.LiteralOpUpgrader$1.visitNonMoveInsn(Lcom/android/dx/ssa/NormalSsaInsn;)V @ 55
Event: 2.933 Thread 0x0000000017460000 Uncommon trap: reason=unstable_if action=reinterpret pc=0x0000000002a8749c method=com.android.dx.ssa.SsaMethod.updateOneDefinition(Lcom/android/dx/ssa/SsaInsn;Lcom/android/dx/rop/code/RegisterSpec;)V @ 4
Event: 3.627 Thread 0x0000000017ee8800 Uncommon trap: reason=unstable_if action=reinterpret pc=0x0000000002d78418 method=com.android.dx.cf.code.RopperMachine.run(Lcom/android/dx/cf/code/Frame;II)V @ 1250
Event: 3.793 Thread 0x0000000017ef7000 Uncommon trap: reason=unstable_if action=reinterpret pc=0x0000000002964744 method=com.android.dx.rop.code.RegisterSpec.equals(ILcom/android/dx/rop/type/TypeBearer;Lcom/android/dx/rop/code/LocalItem;)Z @ 42
Event: 3.835 Thread 0x0000000017ef7000 Uncommon trap: reason=bimorphic action=maybe_recompile pc=0x0000000002cfdac8 method=com.android.dx.cf.code.BytecodeArray.parseInstruction(ILcom/android/dx/cf/code/BytecodeArray$Visitor;)I @ 1501
Event: 3.836 Thread 0x0000000017ef7000 Uncommon trap: reason=bimorphic action=maybe_recompile pc=0x0000000002cfdac8 method=com.android.dx.cf.code.BytecodeArray.parseInstruction(ILcom/android/dx/cf/code/BytecodeArray$Visitor;)I @ 1501
Event: 5.366 Thread 0x0000000017ef7000 Uncommon trap: reason=unstable_if action=reinterpret pc=0x0000000002d5ed48 method=com.android.dx.ssa.SCCP.simulateStmt(Lcom/android/dx/ssa/SsaInsn;)V @ 53
Event: 5.373 Thread 0x0000000017ef7000 Uncommon trap: reason=unstable_if action=reinterpret pc=0x0000000002dd83bc method=com.android.dx.ssa.SCCP.simulateBranch(Lcom/android/dx/ssa/SsaInsn;)V @ 548
Event: 5.376 Thread 0x0000000017ef7000 Uncommon trap: reason=class_check action=maybe_recompile pc=0x0000000002ad9f84 method=java.util.HashMap.putVal(ILjava/lang/Object;Ljava/lang/Object;ZZ)Ljava/lang/Object; @ 203
Event: 5.390 Thread 0x0000000017ef7000 Uncommon trap: reason=uninitialized action=reinterpret pc=0x0000000002e02640 method=com.android.dx.cf.code.BytecodeArray.parseInstruction(ILcom/android/dx/cf/code/BytecodeArray$Visitor;)I @ 1079

Internal exceptions (3 events):
Event: 0.057 Thread 0x000000000253e000 Exception <a 'java/lang/NoSuchMethodError': Method sun.misc.Unsafe.defineClass(Ljava/lang/String;[BII)Ljava/lang/Class; name or signature does not match> (0x00000000eab07cc0) thrown at [C:\re\workspace\8-2-build-windows-amd64-cygwin\jdk8u101\7261\hotspot\s0›jJ­?
Event: 0.057 Thread 0x000000000253e000 Exception <a 'java/lang/NoSuchMethodError': Method sun.misc.Unsafe.prefetchRead(Ljava/lang/Object;J)V name or signature does not match> (0x00000000eab07fa8) thrown at [C:\re\workspace\8-2-build-windows-amd64-cygwin\jdk8u101\7261\hotspot\src\share\vm\prims\›	mÉRö?
Event: 1.395 Thread 0x0000000017460000 Implicit null exception at 0x000000000298f2e2 to 0x000000000298f3e9

Events (10 events):
Event: 5.373 Thread 0x0000000017ef7000 DEOPT PACKING pc=0x0000000002dd83bc sp=0x000000001878e270
Event: 5.373 Thread 0x0000000017ef7000 DEOPT UNPACKING pc=0x00000000026b582a sp=0x000000001878e248 mode 2
Event: 5.376 Thread 0x0000000017ef7000 Uncommon trap: trap_request=0xffffffde fr.pc=0x0000000002ad9f84
Event: 5.376 Thread 0x0000000017ef7000 DEOPT PACKING pc=0x0000000002ad9f84 sp=0x000000001878e1d0
Event: 5.376 Thread 0x0000000017ef7000 DEOPT UNPACKING pc=0x00000000026b582a sp=0x000000001878e158 mode 2
Event: 5.390 Thread 0x0000000017ef7000 Uncommon trap: trap_request=0xffffffb5 fr.pc=0x0000000002e02640
Event: 5.390 Thread 0x0000000017ef7000 DEOPT PACKING pc=0x0000000002e02640 sp=0x000000001878e420
Event: 5.390 Thread 0x0000000017ef7000 DEOPT UNPACKING pc=0x00000000026b582a sp=0x000000001878e3f0 mode 2
Event: 6.023 Thread 0x0000000017ef7000 DEOPT PACKING pc=0x0000000002aa31a1 sp=0x000000001878e440
Event: 6.023 Thread 0x0000000017ef7000 DEOPT UNPACKING pc=0x00000000026b787f sp=0x000000001878e270 mode 0


Dynamic libraries:
0x00007ff606f30000 - 0x00007ff606f67000 	C:\Program Files\Java\jdk1.8.0_101\bin\java.exe
0x00007ffa02220000 - 0x00007ffa023f1000 	C:\WINDOWS\SYSTEM32\ntdll.dll
0x00007ff9ff810000 - 0x00007ff9ff8bb000 	C:\WINDOWS\System32\KERNEL32.DLL
0x00007ff9ff4e0000 - 0x00007ff9ff6fd000 	C:\WINDOWS\System32\KERNELBASE.dll
0x00007ffa00470000 - 0x00007ffa00512000 	C:\WINDOWS\System32\ADVAPI32.dll
0x00007ff9ff8c0000 - 0x00007ff9ff95e000 	C:\WINDOWS\System32\msvcrt.dll
0x00007ffa01d10000 - 0x00007ffa01d69000 	C:\WINDOWS\System32\sechost.dll
0x00007ffa01ac0000 - 0x00007ffa01be1000 	C:\WINDOWS\System32\RPCRT4.dll
0x00007ffa01dd0000 - 0x00007ffa01f35000 	C:\WINDOWS\System32\USER32.dll
0x00007ff9fe990000 - 0x00007ff9fe9ae000 	C:\WINDOWS\System32\win32u.dll
0x00007ffa01a80000 - 0x00007ffa01ab4000 	C:\WINDOWS\System32\GDI32.dll
0x00007ff9fe9b0000 - 0x00007ff9feb32000 	C:\WINDOWS\System32\gdi32full.dll
0x00007ff9f4900000 - 0x00007ff9f4b79000 	C:\WINDOWS\WinSxS\amd64_microsoft.windows.common-controls_6595b64144ccf1df_6.0.14393.447_none_42191651c6827bb3\COMCTL32.dll
0x00007ff9ff9d0000 - 0x00007ff9ffc97000 	C:\WINDOWS\System32\combase.dll
0x00007ff9fed00000 - 0x00007ff9fedf5000 	C:\WINDOWS\System32\ucrtbase.dll
0x00007ff9fec90000 - 0x00007ff9fecfa000 	C:\WINDOWS\System32\bcryptPrimitives.dll
0x00007ffa00520000 - 0x00007ffa0054e000 	C:\WINDOWS\System32\IMM32.DLL
0x0000000072540000 - 0x0000000072612000 	C:\Program Files\Java\jdk1.8.0_101\jre\bin\msvcr100.dll
0x0000000071ca0000 - 0x000000007253a000 	C:\Program Files\Java\jdk1.8.0_101\jre\bin\server\jvm.dll
0x00007ff9ffe50000 - 0x00007ff9ffe58000 	C:\WINDOWS\System32\PSAPI.DLL
0x00007ff9f4830000 - 0x00007ff9f4839000 	C:\WINDOWS\SYSTEM32\WSOCK32.dll
0x00007ff9fc850000 - 0x00007ff9fc873000 	C:\WINDOWS\SYSTEM32\WINMM.dll
0x00007ff9f4eb0000 - 0x00007ff9f4eba000 	C:\WINDOWS\SYSTEM32\VERSION.dll
0x00007ffa00290000 - 0x00007ffa002fa000 	C:\WINDOWS\System32\WS2_32.dll
0x0000000000bc0000 - 0x0000000000beb000 	C:\WINDOWS\SYSTEM32\WINMMBASE.dll
0x00007ff9fe940000 - 0x00007ff9fe982000 	C:\WINDOWS\System32\cfgmgr32.dll
0x0000000072960000 - 0x000000007296f000 	C:\Program Files\Java\jdk1.8.0_101\jre\bin\verify.dll
0x0000000071c70000 - 0x0000000071c99000 	C:\Program Files\Java\jdk1.8.0_101\jre\bin\java.dll
0x0000000071c50000 - 0x0000000071c66000 	C:\Program Files\Java\jdk1.8.0_101\jre\bin\zip.dll
0x00007ffa00570000 - 0x00007ffa01a79000 	C:\WINDOWS\System32\SHELL32.dll
0x00007ff9fee00000 - 0x00007ff9ff4da000 	C:\WINDOWS\System32\windows.storage.dll
0x00007ff9fe6c0000 - 0x00007ff9fe70c000 	C:\WINDOWS\System32\powrprof.dll
0x00007ffa01d70000 - 0x00007ffa01dc2000 	C:\WINDOWS\System32\shlwapi.dll
0x00007ff9fe6a0000 - 0x00007ff9fe6af000 	C:\WINDOWS\System32\kernel.appcore.dll
0x00007ff9febe0000 - 0x00007ff9fec89000 	C:\WINDOWS\System32\shcore.dll
0x00007ff9fe680000 - 0x00007ff9fe694000 	C:\WINDOWS\System32\profapi.dll

VM Arguments:
jvm_args: -Djava.awt.headless=true -Xmx1024M -Dfile.encoding=windows-1252 -Duser.country=FR -Duser.language=fr -Duser.variant 
java_command: com.android.dx.command.Main --dex --num-threads=4 --output C:\EPSI\B3\Java\Sudoku\app\build\intermediates\pre-dexed\debug\com.android.support-support-v4-23.4.0_d03ede982d4bb63aa346a3905b4cf761b54871e9.jar C:\EPSI\B3\Java\Sudoku\app\build\intermediates\exploded-aar\com.android.support\support-v4\23.4.0\jars\classes.jar
java_class_path (initial): C:\Program Files\Android\build-tools\25.0.2\lib\dx.jar
Launcher Type: SUN_STANDARD

Environment Variables:
PATH=C:\ProgramData\Oracle\Java\javapath;C:\WINDOWS\system32;C:\WINDOWS;C:\WINDOWS\System32\Wbem;C:\WINDOWS\System32\WindowsPowerShell\v1.0\;C:\Program Files (x86)\Skype\Phone\;C:\Program Files\Microsoft SQL Server\120\Tools\Binn\;C:\Program Files\Git\cmd;C:\Program Files\Microsoft SQL Server\Client SDK\ODBC\110\Tools\Binn\;C:\Program Files (x86)\Microsoft SQL Server\130\Tools\Binn\;C:\Program Files\Microsoft SQL Server\130\Tools\Binn\;C:\Program Files\Microsoft SQL Server\130\DTS\Binn\;C:\Program Files (x86)\Microsoft SQL Server\130\Tools\Binn\ManagementStudio\;C:\Program Files (x86)\Microsoft SQL Server\130\DTS\Binn\;C:\Users\zedyfis\.dnx\bin;C:\Program Files\Microsoft DNX\Dnvm\;C:\Program Files (x86)\Windows Kits\10\Windows Performance Toolkit\;C:\Program Files (x86)\NVIDIA Corporation\PhysX\Common;%SystemRoot%\system32;%SystemRoot%;%SystemRoot%\System32\Wbem;%SYSTEMROOT%\System32\WindowsPowerShell\v1.0\;C:\Program Files\Java\jdk1.8.0_101\bin\;C:\Program Files (x86)\Nmap
USERNAME=zedyfis
OS=Windows_NT
PROCESSOR_IDENTIFIER=Intel64 Family 6 Model 60 Stepping 3, GenuineIntel



---------------  S Y S T E M  ---------------

OS: Windows 10.0 , 64 bit Build 14393 (10.0.14393.0)

CPU:total 8 (4 cores per cpu, 2 threads per core) family 6 model 60 stepping 3, cmov, cx8, fxsr, mmx, sse, sse2, sse3, ssse3, sse4.1, sse4.2, popcnt, avx, avx2, aes, clmul, erms, lzcnt, ht, tsc, tscinvbit, bmi1, bmi2

Memory: 4k page, physical 4112628k(131828k free), swap 5544180k(5168k free)

vm_info: Java HotSpot(TM) 64-Bit Server VM (25.101-b13) for windows-amd64 JRE (1.8.0_101-b13), built on Jun 22 2016 01:21:29 by "java_re" with MS VC++ 10.0 (VS2010)

time: Mon Feb 06 22:02:46 2017
elapsed time: 6 seconds (0d 0h 0m 6s)

