#
# There is insufficient memory for the Java Runtime Environment to continue.
# Native memory allocation (malloc) failed to allocate 474256 bytes for Chunk::new
# Possible reasons:
#   The system is out of physical RAM or swap space
#   In 32 bit mode, the process size limit was hit
# Possible solutions:
#   Reduce memory load on the system
#   Increase physical memory or swap space
#   Check if swap backing store is full
#   Use 64 bit Java on a 64 bit OS
#   Decrease Java heap size (-Xmx/-Xms)
#   Decrease number of Java threads
#   Decrease Java thread stack sizes (-Xss)
#   Set larger code cache with -XX:ReservedCodeCacheSize=
# This output file may be truncated or incomplete.
#
#  Out of Memory Error (allocation.cpp:390), pid=8424, tid=0x0000000000002838
#
# JRE version: Java(TM) SE Runtime Environment (8.0_101-b13) (build 1.8.0_101-b13)
# Java VM: Java HotSpot(TM) 64-Bit Server VM (25.101-b13 mixed mode windows-amd64 compressed oops)
# Failed to write core dump. Minidumps are not enabled by default on client versions of Windows
#

---------------  T H R E A D  ---------------

Current thread (0x0000000017ba2800):  JavaThread "C2 CompilerThread2" daemon [_thread_in_native, id=10296, stack(0x0000000018580000,0x0000000018680000)]

Stack: [0x0000000018580000,0x0000000018680000]
[error occurred during error reporting (printing stack bounds), id 0xc0000005]

Native frames: (J=compiled Java code, j=interpreted, Vv=VM code, C=native code)


Current CompileTask:
C2:   4827 2095       4       com.android.dx.cf.direct.StdAttributeFactory::parse0 (532 bytes)


---------------  P R O C E S S  ---------------

Java Threads: ( => current thread )
  0x0000000018a6b800 JavaThread "pool-2-thread-4" [_thread_blocked, id=596, stack(0x0000000019580000,0x0000000019680000)]
  0x0000000018a5b000 JavaThread "pool-2-thread-3" [_thread_blocked, id=8208, stack(0x0000000019480000,0x0000000019580000)]
  0x0000000017f31000 JavaThread "pool-2-thread-2" [_thread_blocked, id=3608, stack(0x0000000019380000,0x0000000019480000)]
  0x00000000189bf800 JavaThread "pool-3-thread-1" [_thread_blocked, id=5604, stack(0x0000000019280000,0x0000000019380000)]
  0x00000000189c3000 JavaThread "pool-2-thread-1" [_thread_blocked, id=5388, stack(0x0000000019180000,0x0000000019280000)]
  0x0000000017c43800 JavaThread "Service Thread" daemon [_thread_blocked, id=6288, stack(0x0000000018780000,0x0000000018880000)]
  0x0000000017ba5000 JavaThread "C1 CompilerThread3" daemon [_thread_blocked, id=9804, stack(0x0000000018680000,0x0000000018780000)]
=>0x0000000017ba2800 JavaThread "C2 CompilerThread2" daemon [_thread_in_native, id=10296, stack(0x0000000018580000,0x0000000018680000)]
  0x0000000017b9e800 JavaThread "C2 CompilerThread1" daemon [_thread_in_native, id=8840, stack(0x0000000018480000,0x0000000018580000)]
  0x0000000017b97800 JavaThread "C2 CompilerThread0" daemon [_thread_in_native, id=3136, stack(0x0000000018380000,0x0000000018480000)]
  0x0000000017b96000 JavaThread "Attach Listener" daemon [_thread_blocked, id=5688, stack(0x0000000018280000,0x0000000018380000)]
  0x0000000017b95000 JavaThread "Signal Dispatcher" daemon [_thread_blocked, id=10336, stack(0x0000000018180000,0x0000000018280000)]
  0x000000000314d800 JavaThread "Finalizer" daemon [_thread_blocked, id=10856, stack(0x0000000017f70000,0x0000000018070000)]
  0x0000000015c6d800 JavaThread "Reference Handler" daemon [_thread_blocked, id=10060, stack(0x0000000017a70000,0x0000000017b70000)]
  0x0000000002f4e000 JavaThread "main" [_thread_in_vm, id=8072, stack(0x0000000002f50000,0x0000000003050000)]

Other Threads:
  0x0000000015c68800 VMThread [stack: 0x0000000017970000,0x0000000017a70000] [id=8788]
  0x0000000017bdc000 WatcherThread [stack: 0x0000000018880000,0x0000000018980000] [id=10828]

VM state:not at safepoint (normal execution)

VM Mutex/Monitor currently owned by a thread: None

Heap:
 PSYoungGen      total 74240K, used 57408K [0x00000000eab00000, 0x00000000f4700000, 0x0000000100000000)
  eden space 64000K, 73% used [0x00000000eab00000,0x00000000ed910f28,0x00000000ee980000)
  from space 10240K, 99% used [0x00000000ee980000,0x00000000ef37f2d0,0x00000000ef380000)
  to   space 15872K, 0% used [0x00000000f3780000,0x00000000f3780000,0x00000000f4700000)
 ParOldGen       total 44032K, used 19488K [0x00000000c0000000, 0x00000000c2b00000, 0x00000000eab00000)
  object space 44032K, 44% used [0x00000000c0000000,0x00000000c13083a8,0x00000000c2b00000)
 Metaspace       used 6382K, capacity 7154K, committed 7296K, reserved 1056768K
  class space    used 605K, capacity 618K, committed 640K, reserved 1048576K

Card table byte_map: [0x0000000012510000,0x0000000012720000] byte_map_base: 0x0000000011f10000

Marking Bits: (ParMarkBitMap*) 0x00000000724ba6d0
 Begin Bits: [0x0000000013080000, 0x0000000014080000)
 End Bits:   [0x0000000014080000, 0x0000000015080000)

Polling page: 0x0000000001660000

CodeCache: size=245760Kb used=9567Kb max_used=9572Kb free=236192Kb
 bounds [0x0000000003150000, 0x0000000003ac0000, 0x0000000012150000]
 total_blobs=2321 nmethods=2051 adapters=182
 compilation: enabled

Compilation events (10 events):
Event: 4.709 Thread 0x0000000017ba5000 2112       3       com.android.dx.rop.cst.CstLiteral32::getLongBits (6 bytes)
Event: 4.709 Thread 0x0000000017ba5000 nmethod 2112 0x0000000003a51bd0 code [0x0000000003a51d20, 0x0000000003a51e70]
Event: 4.710 Thread 0x0000000017ba5000 2113       3       com.android.dx.ssa.SCCP::simulateBranch (666 bytes)
Event: 4.713 Thread 0x0000000017ba5000 nmethod 2113 0x0000000003a98250 code [0x0000000003a98700, 0x0000000003a9c298]
Event: 4.714 Thread 0x0000000017ba5000 2120       2       java.util.Vector::grow (57 bytes)
Event: 4.714 Thread 0x0000000017ba5000 nmethod 2120 0x0000000003a31050 code [0x0000000003a311c0, 0x0000000003a31458]
Event: 4.732 Thread 0x0000000017b97800 nmethod 2096 0x0000000003aa1ed0 code [0x0000000003aa21c0, 0x0000000003aa48c0]
Event: 4.732 Thread 0x0000000017b97800 2102 %     4       com.android.dx.ssa.Dominators::run @ 403 (506 bytes)
Event: 4.736 Thread 0x0000000017b97800 nmethod 2102% 0x0000000003aa1310 code [0x0000000003aa1480, 0x0000000003aa18d8]
Event: 4.736 Thread 0x0000000017b97800 2122 %     4       com.android.dx.ssa.SCCP::run @ 13 (298 bytes)

GC Heap History (10 events):
Event: 1.505 GC heap before
{Heap before GC invocations=3 (full 0):
 PSYoungGen      total 18944K, used 18921K [0x00000000eab00000, 0x00000000ed000000, 0x0000000100000000)
  eden space 16384K, 100% used [0x00000000eab00000,0x00000000ebb00000,0x00000000ebb00000)
  from space 2560K, 99% used [0x00000000ebd80000,0x00000000ebffa7c0,0x00000000ec000000)
  to   space 2560K, 0% used [0x00000000ebb00000,0x00000000ebb00000,0x00000000ebd80000)
 ParOldGen       total 44032K, used 2003K [0x00000000c0000000, 0x00000000c2b00000, 0x00000000eab00000)
  object space 44032K, 4% used [0x00000000c0000000,0x00000000c01f4f30,0x00000000c2b00000)
 Metaspace       used 6077K, capacity 6960K, committed 7040K, reserved 1056768K
  class space    used 602K, capacity 616K, committed 640K, reserved 1048576K
Event: 1.532 GC heap after
Heap after GC invocations=3 (full 0):
 PSYoungGen      total 18944K, used 2530K [0x00000000eab00000, 0x00000000ed000000, 0x0000000100000000)
  eden space 16384K, 0% used [0x00000000eab00000,0x00000000eab00000,0x00000000ebb00000)
  from space 2560K, 98% used [0x00000000ebb00000,0x00000000ebd78b60,0x00000000ebd80000)
  to   space 2560K, 0% used [0x00000000ecd80000,0x00000000ecd80000,0x00000000ed000000)
 ParOldGen       total 44032K, used 4280K [0x00000000c0000000, 0x00000000c2b00000, 0x00000000eab00000)
  object space 44032K, 9% used [0x00000000c0000000,0x00000000c042e118,0x00000000c2b00000)
 Metaspace       used 6077K, capacity 6960K, committed 7040K, reserved 1056768K
  class space    used 602K, capacity 616K, committed 640K, reserved 1048576K
}
Event: 1.755 GC heap before
{Heap before GC invocations=4 (full 0):
 PSYoungGen      total 18944K, used 18914K [0x00000000eab00000, 0x00000000ed000000, 0x0000000100000000)
  eden space 16384K, 100% used [0x00000000eab00000,0x00000000ebb00000,0x00000000ebb00000)
  from space 2560K, 98% used [0x00000000ebb00000,0x00000000ebd78b60,0x00000000ebd80000)
  to   space 2560K, 0% used [0x00000000ecd80000,0x00000000ecd80000,0x00000000ed000000)
 ParOldGen       total 44032K, used 4280K [0x00000000c0000000, 0x00000000c2b00000, 0x00000000eab00000)
  object space 44032K, 9% used [0x00000000c0000000,0x00000000c042e118,0x00000000c2b00000)
 Metaspace       used 6192K, capacity 7026K, committed 7296K, reserved 1056768K
  class space    used 603K, capacity 618K, committed 640K, reserved 1048576K
Event: 1.818 GC heap after
Heap after GC invocations=4 (full 0):
 PSYoungGen      total 35328K, used 2532K [0x00000000eab00000, 0x00000000ed000000, 0x0000000100000000)
  eden space 32768K, 0% used [0x00000000eab00000,0x00000000eab00000,0x00000000ecb00000)
  from space 2560K, 98% used [0x00000000ecd80000,0x00000000ecff9080,0x00000000ed000000)
  to   space 2560K, 0% used [0x00000000ecb00000,0x00000000ecb00000,0x00000000ecd80000)
 ParOldGen       total 44032K, used 7309K [0x00000000c0000000, 0x00000000c2b00000, 0x00000000eab00000)
  object space 44032K, 16% used [0x00000000c0000000,0x00000000c0723650,0x00000000c2b00000)
 Metaspace       used 6192K, capacity 7026K, committed 7296K, reserved 1056768K
  class space    used 603K, capacity 618K, committed 640K, reserved 1048576K
}
Event: 2.233 GC heap before
{Heap before GC invocations=5 (full 0):
 PSYoungGen      total 35328K, used 35300K [0x00000000eab00000, 0x00000000ed000000, 0x0000000100000000)
  eden space 32768K, 100% used [0x00000000eab00000,0x00000000ecb00000,0x00000000ecb00000)
  from space 2560K, 98% used [0x00000000ecd80000,0x00000000ecff9080,0x00000000ed000000)
  to   space 2560K, 0% used [0x00000000ecb00000,0x00000000ecb00000,0x00000000ecd80000)
 ParOldGen       total 44032K, used 7309K [0x00000000c0000000, 0x00000000c2b00000, 0x00000000eab00000)
  object space 44032K, 16% used [0x00000000c0000000,0x00000000c0723650,0x00000000c2b00000)
 Metaspace       used 6217K, capacity 7090K, committed 7296K, reserved 1056768K
  class space    used 603K, capacity 618K, committed 640K, reserved 1048576K
Event: 2.305 GC heap after
Heap after GC invocations=5 (full 0):
 PSYoungGen      total 35328K, used 2543K [0x00000000eab00000, 0x00000000efc00000, 0x0000000100000000)
  eden space 32768K, 0% used [0x00000000eab00000,0x00000000eab00000,0x00000000ecb00000)
  from space 2560K, 99% used [0x00000000ecb00000,0x00000000ecd7bde8,0x00000000ecd80000)
  to   space 8704K, 0% used [0x00000000ef380000,0x00000000ef380000,0x00000000efc00000)
 ParOldGen       total 44032K, used 11772K [0x00000000c0000000, 0x00000000c2b00000, 0x00000000eab00000)
  object space 44032K, 26% used [0x00000000c0000000,0x00000000c0b7f070,0x00000000c2b00000)
 Metaspace       used 6217K, capacity 7090K, committed 7296K, reserved 1056768K
  class space    used 603K, capacity 618K, committed 640K, reserved 1048576K
}
Event: 3.098 GC heap before
{Heap before GC invocations=6 (full 0):
 PSYoungGen      total 35328K, used 35311K [0x00000000eab00000, 0x00000000efc00000, 0x0000000100000000)
  eden space 32768K, 100% used [0x00000000eab00000,0x00000000ecb00000,0x00000000ecb00000)
  from space 2560K, 99% used [0x00000000ecb00000,0x00000000ecd7bde8,0x00000000ecd80000)
  to   space 8704K, 0% used [0x00000000ef380000,0x00000000ef380000,0x00000000efc00000)
 ParOldGen       total 44032K, used 11772K [0x00000000c0000000, 0x00000000c2b00000, 0x00000000eab00000)
  object space 44032K, 26% used [0x00000000c0000000,0x00000000c0b7f070,0x00000000c2b00000)
 Metaspace       used 6261K, capacity 7090K, committed 7296K, reserved 1056768K
  class space    used 604K, capacity 618K, committed 640K, reserved 1048576K
Event: 3.112 GC heap after
Heap after GC invocations=6 (full 0):
 PSYoungGen      total 72704K, used 8591K [0x00000000eab00000, 0x00000000eff00000, 0x0000000100000000)
  eden space 64000K, 0% used [0x00000000eab00000,0x00000000eab00000,0x00000000ee980000)
  from space 8704K, 98% used [0x00000000ef380000,0x00000000efbe3df8,0x00000000efc00000)
  to   space 10240K, 0% used [0x00000000ee980000,0x00000000ee980000,0x00000000ef380000)
 ParOldGen       total 44032K, used 11780K [0x00000000c0000000, 0x00000000c2b00000, 0x00000000eab00000)
  object space 44032K, 26% used [0x00000000c0000000,0x00000000c0b81070,0x00000000c2b00000)
 Metaspace       used 6261K, capacity 7090K, committed 7296K, reserved 1056768K
  class space    used 604K, capacity 618K, committed 640K, reserved 1048576K
}
Event: 4.268 GC heap before
{Heap before GC invocations=7 (full 0):
 PSYoungGen      total 72704K, used 72591K [0x00000000eab00000, 0x00000000eff00000, 0x0000000100000000)
  eden space 64000K, 100% used [0x00000000eab00000,0x00000000ee980000,0x00000000ee980000)
  from space 8704K, 98% used [0x00000000ef380000,0x00000000efbe3df8,0x00000000efc00000)
  to   space 10240K, 0% used [0x00000000ee980000,0x00000000ee980000,0x00000000ef380000)
 ParOldGen       total 44032K, used 11780K [0x00000000c0000000, 0x00000000c2b00000, 0x00000000eab00000)
  object space 44032K, 26% used [0x00000000c0000000,0x00000000c0b81070,0x00000000c2b00000)
 Metaspace       used 6332K, capacity 7154K, committed 7296K, reserved 1056768K
  class space    used 605K, capacity 618K, committed 640K, reserved 1048576K
Event: 4.302 GC heap after
Heap after GC invocations=7 (full 0):
 PSYoungGen      total 74240K, used 10236K [0x00000000eab00000, 0x00000000f4700000, 0x0000000100000000)
  eden space 64000K, 0% used [0x00000000eab00000,0x00000000eab00000,0x00000000ee980000)
  from space 10240K, 99% used [0x00000000ee980000,0x00000000ef37f2d0,0x00000000ef380000)
  to   space 15872K, 0% used [0x00000000f3780000,0x00000000f3780000,0x00000000f4700000)
 ParOldGen       total 44032K, used 19488K [0x00000000c0000000, 0x00000000c2b00000, 0x00000000eab00000)
  object space 44032K, 44% used [0x00000000c0000000,0x00000000c13083a8,0x00000000c2b00000)
 Metaspace       used 6332K, capacity 7154K, committed 7296K, reserved 1056768K
  class space    used 605K, capacity 618K, committed 640K, reserved 1048576K
}

Deoptimization events (10 events):
Event: 3.737 Thread 0x0000000018a5b000 Uncommon trap: reason=bimorphic action=maybe_recompile pc=0x000000000367ec14 method=com.android.dx.ssa.LiteralOpUpgrader.tryReplacingWithConstant(Lcom/android/dx/ssa/NormalSsaInsn;)Z @ 52
Event: 3.795 Thread 0x0000000002f4e000 Uncommon trap: reason=unloaded action=reinterpret pc=0x0000000003844c44 method=com.android.dx.cf.cst.ConstantPoolParser.parse0(ILjava/util/BitSet;)Lcom/android/dx/rop/cst/Constant; @ 220
Event: 3.800 Thread 0x0000000017f31000 Uncommon trap: reason=unstable_if action=reinterpret pc=0x000000000394d324 method=com.android.dx.ssa.SCCP.simulateBranch(Lcom/android/dx/ssa/SsaInsn;)V @ 548
Event: 3.801 Thread 0x0000000017f31000 Uncommon trap: reason=class_check action=maybe_recompile pc=0x0000000003934cb8 method=com.android.dx.cf.code.BytecodeArray.parseInstruction(ILcom/android/dx/cf/code/BytecodeArray$Visitor;)I @ 1807
Event: 3.801 Thread 0x0000000017f31000 Uncommon trap: reason=class_check action=maybe_recompile pc=0x0000000003934cb8 method=com.android.dx.cf.code.BytecodeArray.parseInstruction(ILcom/android/dx/cf/code/BytecodeArray$Visitor;)I @ 1807
Event: 3.801 Thread 0x0000000017f31000 Uncommon trap: reason=class_check action=maybe_recompile pc=0x0000000003934cb8 method=com.android.dx.cf.code.BytecodeArray.parseInstruction(ILcom/android/dx/cf/code/BytecodeArray$Visitor;)I @ 1807
Event: 3.801 Thread 0x0000000017f31000 Uncommon trap: reason=class_check action=maybe_recompile pc=0x0000000003934620 method=com.android.dx.cf.code.BytecodeArray.parseInstruction(ILcom/android/dx/cf/code/BytecodeArray$Visitor;)I @ 1417
Event: 3.801 Thread 0x0000000017f31000 Uncommon trap: reason=class_check action=maybe_recompile pc=0x0000000003934620 method=com.android.dx.cf.code.BytecodeArray.parseInstruction(ILcom/android/dx/cf/code/BytecodeArray$Visitor;)I @ 1417
Event: 3.802 Thread 0x0000000017f31000 Uncommon trap: reason=bimorphic action=maybe_recompile pc=0x000000000383f0f4 method=java.util.HashMap.putVal(ILjava/lang/Object;Ljava/lang/Object;ZZ)Ljava/lang/Object; @ 203
Event: 4.606 Thread 0x00000000189c3000 Uncommon trap: reason=unstable_if action=reinterpret pc=0x0000000003635250 method=com.android.dx.rop.code.LocalItem.compareHandlesNulls(Lcom/android/dx/rop/cst/CstString;Lcom/android/dx/rop/cst/CstString;)I @ 14

Internal exceptions (4 events):
Event: 0.063 Thread 0x0000000002f4e000 Exception <a 'java/lang/NoSuchMethodError': Method sun.misc.Unsafe.defineClass(Ljava/lang/String;[BII)Ljava/lang/Class; name or signature does not match> (0x00000000eab07cc0) thrown at [C:\re\workspace\8-2-build-windows-amd64-cygwin\jdk8u101\7261\hotspot\sπöﬂ(]∞?
Event: 0.063 Thread 0x0000000002f4e000 Exception <a 'java/lang/NoSuchMethodError': Method sun.misc.Unsafe.prefetchRead(Ljava/lang/Object;J)V name or signature does not match> (0x00000000eab07fa8) thrown at [C:\re\workspace\8-2-build-windows-amd64-cygwin\jdk8u101\7261\hotspot\src\share\vm\prims\Ãù(·I‹ı?
Event: 1.366 Thread 0x0000000018a5b000 Implicit null exception at 0x0000000003452ce2 to 0x0000000003452de9
Event: 4.606 Thread 0x00000000189c3000 Implicit null exception at 0x00000000036339aa to 0x0000000003635229

Events (10 events):
Event: 4.529 Thread 0x0000000002f4e000 DEOPT UNPACKING pc=0x000000000319787f sp=0x000000000304ea40 mode 0
Event: 4.529 Thread 0x0000000002f4e000 DEOPT PACKING pc=0x0000000003893a12 sp=0x000000000304ed80
Event: 4.529 Thread 0x0000000002f4e000 DEOPT UNPACKING pc=0x000000000319787f sp=0x000000000304eb98 mode 0
Event: 4.606 Thread 0x00000000189c3000 Uncommon trap: trap_request=0xffffff65 fr.pc=0x0000000003635250
Event: 4.606 Thread 0x00000000189c3000 DEOPT PACKING pc=0x0000000003635250 sp=0x000000001927e5d0
Event: 4.606 Thread 0x00000000189c3000 DEOPT UNPACKING pc=0x000000000319582a sp=0x000000001927e3b8 mode 2
Event: 4.607 Thread 0x00000000189c3000 DEOPT PACKING pc=0x00000000038983ff sp=0x000000001927eb50
Event: 4.607 Thread 0x00000000189c3000 DEOPT UNPACKING pc=0x000000000319787f sp=0x000000001927e948 mode 0
Event: 4.676 loading class com/android/dx/cf/iface/ParseObserver
Event: 4.676 loading class com/android/dx/cf/iface/ParseObserver done


Dynamic libraries:
0x00007ff606f30000 - 0x00007ff606f67000 	C:\Program Files\Java\jdk1.8.0_101\bin\java.exe
0x00007ffa02220000 - 0x00007ffa023f1000 	C:\WINDOWS\SYSTEM32\ntdll.dll
0x00007ff9ff810000 - 0x00007ff9ff8bb000 	C:\WINDOWS\System32\KERNEL32.DLL
0x00007ff9ff4e0000 - 0x00007ff9ff6fd000 	C:\WINDOWS\System32\KERNELBASE.dll
0x00007ffa00470000 - 0x00007ffa00512000 	C:\WINDOWS\System32\ADVAPI32.dll
0x00007ff9ff8c0000 - 0x00007ff9ff95e000 	C:\WINDOWS\System32\msvcrt.dll
0x00007ffa01d10000 - 0x00007ffa01d69000 	C:\WINDOWS\System32\sechost.dll
0x00007ffa01ac0000 - 0x00007ffa01be1000 	C:\WINDOWS\System32\RPCRT4.dll
0x00007ffa01dd0000 - 0x00007ffa01f35000 	C:\WINDOWS\System32\USER32.dll
0x00007ff9fe990000 - 0x00007ff9fe9ae000 	C:\WINDOWS\System32\win32u.dll
0x00007ffa01a80000 - 0x00007ffa01ab4000 	C:\WINDOWS\System32\GDI32.dll
0x00007ff9fe9b0000 - 0x00007ff9feb32000 	C:\WINDOWS\System32\gdi32full.dll
0x00007ff9f4900000 - 0x00007ff9f4b79000 	C:\WINDOWS\WinSxS\amd64_microsoft.windows.common-controls_6595b64144ccf1df_6.0.14393.447_none_42191651c6827bb3\COMCTL32.dll
0x00007ff9ff9d0000 - 0x00007ff9ffc97000 	C:\WINDOWS\System32\combase.dll
0x00007ff9fed00000 - 0x00007ff9fedf5000 	C:\WINDOWS\System32\ucrtbase.dll
0x00007ff9fec90000 - 0x00007ff9fecfa000 	C:\WINDOWS\System32\bcryptPrimitives.dll
0x00007ffa00520000 - 0x00007ffa0054e000 	C:\WINDOWS\System32\IMM32.DLL
0x0000000072540000 - 0x0000000072612000 	C:\Program Files\Java\jdk1.8.0_101\jre\bin\msvcr100.dll
0x0000000071ca0000 - 0x000000007253a000 	C:\Program Files\Java\jdk1.8.0_101\jre\bin\server\jvm.dll
0x00007ff9ffe50000 - 0x00007ff9ffe58000 	C:\WINDOWS\System32\PSAPI.DLL
0x00007ff9f4830000 - 0x00007ff9f4839000 	C:\WINDOWS\SYSTEM32\WSOCK32.dll
0x00007ffa00290000 - 0x00007ffa002fa000 	C:\WINDOWS\System32\WS2_32.dll
0x00007ff9fc850000 - 0x00007ff9fc873000 	C:\WINDOWS\SYSTEM32\WINMM.dll
0x00007ff9f4eb0000 - 0x00007ff9f4eba000 	C:\WINDOWS\SYSTEM32\VERSION.dll
0x0000000002de0000 - 0x0000000002e0b000 	C:\WINDOWS\SYSTEM32\WINMMBASE.dll
0x00007ff9fe940000 - 0x00007ff9fe982000 	C:\WINDOWS\System32\cfgmgr32.dll
0x0000000072960000 - 0x000000007296f000 	C:\Program Files\Java\jdk1.8.0_101\jre\bin\verify.dll
0x0000000071c70000 - 0x0000000071c99000 	C:\Program Files\Java\jdk1.8.0_101\jre\bin\java.dll
0x0000000071c50000 - 0x0000000071c66000 	C:\Program Files\Java\jdk1.8.0_101\jre\bin\zip.dll
0x00007ffa00570000 - 0x00007ffa01a79000 	C:\WINDOWS\System32\SHELL32.dll
0x00007ff9fee00000 - 0x00007ff9ff4da000 	C:\WINDOWS\System32\windows.storage.dll
0x00007ff9fe6c0000 - 0x00007ff9fe70c000 	C:\WINDOWS\System32\powrprof.dll
0x00007ffa01d70000 - 0x00007ffa01dc2000 	C:\WINDOWS\System32\shlwapi.dll
0x00007ff9fe6a0000 - 0x00007ff9fe6af000 	C:\WINDOWS\System32\kernel.appcore.dll
0x00007ff9febe0000 - 0x00007ff9fec89000 	C:\WINDOWS\System32\shcore.dll
0x00007ff9fe680000 - 0x00007ff9fe694000 	C:\WINDOWS\System32\profapi.dll

VM Arguments:
jvm_args: -Djava.awt.headless=true -Xmx1024M -Dfile.encoding=windows-1252 -Duser.country=FR -Duser.language=fr -Duser.variant 
java_command: com.android.dx.command.Main --dex --force-jumbo --num-threads=4 --multi-dex --output C:\EPSI\B3\Java\Sudoku\app\build\intermediates\transforms\dex\debug\folders\1000\10\com.android.support-support-v4-23.4.0_d03ede982d4bb63aa346a3905b4cf761b54871e9 C:\EPSI\B3\Java\Sudoku\app\build\intermediates\exploded-aar\com.android.support\support-v4\23.4.0\jars\classes.jar
java_class_path (initial): C:\Program Files\Android\build-tools\25.0.2\lib\dx.jar
Launcher Type: SUN_STANDARD

Environment Variables:
PATH=C:\ProgramData\Oracle\Java\javapath;C:\WINDOWS\system32;C:\WINDOWS;C:\WINDOWS\System32\Wbem;C:\WINDOWS\System32\WindowsPowerShell\v1.0\;C:\Program Files (x86)\Skype\Phone\;C:\Program Files\Microsoft SQL Server\120\Tools\Binn\;C:\Program Files\Git\cmd;C:\Program Files\Microsoft SQL Server\Client SDK\ODBC\110\Tools\Binn\;C:\Program Files (x86)\Microsoft SQL Server\130\Tools\Binn\;C:\Program Files\Microsoft SQL Server\130\Tools\Binn\;C:\Program Files\Microsoft SQL Server\130\DTS\Binn\;C:\Program Files (x86)\Microsoft SQL Server\130\Tools\Binn\ManagementStudio\;C:\Program Files (x86)\Microsoft SQL Server\130\DTS\Binn\;C:\Users\zedyfis\.dnx\bin;C:\Program Files\Microsoft DNX\Dnvm\;C:\Program Files (x86)\Windows Kits\10\Windows Performance Toolkit\;C:\Program Files (x86)\NVIDIA Corporation\PhysX\Common;%SystemRoot%\system32;%SystemRoot%;%SystemRoot%\System32\Wbem;%SYSTEMROOT%\System32\WindowsPowerShell\v1.0\;C:\Program Files\Java\jdk1.8.0_101\bin\;C:\Program Files (x86)\Nmap
USERNAME=zedyfis
OS=Windows_NT
PROCESSOR_IDENTIFIER=Intel64 Family 6 Model 60 Stepping 3, GenuineIntel



---------------  S Y S T E M  ---------------

OS: Windows 10.0 , 64 bit Build 14393 (10.0.14393.0)

CPU:total 8 (4 cores per cpu, 2 threads per core) family 6 model 60 stepping 3, cmov, cx8, fxsr, mmx, sse, sse2, sse3, ssse3, sse4.1, sse4.2, popcnt, avx, avx2, aes, clmul, erms, lzcnt, ht, tsc, tscinvbit, bmi1, bmi2

Memory: 4k page, physical 4112628k(153460k free), swap 5544180k(103564k free)

vm_info: Java HotSpot(TM) 64-Bit Server VM (25.101-b13) for windows-amd64 JRE (1.8.0_101-b13), built on Jun 22 2016 01:21:29 by "java_re" with MS VC++ 10.0 (VS2010)

time: Mon Feb 06 20:41:36 2017
elapsed time: 4 seconds (0d 0h 0m 4s)

