#
# There is insufficient memory for the Java Runtime Environment to continue.
# Native memory allocation (malloc) failed to allocate 363136 bytes for Chunk::new
# Possible reasons:
#   The system is out of physical RAM or swap space
#   In 32 bit mode, the process size limit was hit
# Possible solutions:
#   Reduce memory load on the system
#   Increase physical memory or swap space
#   Check if swap backing store is full
#   Use 64 bit Java on a 64 bit OS
#   Decrease Java heap size (-Xmx/-Xms)
#   Decrease number of Java threads
#   Decrease Java thread stack sizes (-Xss)
#   Set larger code cache with -XX:ReservedCodeCacheSize=
# This output file may be truncated or incomplete.
#
#  Out of Memory Error (allocation.cpp:390), pid=7096, tid=0x0000000000000c50
#
# JRE version: Java(TM) SE Runtime Environment (8.0_101-b13) (build 1.8.0_101-b13)
# Java VM: Java HotSpot(TM) 64-Bit Server VM (25.101-b13 mixed mode windows-amd64 compressed oops)
# Failed to write core dump. Minidumps are not enabled by default on client versions of Windows
#

---------------  T H R E A D  ---------------

Current thread (0x0000000017cb2000):  JavaThread "C2 CompilerThread2" daemon [_thread_in_native, id=3152, stack(0x0000000018690000,0x0000000018790000)]

Stack: [0x0000000018690000,0x0000000018790000]
[error occurred during error reporting (printing stack bounds), id 0xc0000005]

Native frames: (J=compiled Java code, j=interpreted, Vv=VM code, C=native code)


Current CompileTask:
C2:   2688 1095       4       com.android.dx.ssa.SsaMethod::deleteInsns (239 bytes)


---------------  P R O C E S S  ---------------

Java Threads: ( => current thread )
  0x0000000017eb2800 JavaThread "pool-2-thread-4" [_thread_in_Java, id=9280, stack(0x0000000018e90000,0x0000000018f90000)]
  0x0000000017ea3000 JavaThread "pool-3-thread-1" [_thread_blocked, id=456, stack(0x0000000018b90000,0x0000000018c90000)]
  0x0000000017cd3000 JavaThread "Service Thread" daemon [_thread_blocked, id=10020, stack(0x0000000018890000,0x0000000018990000)]
  0x0000000017cbb800 JavaThread "C1 CompilerThread3" daemon [_thread_blocked, id=4560, stack(0x0000000018790000,0x0000000018890000)]
=>0x0000000017cb2000 JavaThread "C2 CompilerThread2" daemon [_thread_in_native, id=3152, stack(0x0000000018690000,0x0000000018790000)]
  0x0000000017cb1000 JavaThread "C2 CompilerThread1" daemon [_thread_blocked, id=5540, stack(0x0000000018590000,0x0000000018690000)]
  0x0000000017ca8800 JavaThread "C2 CompilerThread0" daemon [_thread_in_native, id=6648, stack(0x0000000018490000,0x0000000018590000)]
  0x0000000017ca7800 JavaThread "Attach Listener" daemon [_thread_blocked, id=10064, stack(0x0000000018390000,0x0000000018490000)]
  0x0000000015d9e800 JavaThread "Signal Dispatcher" daemon [_thread_blocked, id=4520, stack(0x0000000018290000,0x0000000018390000)]
  0x0000000003269000 JavaThread "Finalizer" daemon [_thread_blocked, id=10012, stack(0x0000000018080000,0x0000000018180000)]
  0x0000000015d8d000 JavaThread "Reference Handler" daemon [_thread_blocked, id=9264, stack(0x0000000017b80000,0x0000000017c80000)]
  0x000000000188e000 JavaThread "main" [_thread_blocked, id=8548, stack(0x0000000003070000,0x0000000003170000)]

Other Threads:
  0x0000000015d89000 VMThread [stack: 0x0000000017a80000,0x0000000017b80000] [id=7276]
  0x0000000017cd5800 WatcherThread [stack: 0x0000000018990000,0x0000000018a90000] [id=10024]

VM state:not at safepoint (normal execution)

VM Mutex/Monitor currently owned by a thread: None

Heap:
 PSYoungGen      total 18944K, used 7425K [0x00000000eab00000, 0x00000000ec000000, 0x0000000100000000)
  eden space 16384K, 29% used [0x00000000eab00000,0x00000000eafc44e0,0x00000000ebb00000)
  from space 2560K, 99% used [0x00000000ebb00000,0x00000000ebd7c020,0x00000000ebd80000)
  to   space 2560K, 0% used [0x00000000ebd80000,0x00000000ebd80000,0x00000000ec000000)
 ParOldGen       total 44032K, used 6305K [0x00000000c0000000, 0x00000000c2b00000, 0x00000000eab00000)
  object space 44032K, 14% used [0x00000000c0000000,0x00000000c0628538,0x00000000c2b00000)
 Metaspace       used 5939K, capacity 6900K, committed 7040K, reserved 1056768K
  class space    used 602K, capacity 620K, committed 640K, reserved 1048576K

Card table byte_map: [0x0000000012630000,0x0000000012840000] byte_map_base: 0x0000000012030000

Marking Bits: (ParMarkBitMap*) 0x00000000724ba6d0
 Begin Bits: [0x00000000131a0000, 0x00000000141a0000)
 End Bits:   [0x00000000141a0000, 0x00000000151a0000)

Polling page: 0x00000000013b0000

CodeCache: size=245760Kb used=4397Kb max_used=4414Kb free=241362Kb
 bounds [0x0000000003270000, 0x00000000036d0000, 0x0000000012270000]
 total_blobs=1423 nmethods=1146 adapters=189
 compilation: disabled (not enough contiguous free space left)

Compilation events (10 events):
Event: 2.590 Thread 0x0000000017cbb800 1155       3       com.android.dx.ssa.NormalSsaInsn::clone (8 bytes)
Event: 2.591 Thread 0x0000000017cbb800 nmethod 1155 0x000000000369b990 code [0x000000000369bb20, 0x000000000369bfb8]
Event: 2.591 Thread 0x0000000017cbb800 1156   !   3       com.android.dx.ssa.SsaInsn::clone (20 bytes)
Event: 2.591 Thread 0x0000000017cbb800 nmethod 1156 0x00000000036a0b10 code [0x00000000036a0ca0, 0x00000000036a0fd8]
Event: 2.591 Thread 0x0000000017ca8800 nmethod 1148 0x000000000369ee10 code [0x000000000369ef60, 0x000000000369f3b8]
Event: 2.591 Thread 0x0000000017cbb800 1157       3       com.android.dx.ssa.LocalVariableExtractor::doit (59 bytes)
Event: 2.591 Thread 0x0000000017ca8800 1086       4       com.android.dx.ssa.SCCP::simulateBranch (666 bytes)
Event: 2.592 Thread 0x0000000017cbb800 nmethod 1157 0x000000000369e510 code [0x000000000369e6c0, 0x000000000369ec08]
Event: 2.592 Thread 0x0000000017cbb800 1158       3       com.android.dx.ssa.SsaMethod::forEachBlockDepthFirst (194 bytes)
Event: 2.595 Thread 0x0000000017cbb800 nmethod 1158 0x00000000036aad50 code [0x00000000036ab1c0, 0x00000000036ae588]

GC Heap History (4 events):
Event: 2.140 GC heap before
{Heap before GC invocations=1 (full 0):
 PSYoungGen      total 18944K, used 16384K [0x00000000eab00000, 0x00000000ec000000, 0x0000000100000000)
  eden space 16384K, 100% used [0x00000000eab00000,0x00000000ebb00000,0x00000000ebb00000)
  from space 2560K, 0% used [0x00000000ebd80000,0x00000000ebd80000,0x00000000ec000000)
  to   space 2560K, 0% used [0x00000000ebb00000,0x00000000ebb00000,0x00000000ebd80000)
 ParOldGen       total 44032K, used 0K [0x00000000c0000000, 0x00000000c2b00000, 0x00000000eab00000)
  object space 44032K, 0% used [0x00000000c0000000,0x00000000c0000000,0x00000000c2b00000)
 Metaspace       used 5702K, capacity 6706K, committed 6784K, reserved 1056768K
  class space    used 597K, capacity 618K, committed 640K, reserved 1048576K
Event: 2.154 GC heap after
Heap after GC invocations=1 (full 0):
 PSYoungGen      total 18944K, used 2551K [0x00000000eab00000, 0x00000000ec000000, 0x0000000100000000)
  eden space 16384K, 0% used [0x00000000eab00000,0x00000000eab00000,0x00000000ebb00000)
  from space 2560K, 99% used [0x00000000ebb00000,0x00000000ebd7dc80,0x00000000ebd80000)
  to   space 2560K, 0% used [0x00000000ebd80000,0x00000000ebd80000,0x00000000ec000000)
 ParOldGen       total 44032K, used 1838K [0x00000000c0000000, 0x00000000c2b00000, 0x00000000eab00000)
  object space 44032K, 4% used [0x00000000c0000000,0x00000000c01cb988,0x00000000c2b00000)
 Metaspace       used 5702K, capacity 6706K, committed 6784K, reserved 1056768K
  class space    used 597K, capacity 618K, committed 640K, reserved 1048576K
}
Event: 2.335 GC heap before
{Heap before GC invocations=2 (full 0):
 PSYoungGen      total 18944K, used 18935K [0x00000000eab00000, 0x00000000ec000000, 0x0000000100000000)
  eden space 16384K, 100% used [0x00000000eab00000,0x00000000ebb00000,0x00000000ebb00000)
  from space 2560K, 99% used [0x00000000ebb00000,0x00000000ebd7dc80,0x00000000ebd80000)
  to   space 2560K, 0% used [0x00000000ebd80000,0x00000000ebd80000,0x00000000ec000000)
 ParOldGen       total 44032K, used 1838K [0x00000000c0000000, 0x00000000c2b00000, 0x00000000eab00000)
  object space 44032K, 4% used [0x00000000c0000000,0x00000000c01cb988,0x00000000c2b00000)
 Metaspace       used 5889K, capacity 6836K, committed 7040K, reserved 1056768K
  class space    used 602K, capacity 620K, committed 640K, reserved 1048576K
Event: 2.344 GC heap after
Heap after GC invocations=2 (full 0):
 PSYoungGen      total 18944K, used 2544K [0x00000000eab00000, 0x00000000ec000000, 0x0000000100000000)
  eden space 16384K, 0% used [0x00000000eab00000,0x00000000eab00000,0x00000000ebb00000)
  from space 2560K, 99% used [0x00000000ebd80000,0x00000000ebffc020,0x00000000ec000000)
  to   space 2560K, 0% used [0x00000000ebb00000,0x00000000ebb00000,0x00000000ebd80000)
 ParOldGen       total 44032K, used 4060K [0x00000000c0000000, 0x00000000c2b00000, 0x00000000eab00000)
  object space 44032K, 9% used [0x00000000c0000000,0x00000000c03f7260,0x00000000c2b00000)
 Metaspace       used 5889K, capacity 6836K, committed 7040K, reserved 1056768K
  class space    used 602K, capacity 620K, committed 640K, reserved 1048576K
}

Deoptimization events (10 events):
Event: 2.116 Thread 0x0000000017ea0800 Uncommon trap: reason=unstable_if action=reinterpret pc=0x00000000034a7eac method=com.android.dx.rop.code.RegisterSpecSet.put(Lcom/android/dx/rop/code/RegisterSpec;)V @ 77
Event: 2.157 Thread 0x000000000188e000 Uncommon trap: reason=null_check action=make_not_entrant pc=0x00000000034db2a8 method=com.android.dx.rop.type.Type.equals(Ljava/lang/Object;)Z @ 8
Event: 2.180 Thread 0x000000000188e000 Uncommon trap: reason=null_check action=make_not_entrant pc=0x000000000352f338 method=com.android.dx.ssa.SsaRenamer.getLocalForNewReg(I)Lcom/android/dx/rop/code/LocalItem; @ 19
Event: 2.186 Thread 0x0000000017eb2800 Uncommon trap: reason=unstable_if action=reinterpret pc=0x00000000034dd288 method=com.android.dx.ssa.SsaRenamer$BlockRenamer.addMapping(ILcom/android/dx/rop/code/RegisterSpec;)V @ 120
Event: 2.504 Thread 0x0000000017ea0800 Uncommon trap: reason=class_check action=maybe_recompile pc=0x000000000365c770 method=com.android.dx.ssa.SCCP.setLatticeValueTo(IILcom/android/dx/rop/cst/Constant;)Z @ 43
Event: 2.504 Thread 0x0000000017ea0800 Uncommon trap: reason=class_check action=maybe_recompile pc=0x000000000365c770 method=com.android.dx.ssa.SCCP.setLatticeValueTo(IILcom/android/dx/rop/cst/Constant;)Z @ 43
Event: 2.504 Thread 0x0000000017ea0800 Uncommon trap: reason=class_check action=maybe_recompile pc=0x000000000365c770 method=com.android.dx.ssa.SCCP.setLatticeValueTo(IILcom/android/dx/rop/cst/Constant;)Z @ 43
Event: 2.504 Thread 0x0000000017ea0800 Uncommon trap: reason=class_check action=maybe_recompile pc=0x000000000365c770 method=com.android.dx.ssa.SCCP.setLatticeValueTo(IILcom/android/dx/rop/cst/Constant;)Z @ 43
Event: 2.554 Thread 0x0000000017eb2800 Uncommon trap: reason=bimorphic action=maybe_recompile pc=0x0000000003489af8 method=java.util.HashMap.getNode(ILjava/lang/Object;)Ljava/util/HashMap$Node; @ 126
Event: 2.554 Thread 0x0000000017eb2800 Uncommon trap: reason=class_check action=maybe_recompile pc=0x00000000035c3970 method=java.util.HashMap.putVal(ILjava/lang/Object;Ljava/lang/Object;ZZ)Ljava/lang/Object; @ 203

Internal exceptions (4 events):
Event: 0.090 Thread 0x000000000188e000 Exception <a 'java/lang/NoSuchMethodError': Method sun.misc.Unsafe.defineClass(Ljava/lang/String;[BII)Ljava/lang/Class; name or signature does not match> (0x00000000eab07cc0) thrown at [C:\re\workspace\8-2-build-windows-amd64-cygwin\jdk8u101\7261\hotspot\sôî³¾ø¶?
Event: 0.090 Thread 0x000000000188e000 Exception <a 'java/lang/NoSuchMethodError': Method sun.misc.Unsafe.prefetchRead(Ljava/lang/Object;J)V name or signature does not match> (0x00000000eab07fa8) thrown at [C:\re\workspace\8-2-build-windows-amd64-cygwin\jdk8u101\7261\hotspot\src\share\vm\prims\Ì§î“.B@
Event: 2.157 Thread 0x000000000188e000 Implicit null exception at 0x00000000034db1a2 to 0x00000000034db29a
Event: 2.180 Thread 0x000000000188e000 Implicit null exception at 0x000000000352d4ce to 0x000000000352f2ed

Events (10 events):
Event: 2.554 Thread 0x0000000017eb2800 DEOPT PACKING pc=0x00000000035c3970 sp=0x0000000018f8e570
Event: 2.554 Thread 0x0000000017eb2800 DEOPT UNPACKING pc=0x00000000032b582a sp=0x0000000018f8e498 mode 2
Event: 2.560 Thread 0x0000000017eb2800 DEOPT PACKING pc=0x00000000035dab0f sp=0x0000000018f8e450
Event: 2.560 Thread 0x0000000017eb2800 DEOPT UNPACKING pc=0x00000000032b787f sp=0x0000000018f8e240 mode 0
Event: 2.566 Thread 0x0000000017eb2800 DEOPT PACKING pc=0x0000000003561575 sp=0x0000000018f8e3a0
Event: 2.566 Thread 0x0000000017eb2800 DEOPT UNPACKING pc=0x00000000032b787f sp=0x0000000018f8e108 mode 0
Event: 2.569 Thread 0x0000000017eb2800 DEOPT PACKING pc=0x0000000003561575 sp=0x0000000018f8e3a0
Event: 2.569 Thread 0x0000000017eb2800 DEOPT UNPACKING pc=0x00000000032b787f sp=0x0000000018f8e108 mode 0
Event: 2.570 Thread 0x0000000017eb2800 DEOPT PACKING pc=0x0000000003561575 sp=0x0000000018f8e3a0
Event: 2.570 Thread 0x0000000017eb2800 DEOPT UNPACKING pc=0x00000000032b787f sp=0x0000000018f8e108 mode 0


Dynamic libraries:
0x00007ff606f30000 - 0x00007ff606f67000 	C:\Program Files\Java\jdk1.8.0_101\bin\java.exe
0x00007ffa02220000 - 0x00007ffa023f1000 	C:\WINDOWS\SYSTEM32\ntdll.dll
0x00007ff9ff810000 - 0x00007ff9ff8bb000 	C:\WINDOWS\System32\KERNEL32.DLL
0x00007ff9ff4e0000 - 0x00007ff9ff6fd000 	C:\WINDOWS\System32\KERNELBASE.dll
0x00007ffa00470000 - 0x00007ffa00512000 	C:\WINDOWS\System32\ADVAPI32.dll
0x00007ff9ff8c0000 - 0x00007ff9ff95e000 	C:\WINDOWS\System32\msvcrt.dll
0x00007ffa01d10000 - 0x00007ffa01d69000 	C:\WINDOWS\System32\sechost.dll
0x00007ffa01ac0000 - 0x00007ffa01be1000 	C:\WINDOWS\System32\RPCRT4.dll
0x00007ffa01dd0000 - 0x00007ffa01f35000 	C:\WINDOWS\System32\USER32.dll
0x00007ff9fe990000 - 0x00007ff9fe9ae000 	C:\WINDOWS\System32\win32u.dll
0x00007ffa01a80000 - 0x00007ffa01ab4000 	C:\WINDOWS\System32\GDI32.dll
0x00007ff9fe9b0000 - 0x00007ff9feb32000 	C:\WINDOWS\System32\gdi32full.dll
0x00007ff9f4900000 - 0x00007ff9f4b79000 	C:\WINDOWS\WinSxS\amd64_microsoft.windows.common-controls_6595b64144ccf1df_6.0.14393.447_none_42191651c6827bb3\COMCTL32.dll
0x00007ff9ff9d0000 - 0x00007ff9ffc97000 	C:\WINDOWS\System32\combase.dll
0x00007ff9fed00000 - 0x00007ff9fedf5000 	C:\WINDOWS\System32\ucrtbase.dll
0x00007ff9fec90000 - 0x00007ff9fecfa000 	C:\WINDOWS\System32\bcryptPrimitives.dll
0x00007ffa00520000 - 0x00007ffa0054e000 	C:\WINDOWS\System32\IMM32.DLL
0x0000000072540000 - 0x0000000072612000 	C:\Program Files\Java\jdk1.8.0_101\jre\bin\msvcr100.dll
0x0000000071ca0000 - 0x000000007253a000 	C:\Program Files\Java\jdk1.8.0_101\jre\bin\server\jvm.dll
0x00007ff9ffe50000 - 0x00007ff9ffe58000 	C:\WINDOWS\System32\PSAPI.DLL
0x00007ff9fc850000 - 0x00007ff9fc873000 	C:\WINDOWS\SYSTEM32\WINMM.dll
0x00007ff9f4eb0000 - 0x00007ff9f4eba000 	C:\WINDOWS\SYSTEM32\VERSION.dll
0x00007ff9f4830000 - 0x00007ff9f4839000 	C:\WINDOWS\SYSTEM32\WSOCK32.dll
0x00007ff9fc790000 - 0x00007ff9fc7bb000 	C:\WINDOWS\SYSTEM32\WINMMBASE.dll
0x00007ff9fe940000 - 0x00007ff9fe982000 	C:\WINDOWS\System32\cfgmgr32.dll
0x00007ffa00290000 - 0x00007ffa002fa000 	C:\WINDOWS\System32\WS2_32.dll
0x0000000072960000 - 0x000000007296f000 	C:\Program Files\Java\jdk1.8.0_101\jre\bin\verify.dll
0x0000000071c70000 - 0x0000000071c99000 	C:\Program Files\Java\jdk1.8.0_101\jre\bin\java.dll
0x0000000071c50000 - 0x0000000071c66000 	C:\Program Files\Java\jdk1.8.0_101\jre\bin\zip.dll
0x00007ffa00570000 - 0x00007ffa01a79000 	C:\WINDOWS\System32\SHELL32.dll
0x00007ff9fee00000 - 0x00007ff9ff4da000 	C:\WINDOWS\System32\windows.storage.dll
0x00007ff9fe6c0000 - 0x00007ff9fe70c000 	C:\WINDOWS\System32\powrprof.dll
0x00007ffa01d70000 - 0x00007ffa01dc2000 	C:\WINDOWS\System32\shlwapi.dll
0x00007ff9fe6a0000 - 0x00007ff9fe6af000 	C:\WINDOWS\System32\kernel.appcore.dll
0x00007ff9febe0000 - 0x00007ff9fec89000 	C:\WINDOWS\System32\shcore.dll
0x00007ff9fe680000 - 0x00007ff9fe694000 	C:\WINDOWS\System32\profapi.dll

VM Arguments:
jvm_args: -Djava.awt.headless=true -Xmx1024M -Dfile.encoding=windows-1252 -Duser.country=FR -Duser.language=fr -Duser.variant 
java_command: com.android.dx.command.Main --dex --force-jumbo --num-threads=4 --multi-dex --output C:\EPSI\B3\Java\Sudoku\app\build\intermediates\transforms\dex\debug\folders\1000\10\instant-run_5b951abea21b89c4172a2350a582db5709f2c0d7 C:\EPSI\B3\Java\Sudoku\app\build\intermediates\incremental-runtime-classes\debug\instant-run.jar
java_class_path (initial): C:\Program Files\Android\build-tools\25.0.2\lib\dx.jar
Launcher Type: SUN_STANDARD

Environment Variables:
PATH=C:\ProgramData\Oracle\Java\javapath;C:\WINDOWS\system32;C:\WINDOWS;C:\WINDOWS\System32\Wbem;C:\WINDOWS\System32\WindowsPowerShell\v1.0\;C:\Program Files (x86)\Skype\Phone\;C:\Program Files\Microsoft SQL Server\120\Tools\Binn\;C:\Program Files\Git\cmd;C:\Program Files\Microsoft SQL Server\Client SDK\ODBC\110\Tools\Binn\;C:\Program Files (x86)\Microsoft SQL Server\130\Tools\Binn\;C:\Program Files\Microsoft SQL Server\130\Tools\Binn\;C:\Program Files\Microsoft SQL Server\130\DTS\Binn\;C:\Program Files (x86)\Microsoft SQL Server\130\Tools\Binn\ManagementStudio\;C:\Program Files (x86)\Microsoft SQL Server\130\DTS\Binn\;C:\Users\zedyfis\.dnx\bin;C:\Program Files\Microsoft DNX\Dnvm\;C:\Program Files (x86)\Windows Kits\10\Windows Performance Toolkit\;C:\Program Files (x86)\NVIDIA Corporation\PhysX\Common;%SystemRoot%\system32;%SystemRoot%;%SystemRoot%\System32\Wbem;%SYSTEMROOT%\System32\WindowsPowerShell\v1.0\;C:\Program Files\Java\jdk1.8.0_101\bin\;C:\Program Files (x86)\Nmap
USERNAME=zedyfis
OS=Windows_NT
PROCESSOR_IDENTIFIER=Intel64 Family 6 Model 60 Stepping 3, GenuineIntel



---------------  S Y S T E M  ---------------

OS: Windows 10.0 , 64 bit Build 14393 (10.0.14393.0)

CPU:total 8 (4 cores per cpu, 2 threads per core) family 6 model 60 stepping 3, cmov, cx8, fxsr, mmx, sse, sse2, sse3, ssse3, sse4.1, sse4.2, popcnt, avx, avx2, aes, clmul, erms, lzcnt, ht, tsc, tscinvbit, bmi1, bmi2

Memory: 4k page, physical 4112628k(212540k free), swap 5544180k(3588k free)

vm_info: Java HotSpot(TM) 64-Bit Server VM (25.101-b13) for windows-amd64 JRE (1.8.0_101-b13), built on Jun 22 2016 01:21:29 by "java_re" with MS VC++ 10.0 (VS2010)

time: Mon Feb 06 23:07:55 2017
elapsed time: 2 seconds (0d 0h 0m 2s)

